#
# A fatal error has been detected by the Java Runtime Environment:
#
#  EXCEPTION_ACCESS_VIOLATION (0xc0000005) at pc=0x00007fffb250d089, pid=12032, tid=21232
#
# JRE version: OpenJDK Runtime Environment Temurin-17.0.4+8 (17.0.4+8) (build 17.0.4+8)
# Java VM: OpenJDK 64-Bit Server VM Temurin-17.0.4+8 (17.0.4+8, mixed mode, sharing, tiered, compressed oops, compressed class ptrs, g1 gc, windows-amd64)
# Problematic frame:
# C  [nvoglv64.dll+0xcdd089]
#
# No core dump will be written. Minidumps are not enabled by default on client versions of Windows
#
# If you would like to submit a bug report, please visit:
#   https://github.com/adoptium/adoptium-support/issues
# The crash happened outside the Java Virtual Machine in native code.
# See problematic frame for where to report the bug.
#

---------------  S U M M A R Y ------------

Command Line: -javaagent:C:\Program Files\JetBrains\IntelliJ IDEA 2022.2\lib\idea_rt.jar=57184:C:\Program Files\JetBrains\IntelliJ IDEA 2022.2\bin -Dfile.encoding=UTF-8 projekt.Projekt

Host: AMD Ryzen 9 5950X 16-Core Processor            , 32 cores, 31G,  Windows 10 , 64 bit Build 19041 (10.0.19041.2364)
Time: Thu Jan 12 19:49:48 2023 W. Europe Standard Time elapsed time: 0.751485 seconds (0d 0h 0m 0s)

---------------  T H R E A D  ---------------

Current thread (0x000002615e0b6430):  JavaThread "main" [_thread_in_native, id=21232, stack(0x0000008839b00000,0x0000008839c00000)]

Stack: [0x0000008839b00000,0x0000008839c00000],  sp=0x0000008839bff410,  free space=1021k
Native frames: (J=compiled Java code, j=interpreted, Vv=VM code, C=native code)
C  [nvoglv64.dll+0xcdd089]

Java frames: (J=compiled Java code, j=interpreted, Vv=VM code)
j  org.lwjgl.opengl.GL11C.nglDrawElements(IIIJ)V+0
j  org.lwjgl.opengl.GL11C.glDrawElements(IIIJ)V+4
j  org.lwjgl.opengl.GL11.glDrawElements(IIIJ)V+4
j  projekt.Projekt.render()V+38
j  lenz.opengl.AbstractOpenGLBase.start(Ljava/lang/String;II)V+61
j  projekt.Projekt.main([Ljava/lang/String;)V+15
v  ~StubRoutines::call_stub

siginfo: EXCEPTION_ACCESS_VIOLATION (0xc0000005), reading address 0x000000000000008c


Register to memory mapping:

RIP=0x00007fffb250d089 nvoglv64.dll
RAX=0x000000013731d36c is an unknown value
RBX=0x0000000000000001 is an unknown value
RCX=0x0 is NULL
RDX=0x0000000c27f24239 is an unknown value
RSP=0x0000008839bff410 is pointing into the stack for thread: 0x000002615e0b6430
RBP=0x0000000000000024 is an unknown value
RSI=0x0000000000000024 is an unknown value
RDI=0x0000000000001405 is an unknown value
R8 =0x000000000000001d is an unknown value
R9 =0x0 is NULL
R10=0x0000000000000001 is an unknown value
R11=0xfffffffff96c814d is an unknown value
R12=0x0000000000000004 is an unknown value
R13=0x000002617f055080 points into unknown readable memory: 0x0000000000000000 | 00 00 00 00 00 00 00 00
R14=0x0 is NULL
R15=0x000002617f055e58 points into unknown readable memory: 0x0000000000000006 | 06 00 00 00 00 00 00 00


Registers:
RAX=0x000000013731d36c, RBX=0x0000000000000001, RCX=0x0000000000000000, RDX=0x0000000c27f24239
RSP=0x0000008839bff410, RBP=0x0000000000000024, RSI=0x0000000000000024, RDI=0x0000000000001405
R8 =0x000000000000001d, R9 =0x0000000000000000, R10=0x0000000000000001, R11=0xfffffffff96c814d
R12=0x0000000000000004, R13=0x000002617f055080, R14=0x0000000000000000, R15=0x000002617f055e58
RIP=0x00007fffb250d089, EFLAGS=0x0000000000010246

Top of Stack: (sp=0x0000008839bff410)
0x0000008839bff410:   0000000000000001 000002615e0b6400
0x0000008839bff420:   0000000000000000 00000000000000b8
0x0000008839bff430:   0000000000000000 0000000000000000
0x0000008839bff440:   0000000000000000 0000000000000000
0x0000008839bff450:   0000000000000000 0000000000000000
0x0000008839bff460:   000002617f055e58 000002617d86f8e0
0x0000008839bff470:   000002610000000e 000000000017555d
0x0000008839bff480:   000002617d592b28 0000000000000000
0x0000008839bff490:   0000008839bff638 0000000000001405
0x0000008839bff4a0:   0000000000000004 000002617f055080
0x0000008839bff4b0:   0000000000000024 0000008839bff5f8
0x0000008839bff4c0:   0000000000000000 00007fffb216fd46
0x0000008839bff4d0:   0000000000000110 0000026100000004
0x0000008839bff4e0:   0000008800000000 00007fff00000000
0x0000008839bff4f0:   0000000000000090 0000026100001405
0x0000008839bff500:   0000000000000000 0000026100000000 

Instructions: (pc=0x00007fffb250d089)
0x00007fffb250cf89:   57 48 83 ec 78 4c 8b b9 08 03 00 00 4c 8b e9 48
0x00007fffb250cf99:   63 ac 24 e0 00 00 00 44 8b c2 8b bc 24 e8 00 00
0x00007fffb250cfa9:   00 8b d5 4c 8b b4 24 f0 00 00 00 8b cf 45 8b 57
0x00007fffb250cfb9:   14 41 8b 47 18 41 f7 d2 45 23 57 0c 41 0b c2 d1
0x00007fffb250cfc9:   e9 83 e1 03 4c 89 7c 24 50 d3 e2 f7 d0 41 23 47
0x00007fffb250cfd9:   10 41 80 7f 1e 00 89 94 24 e0 00 00 00 0f 85 64
0x00007fffb250cfe9:   08 00 00 41 80 bd 5c ec 55 00 00 0f 85 56 08 00
0x00007fffb250cff9:   00 85 ed 0f 8e 4e 08 00 00 41 83 f8 0e 0f 87 44
0x00007fffb250d009:   08 00 00 41 3b 95 a8 ee 55 00 0f 8f 37 08 00 00
0x00007fffb250d019:   41 83 7f 08 00 0f 85 2c 08 00 00 41 80 7f 1d 00
0x00007fffb250d029:   0f 85 21 08 00 00 41 80 7f 1c 00 0f 85 16 08 00
0x00007fffb250d039:   00 41 80 bd 65 38 55 00 00 0f 85 08 08 00 00 41
0x00007fffb250d049:   80 bd 6c 38 55 00 00 0f 85 fa 07 00 00 a9 00 00
0x00007fffb250d059:   03 00 0f 85 ef 07 00 00 44 0b d0 45 85 57 20 0f
0x00007fffb250d069:   85 e2 07 00 00 bb 01 00 00 00 49 8d 8d 00 f0 55
0x00007fffb250d079:   00 8b d3 e8 bf 93 e7 ff 81 ff 05 14 00 00 75 18
0x00007fffb250d089:   41 8b 44 ae fc 4c 8d 65 ff 41 8b 0e 8b f8 3b c8
0x00007fffb250d099:   0f 47 f9 0f 42 c1 eb 5b 81 ff 03 14 00 00 75 24
0x00007fffb250d0a9:   41 0f b7 4c 6e fe 4c 8d 65 ff 41 0f b7 16 0f b7
0x00007fffb250d0b9:   c1 66 3b d1 66 0f 47 c2 66 0f 42 ca 0f b7 f8 0f
0x00007fffb250d0c9:   b7 c1 eb 2f 81 ff 01 14 00 00 0f 85 77 07 00 00
0x00007fffb250d0d9:   42 0f b6 54 35 ff 4c 8d 65 ff 45 0f b6 06 8b ca
0x00007fffb250d0e9:   44 3a c2 41 0f 47 c8 0f b6 f9 8b ca 41 0f 42 c8
0x00007fffb250d0f9:   0f b6 c1 49 8b cf 8d 75 ff 2b f8 e8 47 0b 00 00
0x00007fffb250d109:   45 8b 57 78 41 8b c2 0f af c7 44 89 94 24 c0 00
0x00007fffb250d119:   00 00 41 3b 85 ac ee 55 00 0f 8f 21 07 00 00 8b
0x00007fffb250d129:   84 24 e8 00 00 00 0f 29 74 24 60 3d 05 14 00 00
0x00007fffb250d139:   0f 85 f6 00 00 00 45 8b 3e 41 8b ff 49 8d 56 04
0x00007fffb250d149:   3b eb 0f 8e 70 03 00 00 83 fe 08 0f 82 b1 00 00
0x00007fffb250d159:   00 83 3d df e3 1d 02 02 0f 8c a4 00 00 00 81 e6
0x00007fffb250d169:   07 00 00 80 7d 07 ff ce 83 ce f8 ff c6 66 41 0f
0x00007fffb250d179:   6e cf 8b c5 66 0f 70 c9 00 2b c6 66 0f 6f d9 66 


Stack slot to memory mapping:
stack at sp + 0 slots: 0x0000000000000001 is an unknown value
stack at sp + 1 slots: 0x000002615e0b6400 points into unknown readable memory: 0x0000000000000000 | 00 00 00 00 00 00 00 00
stack at sp + 2 slots: 0x0 is NULL
stack at sp + 3 slots: 0x00000000000000b8 is an unknown value
stack at sp + 4 slots: 0x0 is NULL
stack at sp + 5 slots: 0x0 is NULL
stack at sp + 6 slots: 0x0 is NULL
stack at sp + 7 slots: 0x0 is NULL


---------------  P R O C E S S  ---------------

Threads class SMR info:
_java_thread_list=0x000002611413c3e0, length=17, elements={
0x000002615e0b6430, 0x000002617cb374a0, 0x000002617cb39960, 0x000002617cb42ee0,
0x000002617cb458a0, 0x000002617cb47000, 0x000002617cb48150, 0x000002617cb4f540,
0x000002617cb54c20, 0x000002617cb5e1f0, 0x000002617cc49300, 0x000002617cc72fa0,
0x000002617cc73560, 0x000002617d851260, 0x000002617d852150, 0x00000261141a8e00,
0x000002611428ac20
}

Java Threads: ( => current thread )
=>0x000002615e0b6430 JavaThread "main" [_thread_in_native, id=21232, stack(0x0000008839b00000,0x0000008839c00000)]
  0x000002617cb374a0 JavaThread "Reference Handler" daemon [_thread_blocked, id=26676, stack(0x000000883a200000,0x000000883a300000)]
  0x000002617cb39960 JavaThread "Finalizer" daemon [_thread_blocked, id=10672, stack(0x000000883a300000,0x000000883a400000)]
  0x000002617cb42ee0 JavaThread "Signal Dispatcher" daemon [_thread_blocked, id=6468, stack(0x000000883a400000,0x000000883a500000)]
  0x000002617cb458a0 JavaThread "Attach Listener" daemon [_thread_blocked, id=1980, stack(0x000000883a500000,0x000000883a600000)]
  0x000002617cb47000 JavaThread "Service Thread" daemon [_thread_blocked, id=11900, stack(0x000000883a600000,0x000000883a700000)]
  0x000002617cb48150 JavaThread "Monitor Deflation Thread" daemon [_thread_blocked, id=11040, stack(0x000000883a700000,0x000000883a800000)]
  0x000002617cb4f540 JavaThread "C2 CompilerThread0" daemon [_thread_blocked, id=2912, stack(0x000000883a800000,0x000000883a900000)]
  0x000002617cb54c20 JavaThread "C1 CompilerThread0" daemon [_thread_blocked, id=1208, stack(0x000000883a900000,0x000000883aa00000)]
  0x000002617cb5e1f0 JavaThread "Sweeper thread" daemon [_thread_blocked, id=17188, stack(0x000000883aa00000,0x000000883ab00000)]
  0x000002617cc49300 JavaThread "Common-Cleaner" daemon [_thread_blocked, id=26940, stack(0x000000883ab00000,0x000000883ac00000)]
  0x000002617cc72fa0 JavaThread "C1 CompilerThread1" daemon [_thread_blocked, id=28112, stack(0x000000883ac00000,0x000000883ad00000)]
  0x000002617cc73560 JavaThread "C1 CompilerThread2" daemon [_thread_blocked, id=24456, stack(0x000000883ad00000,0x000000883ae00000)]
  0x000002617d851260 JavaThread "Monitor Ctrl-Break" daemon [_thread_in_native, id=28308, stack(0x000000883af00000,0x000000883b000000)]
  0x000002617d852150 JavaThread "Notification Thread" daemon [_thread_blocked, id=29440, stack(0x000000883b000000,0x000000883b100000)]
  0x00000261141a8e00 JavaThread "C2 CompilerThread1" daemon [_thread_blocked, id=17100, stack(0x000000883ae00000,0x000000883af00000)]
  0x000002611428ac20 JavaThread "Java2D Disposer" daemon [_thread_blocked, id=9516, stack(0x000000883b900000,0x000000883ba00000)]

Other Threads:
  0x000002617b5461f0 VMThread "VM Thread" [stack: 0x000000883a100000,0x000000883a200000] [id=19028]
  0x000002615e186680 WatcherThread [stack: 0x000000883b100000,0x000000883b200000] [id=13432]
  0x000002615e1649a0 GCTaskThread "GC Thread#0" [stack: 0x0000008839c00000,0x0000008839d00000] [id=18784]
  0x000002615e0d38f0 ConcurrentGCThread "G1 Main Marker" [stack: 0x0000008839d00000,0x0000008839e00000] [id=22044]
  0x000002615e1786f0 ConcurrentGCThread "G1 Conc#0" [stack: 0x0000008839e00000,0x0000008839f00000] [id=13044]
  0x000002617b480510 ConcurrentGCThread "G1 Refine#0" [stack: 0x0000008839f00000,0x000000883a000000] [id=10580]
  0x000002617b480d40 ConcurrentGCThread "G1 Service" [stack: 0x000000883a000000,0x000000883a100000] [id=21792]

Threads with active compile tasks:

VM state: not at safepoint (normal execution)

VM Mutex/Monitor currently owned by a thread: None

Heap address: 0x0000000601c00000, size: 8164 MB, Compressed Oops mode: Zero based, Oop shift amount: 3

CDS archive(s) mapped at: [0x0000000800000000-0x0000000800bc0000-0x0000000800bc0000), size 12320768, SharedBaseAddress: 0x0000000800000000, ArchiveRelocationMode: 0.
Compressed class space mapped at: 0x0000000800c00000-0x0000000840c00000, reserved size: 1073741824
Narrow klass base: 0x0000000800000000, Narrow klass shift: 0, Narrow klass range: 0x100000000

GC Precious Log:
 CPUs: 32 total, 32 available
 Memory: 32653M
 Large Page Support: Disabled
 NUMA Support: Disabled
 Compressed Oops: Enabled (Zero based)
 Heap Region Size: 4M
 Heap Min Capacity: 8M
 Heap Initial Capacity: 512M
 Heap Max Capacity: 8164M
 Pre-touch: Disabled
 Parallel Workers: 23
 Concurrent Workers: 6
 Concurrent Refinement Workers: 23
 Periodic GC: Disabled

Heap:
 garbage-first heap   total 524288K, used 16384K [0x0000000601c00000, 0x0000000800000000)
  region size 4096K, 6 young (24576K), 0 survivors (0K)
 Metaspace       used 6109K, committed 6336K, reserved 1056768K
  class space    used 440K, committed 512K, reserved 1048576K

Heap Regions: E=young(eden), S=young(survivor), O=old, HS=humongous(starts), HC=humongous(continues), CS=collection set, F=free, OA=open archive, CA=closed archive, TAMS=top-at-mark-start (previous, next)
|   0|0x0000000601c00000, 0x0000000601c00000, 0x0000000602000000|  0%| F|  |TAMS 0x0000000601c00000, 0x0000000601c00000| Untracked 
|   1|0x0000000602000000, 0x0000000602000000, 0x0000000602400000|  0%| F|  |TAMS 0x0000000602000000, 0x0000000602000000| Untracked 
|   2|0x0000000602400000, 0x0000000602400000, 0x0000000602800000|  0%| F|  |TAMS 0x0000000602400000, 0x0000000602400000| Untracked 
|   3|0x0000000602800000, 0x0000000602800000, 0x0000000602c00000|  0%| F|  |TAMS 0x0000000602800000, 0x0000000602800000| Untracked 
|   4|0x0000000602c00000, 0x0000000602c00000, 0x0000000603000000|  0%| F|  |TAMS 0x0000000602c00000, 0x0000000602c00000| Untracked 
|   5|0x0000000603000000, 0x0000000603000000, 0x0000000603400000|  0%| F|  |TAMS 0x0000000603000000, 0x0000000603000000| Untracked 
|   6|0x0000000603400000, 0x0000000603400000, 0x0000000603800000|  0%| F|  |TAMS 0x0000000603400000, 0x0000000603400000| Untracked 
|   7|0x0000000603800000, 0x0000000603800000, 0x0000000603c00000|  0%| F|  |TAMS 0x0000000603800000, 0x0000000603800000| Untracked 
|   8|0x0000000603c00000, 0x0000000603c00000, 0x0000000604000000|  0%| F|  |TAMS 0x0000000603c00000, 0x0000000603c00000| Untracked 
|   9|0x0000000604000000, 0x0000000604000000, 0x0000000604400000|  0%| F|  |TAMS 0x0000000604000000, 0x0000000604000000| Untracked 
|  10|0x0000000604400000, 0x0000000604400000, 0x0000000604800000|  0%| F|  |TAMS 0x0000000604400000, 0x0000000604400000| Untracked 
|  11|0x0000000604800000, 0x0000000604800000, 0x0000000604c00000|  0%| F|  |TAMS 0x0000000604800000, 0x0000000604800000| Untracked 
|  12|0x0000000604c00000, 0x0000000604c00000, 0x0000000605000000|  0%| F|  |TAMS 0x0000000604c00000, 0x0000000604c00000| Untracked 
|  13|0x0000000605000000, 0x0000000605000000, 0x0000000605400000|  0%| F|  |TAMS 0x0000000605000000, 0x0000000605000000| Untracked 
|  14|0x0000000605400000, 0x0000000605400000, 0x0000000605800000|  0%| F|  |TAMS 0x0000000605400000, 0x0000000605400000| Untracked 
|  15|0x0000000605800000, 0x0000000605800000, 0x0000000605c00000|  0%| F|  |TAMS 0x0000000605800000, 0x0000000605800000| Untracked 
|  16|0x0000000605c00000, 0x0000000605c00000, 0x0000000606000000|  0%| F|  |TAMS 0x0000000605c00000, 0x0000000605c00000| Untracked 
|  17|0x0000000606000000, 0x0000000606000000, 0x0000000606400000|  0%| F|  |TAMS 0x0000000606000000, 0x0000000606000000| Untracked 
|  18|0x0000000606400000, 0x0000000606400000, 0x0000000606800000|  0%| F|  |TAMS 0x0000000606400000, 0x0000000606400000| Untracked 
|  19|0x0000000606800000, 0x0000000606800000, 0x0000000606c00000|  0%| F|  |TAMS 0x0000000606800000, 0x0000000606800000| Untracked 
|  20|0x0000000606c00000, 0x0000000606c00000, 0x0000000607000000|  0%| F|  |TAMS 0x0000000606c00000, 0x0000000606c00000| Untracked 
|  21|0x0000000607000000, 0x0000000607000000, 0x0000000607400000|  0%| F|  |TAMS 0x0000000607000000, 0x0000000607000000| Untracked 
|  22|0x0000000607400000, 0x0000000607400000, 0x0000000607800000|  0%| F|  |TAMS 0x0000000607400000, 0x0000000607400000| Untracked 
|  23|0x0000000607800000, 0x0000000607800000, 0x0000000607c00000|  0%| F|  |TAMS 0x0000000607800000, 0x0000000607800000| Untracked 
|  24|0x0000000607c00000, 0x0000000607c00000, 0x0000000608000000|  0%| F|  |TAMS 0x0000000607c00000, 0x0000000607c00000| Untracked 
|  25|0x0000000608000000, 0x0000000608000000, 0x0000000608400000|  0%| F|  |TAMS 0x0000000608000000, 0x0000000608000000| Untracked 
|  26|0x0000000608400000, 0x0000000608400000, 0x0000000608800000|  0%| F|  |TAMS 0x0000000608400000, 0x0000000608400000| Untracked 
|  27|0x0000000608800000, 0x0000000608800000, 0x0000000608c00000|  0%| F|  |TAMS 0x0000000608800000, 0x0000000608800000| Untracked 
|  28|0x0000000608c00000, 0x0000000608c00000, 0x0000000609000000|  0%| F|  |TAMS 0x0000000608c00000, 0x0000000608c00000| Untracked 
|  29|0x0000000609000000, 0x0000000609000000, 0x0000000609400000|  0%| F|  |TAMS 0x0000000609000000, 0x0000000609000000| Untracked 
|  30|0x0000000609400000, 0x0000000609400000, 0x0000000609800000|  0%| F|  |TAMS 0x0000000609400000, 0x0000000609400000| Untracked 
|  31|0x0000000609800000, 0x0000000609800000, 0x0000000609c00000|  0%| F|  |TAMS 0x0000000609800000, 0x0000000609800000| Untracked 
|  32|0x0000000609c00000, 0x0000000609c00000, 0x000000060a000000|  0%| F|  |TAMS 0x0000000609c00000, 0x0000000609c00000| Untracked 
|  33|0x000000060a000000, 0x000000060a000000, 0x000000060a400000|  0%| F|  |TAMS 0x000000060a000000, 0x000000060a000000| Untracked 
|  34|0x000000060a400000, 0x000000060a400000, 0x000000060a800000|  0%| F|  |TAMS 0x000000060a400000, 0x000000060a400000| Untracked 
|  35|0x000000060a800000, 0x000000060a800000, 0x000000060ac00000|  0%| F|  |TAMS 0x000000060a800000, 0x000000060a800000| Untracked 
|  36|0x000000060ac00000, 0x000000060ac00000, 0x000000060b000000|  0%| F|  |TAMS 0x000000060ac00000, 0x000000060ac00000| Untracked 
|  37|0x000000060b000000, 0x000000060b000000, 0x000000060b400000|  0%| F|  |TAMS 0x000000060b000000, 0x000000060b000000| Untracked 
|  38|0x000000060b400000, 0x000000060b400000, 0x000000060b800000|  0%| F|  |TAMS 0x000000060b400000, 0x000000060b400000| Untracked 
|  39|0x000000060b800000, 0x000000060b800000, 0x000000060bc00000|  0%| F|  |TAMS 0x000000060b800000, 0x000000060b800000| Untracked 
|  40|0x000000060bc00000, 0x000000060bc00000, 0x000000060c000000|  0%| F|  |TAMS 0x000000060bc00000, 0x000000060bc00000| Untracked 
|  41|0x000000060c000000, 0x000000060c000000, 0x000000060c400000|  0%| F|  |TAMS 0x000000060c000000, 0x000000060c000000| Untracked 
|  42|0x000000060c400000, 0x000000060c400000, 0x000000060c800000|  0%| F|  |TAMS 0x000000060c400000, 0x000000060c400000| Untracked 
|  43|0x000000060c800000, 0x000000060c800000, 0x000000060cc00000|  0%| F|  |TAMS 0x000000060c800000, 0x000000060c800000| Untracked 
|  44|0x000000060cc00000, 0x000000060cc00000, 0x000000060d000000|  0%| F|  |TAMS 0x000000060cc00000, 0x000000060cc00000| Untracked 
|  45|0x000000060d000000, 0x000000060d000000, 0x000000060d400000|  0%| F|  |TAMS 0x000000060d000000, 0x000000060d000000| Untracked 
|  46|0x000000060d400000, 0x000000060d400000, 0x000000060d800000|  0%| F|  |TAMS 0x000000060d400000, 0x000000060d400000| Untracked 
|  47|0x000000060d800000, 0x000000060d800000, 0x000000060dc00000|  0%| F|  |TAMS 0x000000060d800000, 0x000000060d800000| Untracked 
|  48|0x000000060dc00000, 0x000000060dc00000, 0x000000060e000000|  0%| F|  |TAMS 0x000000060dc00000, 0x000000060dc00000| Untracked 
|  49|0x000000060e000000, 0x000000060e000000, 0x000000060e400000|  0%| F|  |TAMS 0x000000060e000000, 0x000000060e000000| Untracked 
|  50|0x000000060e400000, 0x000000060e400000, 0x000000060e800000|  0%| F|  |TAMS 0x000000060e400000, 0x000000060e400000| Untracked 
|  51|0x000000060e800000, 0x000000060e800000, 0x000000060ec00000|  0%| F|  |TAMS 0x000000060e800000, 0x000000060e800000| Untracked 
|  52|0x000000060ec00000, 0x000000060ec00000, 0x000000060f000000|  0%| F|  |TAMS 0x000000060ec00000, 0x000000060ec00000| Untracked 
|  53|0x000000060f000000, 0x000000060f000000, 0x000000060f400000|  0%| F|  |TAMS 0x000000060f000000, 0x000000060f000000| Untracked 
|  54|0x000000060f400000, 0x000000060f400000, 0x000000060f800000|  0%| F|  |TAMS 0x000000060f400000, 0x000000060f400000| Untracked 
|  55|0x000000060f800000, 0x000000060f800000, 0x000000060fc00000|  0%| F|  |TAMS 0x000000060f800000, 0x000000060f800000| Untracked 
|  56|0x000000060fc00000, 0x000000060fc00000, 0x0000000610000000|  0%| F|  |TAMS 0x000000060fc00000, 0x000000060fc00000| Untracked 
|  57|0x0000000610000000, 0x0000000610000000, 0x0000000610400000|  0%| F|  |TAMS 0x0000000610000000, 0x0000000610000000| Untracked 
|  58|0x0000000610400000, 0x0000000610400000, 0x0000000610800000|  0%| F|  |TAMS 0x0000000610400000, 0x0000000610400000| Untracked 
|  59|0x0000000610800000, 0x0000000610800000, 0x0000000610c00000|  0%| F|  |TAMS 0x0000000610800000, 0x0000000610800000| Untracked 
|  60|0x0000000610c00000, 0x0000000610c00000, 0x0000000611000000|  0%| F|  |TAMS 0x0000000610c00000, 0x0000000610c00000| Untracked 
|  61|0x0000000611000000, 0x0000000611000000, 0x0000000611400000|  0%| F|  |TAMS 0x0000000611000000, 0x0000000611000000| Untracked 
|  62|0x0000000611400000, 0x0000000611400000, 0x0000000611800000|  0%| F|  |TAMS 0x0000000611400000, 0x0000000611400000| Untracked 
|  63|0x0000000611800000, 0x0000000611800000, 0x0000000611c00000|  0%| F|  |TAMS 0x0000000611800000, 0x0000000611800000| Untracked 
|  64|0x0000000611c00000, 0x0000000611c00000, 0x0000000612000000|  0%| F|  |TAMS 0x0000000611c00000, 0x0000000611c00000| Untracked 
|  65|0x0000000612000000, 0x0000000612000000, 0x0000000612400000|  0%| F|  |TAMS 0x0000000612000000, 0x0000000612000000| Untracked 
|  66|0x0000000612400000, 0x0000000612400000, 0x0000000612800000|  0%| F|  |TAMS 0x0000000612400000, 0x0000000612400000| Untracked 
|  67|0x0000000612800000, 0x0000000612800000, 0x0000000612c00000|  0%| F|  |TAMS 0x0000000612800000, 0x0000000612800000| Untracked 
|  68|0x0000000612c00000, 0x0000000612c00000, 0x0000000613000000|  0%| F|  |TAMS 0x0000000612c00000, 0x0000000612c00000| Untracked 
|  69|0x0000000613000000, 0x0000000613000000, 0x0000000613400000|  0%| F|  |TAMS 0x0000000613000000, 0x0000000613000000| Untracked 
|  70|0x0000000613400000, 0x0000000613400000, 0x0000000613800000|  0%| F|  |TAMS 0x0000000613400000, 0x0000000613400000| Untracked 
|  71|0x0000000613800000, 0x0000000613800000, 0x0000000613c00000|  0%| F|  |TAMS 0x0000000613800000, 0x0000000613800000| Untracked 
|  72|0x0000000613c00000, 0x0000000613c00000, 0x0000000614000000|  0%| F|  |TAMS 0x0000000613c00000, 0x0000000613c00000| Untracked 
|  73|0x0000000614000000, 0x0000000614000000, 0x0000000614400000|  0%| F|  |TAMS 0x0000000614000000, 0x0000000614000000| Untracked 
|  74|0x0000000614400000, 0x0000000614400000, 0x0000000614800000|  0%| F|  |TAMS 0x0000000614400000, 0x0000000614400000| Untracked 
|  75|0x0000000614800000, 0x0000000614800000, 0x0000000614c00000|  0%| F|  |TAMS 0x0000000614800000, 0x0000000614800000| Untracked 
|  76|0x0000000614c00000, 0x0000000614c00000, 0x0000000615000000|  0%| F|  |TAMS 0x0000000614c00000, 0x0000000614c00000| Untracked 
|  77|0x0000000615000000, 0x0000000615000000, 0x0000000615400000|  0%| F|  |TAMS 0x0000000615000000, 0x0000000615000000| Untracked 
|  78|0x0000000615400000, 0x0000000615400000, 0x0000000615800000|  0%| F|  |TAMS 0x0000000615400000, 0x0000000615400000| Untracked 
|  79|0x0000000615800000, 0x0000000615800000, 0x0000000615c00000|  0%| F|  |TAMS 0x0000000615800000, 0x0000000615800000| Untracked 
|  80|0x0000000615c00000, 0x0000000615c00000, 0x0000000616000000|  0%| F|  |TAMS 0x0000000615c00000, 0x0000000615c00000| Untracked 
|  81|0x0000000616000000, 0x0000000616000000, 0x0000000616400000|  0%| F|  |TAMS 0x0000000616000000, 0x0000000616000000| Untracked 
|  82|0x0000000616400000, 0x0000000616400000, 0x0000000616800000|  0%| F|  |TAMS 0x0000000616400000, 0x0000000616400000| Untracked 
|  83|0x0000000616800000, 0x0000000616800000, 0x0000000616c00000|  0%| F|  |TAMS 0x0000000616800000, 0x0000000616800000| Untracked 
|  84|0x0000000616c00000, 0x0000000616c00000, 0x0000000617000000|  0%| F|  |TAMS 0x0000000616c00000, 0x0000000616c00000| Untracked 
|  85|0x0000000617000000, 0x0000000617000000, 0x0000000617400000|  0%| F|  |TAMS 0x0000000617000000, 0x0000000617000000| Untracked 
|  86|0x0000000617400000, 0x0000000617400000, 0x0000000617800000|  0%| F|  |TAMS 0x0000000617400000, 0x0000000617400000| Untracked 
|  87|0x0000000617800000, 0x0000000617800000, 0x0000000617c00000|  0%| F|  |TAMS 0x0000000617800000, 0x0000000617800000| Untracked 
|  88|0x0000000617c00000, 0x0000000617c00000, 0x0000000618000000|  0%| F|  |TAMS 0x0000000617c00000, 0x0000000617c00000| Untracked 
|  89|0x0000000618000000, 0x0000000618000000, 0x0000000618400000|  0%| F|  |TAMS 0x0000000618000000, 0x0000000618000000| Untracked 
|  90|0x0000000618400000, 0x0000000618400000, 0x0000000618800000|  0%| F|  |TAMS 0x0000000618400000, 0x0000000618400000| Untracked 
|  91|0x0000000618800000, 0x0000000618800000, 0x0000000618c00000|  0%| F|  |TAMS 0x0000000618800000, 0x0000000618800000| Untracked 
|  92|0x0000000618c00000, 0x0000000618c00000, 0x0000000619000000|  0%| F|  |TAMS 0x0000000618c00000, 0x0000000618c00000| Untracked 
|  93|0x0000000619000000, 0x0000000619000000, 0x0000000619400000|  0%| F|  |TAMS 0x0000000619000000, 0x0000000619000000| Untracked 
|  94|0x0000000619400000, 0x0000000619400000, 0x0000000619800000|  0%| F|  |TAMS 0x0000000619400000, 0x0000000619400000| Untracked 
|  95|0x0000000619800000, 0x0000000619800000, 0x0000000619c00000|  0%| F|  |TAMS 0x0000000619800000, 0x0000000619800000| Untracked 
|  96|0x0000000619c00000, 0x0000000619c00000, 0x000000061a000000|  0%| F|  |TAMS 0x0000000619c00000, 0x0000000619c00000| Untracked 
|  97|0x000000061a000000, 0x000000061a000000, 0x000000061a400000|  0%| F|  |TAMS 0x000000061a000000, 0x000000061a000000| Untracked 
|  98|0x000000061a400000, 0x000000061a400000, 0x000000061a800000|  0%| F|  |TAMS 0x000000061a400000, 0x000000061a400000| Untracked 
|  99|0x000000061a800000, 0x000000061a800000, 0x000000061ac00000|  0%| F|  |TAMS 0x000000061a800000, 0x000000061a800000| Untracked 
| 100|0x000000061ac00000, 0x000000061ac00000, 0x000000061b000000|  0%| F|  |TAMS 0x000000061ac00000, 0x000000061ac00000| Untracked 
| 101|0x000000061b000000, 0x000000061b000000, 0x000000061b400000|  0%| F|  |TAMS 0x000000061b000000, 0x000000061b000000| Untracked 
| 102|0x000000061b400000, 0x000000061b400000, 0x000000061b800000|  0%| F|  |TAMS 0x000000061b400000, 0x000000061b400000| Untracked 
| 103|0x000000061b800000, 0x000000061b800000, 0x000000061bc00000|  0%| F|  |TAMS 0x000000061b800000, 0x000000061b800000| Untracked 
| 104|0x000000061bc00000, 0x000000061bc00000, 0x000000061c000000|  0%| F|  |TAMS 0x000000061bc00000, 0x000000061bc00000| Untracked 
| 105|0x000000061c000000, 0x000000061c000000, 0x000000061c400000|  0%| F|  |TAMS 0x000000061c000000, 0x000000061c000000| Untracked 
| 106|0x000000061c400000, 0x000000061c400000, 0x000000061c800000|  0%| F|  |TAMS 0x000000061c400000, 0x000000061c400000| Untracked 
| 107|0x000000061c800000, 0x000000061c800000, 0x000000061cc00000|  0%| F|  |TAMS 0x000000061c800000, 0x000000061c800000| Untracked 
| 108|0x000000061cc00000, 0x000000061cc00000, 0x000000061d000000|  0%| F|  |TAMS 0x000000061cc00000, 0x000000061cc00000| Untracked 
| 109|0x000000061d000000, 0x000000061d000000, 0x000000061d400000|  0%| F|  |TAMS 0x000000061d000000, 0x000000061d000000| Untracked 
| 110|0x000000061d400000, 0x000000061d400000, 0x000000061d800000|  0%| F|  |TAMS 0x000000061d400000, 0x000000061d400000| Untracked 
| 111|0x000000061d800000, 0x000000061d800000, 0x000000061dc00000|  0%| F|  |TAMS 0x000000061d800000, 0x000000061d800000| Untracked 
| 112|0x000000061dc00000, 0x000000061dc00000, 0x000000061e000000|  0%| F|  |TAMS 0x000000061dc00000, 0x000000061dc00000| Untracked 
| 113|0x000000061e000000, 0x000000061e000000, 0x000000061e400000|  0%| F|  |TAMS 0x000000061e000000, 0x000000061e000000| Untracked 
| 114|0x000000061e400000, 0x000000061e400000, 0x000000061e800000|  0%| F|  |TAMS 0x000000061e400000, 0x000000061e400000| Untracked 
| 115|0x000000061e800000, 0x000000061e800000, 0x000000061ec00000|  0%| F|  |TAMS 0x000000061e800000, 0x000000061e800000| Untracked 
| 116|0x000000061ec00000, 0x000000061ec00000, 0x000000061f000000|  0%| F|  |TAMS 0x000000061ec00000, 0x000000061ec00000| Untracked 
| 117|0x000000061f000000, 0x000000061f000000, 0x000000061f400000|  0%| F|  |TAMS 0x000000061f000000, 0x000000061f000000| Untracked 
| 118|0x000000061f400000, 0x000000061f400000, 0x000000061f800000|  0%| F|  |TAMS 0x000000061f400000, 0x000000061f400000| Untracked 
| 119|0x000000061f800000, 0x000000061f800000, 0x000000061fc00000|  0%| F|  |TAMS 0x000000061f800000, 0x000000061f800000| Untracked 
| 120|0x000000061fc00000, 0x000000061fc00000, 0x0000000620000000|  0%| F|  |TAMS 0x000000061fc00000, 0x000000061fc00000| Untracked 
| 121|0x0000000620000000, 0x0000000620000000, 0x0000000620400000|  0%| F|  |TAMS 0x0000000620000000, 0x0000000620000000| Untracked 
| 122|0x0000000620400000, 0x0000000620800000, 0x0000000620800000|100%| E|  |TAMS 0x0000000620400000, 0x0000000620400000| Complete 
| 123|0x0000000620800000, 0x0000000620c00000, 0x0000000620c00000|100%| E|CS|TAMS 0x0000000620800000, 0x0000000620800000| Complete 
| 124|0x0000000620c00000, 0x0000000621000000, 0x0000000621000000|100%| E|CS|TAMS 0x0000000620c00000, 0x0000000620c00000| Complete 
| 125|0x0000000621000000, 0x0000000621400000, 0x0000000621400000|100%| E|CS|TAMS 0x0000000621000000, 0x0000000621000000| Complete 
| 126|0x0000000621400000, 0x0000000621800000, 0x0000000621800000|100%| E|  |TAMS 0x0000000621400000, 0x0000000621400000| Complete 
| 127|0x0000000621800000, 0x0000000621c00000, 0x0000000621c00000|100%| E|CS|TAMS 0x0000000621800000, 0x0000000621800000| Complete 

Card table byte_map: [0x0000026176ed0000,0x0000026177ed0000] _byte_map_base: 0x0000026173ec2000

Marking Bits (Prev, Next): (CMBitMap*) 0x000002615e164fb0, (CMBitMap*) 0x000002615e164ff0
 Prev Bits: [0x0000026100000000, 0x0000026107f90000)
 Next Bits: [0x0000026107f90000, 0x000002610ff20000)

Polling page: 0x000002615c0a0000

Metaspace:

Usage:
  Non-class:      5.54 MB used.
      Class:    440.67 KB used.
       Both:      5.97 MB used.

Virtual space:
  Non-class space:        8.00 MB reserved,       5.69 MB ( 71%) committed,  1 nodes.
      Class space:        1.00 GB reserved,     512.00 KB ( <1%) committed,  1 nodes.
             Both:        1.01 GB reserved,       6.19 MB ( <1%) committed. 

Chunk freelists:
   Non-Class:  1.80 MB
       Class:  3.51 MB
        Both:  5.31 MB

MaxMetaspaceSize: unlimited
CompressedClassSpaceSize: 1.00 GB
Initial GC threshold: 21.00 MB
Current GC threshold: 21.00 MB
CDS: on
MetaspaceReclaimPolicy: balanced
 - commit_granule_bytes: 65536.
 - commit_granule_words: 8192.
 - virtual_space_node_default_size: 1048576.
 - enlarge_chunks_in_place: 1.
 - new_chunks_are_fully_committed: 0.
 - uncommit_free_chunks: 1.
 - use_allocation_guard: 0.
 - handle_deallocations: 1.


Internal statistics:

num_allocs_failed_limit: 0.
num_arena_births: 134.
num_arena_deaths: 0.
num_vsnodes_births: 2.
num_vsnodes_deaths: 0.
num_space_committed: 97.
num_space_uncommitted: 0.
num_chunks_returned_to_freelist: 0.
num_chunks_taken_from_freelist: 251.
num_chunk_merges: 0.
num_chunk_splits: 158.
num_chunks_enlarged: 93.
num_purges: 0.
num_inconsistent_stats: 0.

CodeHeap 'non-profiled nmethods': size=118848Kb used=320Kb max_used=320Kb free=118527Kb
 bounds [0x000002616d790000, 0x000002616da00000, 0x0000026174ba0000]
CodeHeap 'profiled nmethods': size=118848Kb used=1910Kb max_used=1910Kb free=116937Kb
 bounds [0x0000026166380000, 0x00000261665f0000, 0x000002616d790000]
CodeHeap 'non-nmethods': size=8064Kb used=2712Kb max_used=2726Kb free=5351Kb
 bounds [0x0000026165ba0000, 0x0000026165e50000, 0x0000026166380000]
 total_blobs=2082 nmethods=1072 adapters=921
 compilation: enabled
              stopped_count=0, restarted_count=0
 full_count=0

Compilation events (20 events):
Event: 0.748 Thread 0x000002617cc73560 1064       3       jdk.internal.math.FloatingDecimal::parseFloat (10 bytes)
Event: 0.748 Thread 0x000002617cb4f540 1066       4       java.lang.String::indexOf (29 bytes)
Event: 0.748 Thread 0x000002617cc73560 nmethod 1064 0x000002616654a390 code [0x000002616654a540, 0x000002616654a718]
Event: 0.748 Thread 0x000002617cc72fa0 nmethod 1063 0x000002616654a810 code [0x000002616654a9c0, 0x000002616654abf8]
Event: 0.748 Thread 0x000002617cc73560 1065       3       jdk.internal.math.FloatingDecimal$ASCIIToBinaryBuffer::<init> (26 bytes)
Event: 0.748 Thread 0x000002617cc72fa0 1068       3       java.lang.String::split (327 bytes)
Event: 0.748 Thread 0x000002617cc73560 nmethod 1065 0x000002616654ad10 code [0x000002616654aea0, 0x000002616654b078]
Event: 0.748 Thread 0x000002617cc73560 1067       3       java.lang.String::split (7 bytes)
Event: 0.748 Thread 0x000002617cc73560 nmethod 1067 0x000002616654b110 code [0x000002616654b2a0, 0x000002616654b3e8]
Event: 0.748 Thread 0x000002617cc73560 1069       3       java.util.ArrayList::subList (20 bytes)
Event: 0.748 Thread 0x000002617cc73560 nmethod 1069 0x000002616654b490 code [0x000002616654b660, 0x000002616654ba28]
Event: 0.748 Thread 0x000002617cc73560 1070       3       java.util.AbstractList::subListRangeCheck (110 bytes)
Event: 0.748 Thread 0x000002617cb4f540 nmethod 1066 0x000002616d7dfb90 code [0x000002616d7dfd20, 0x000002616d7dff38]
Event: 0.748 Thread 0x000002617cc73560 nmethod 1070 0x000002616654bb90 code [0x000002616654bf40, 0x000002616654d288]
Event: 0.748 Thread 0x000002617cc73560 1071       3       java.util.ArrayList$SubList::<init> (35 bytes)
Event: 0.749 Thread 0x000002617cc73560 nmethod 1071 0x000002616654d990 code [0x000002616654db40, 0x000002616654de18]
Event: 0.749 Thread 0x000002617cc73560 1072       3       java.util.ArrayList$SubList::toArray (79 bytes)
Event: 0.749 Thread 0x000002617cc73560 nmethod 1072 0x000002616654df90 code [0x000002616654e180, 0x000002616654e848]
Event: 0.749 Thread 0x000002617cc73560 1073       3       java.util.ArrayList$SubList::checkForComodification (23 bytes)
Event: 0.749 Thread 0x000002617cc73560 nmethod 1073 0x000002616654ea10 code [0x000002616654ebc0, 0x000002616654ed88]

GC Heap History (0 events):
No events

Deoptimization events (20 events):
Event: 0.702 Thread 0x000002615e0b6430 DEOPT PACKING pc=0x000002616651e120 sp=0x0000008839bfe620
Event: 0.702 Thread 0x000002615e0b6430 DEOPT UNPACKING pc=0x0000026165bf2b43 sp=0x0000008839bfdaf8 mode 0
Event: 0.703 Thread 0x000002615e0b6430 DEOPT PACKING pc=0x000002616651e120 sp=0x0000008839bfe620
Event: 0.703 Thread 0x000002615e0b6430 DEOPT UNPACKING pc=0x0000026165bf2b43 sp=0x0000008839bfdaf8 mode 0
Event: 0.703 Thread 0x000002615e0b6430 DEOPT PACKING pc=0x000002616651e120 sp=0x0000008839bfe620
Event: 0.703 Thread 0x000002615e0b6430 DEOPT UNPACKING pc=0x0000026165bf2b43 sp=0x0000008839bfdaf8 mode 0
Event: 0.703 Thread 0x000002615e0b6430 DEOPT PACKING pc=0x000002616651e120 sp=0x0000008839bfe620
Event: 0.703 Thread 0x000002615e0b6430 DEOPT UNPACKING pc=0x0000026165bf2b43 sp=0x0000008839bfdaf8 mode 0
Event: 0.703 Thread 0x000002615e0b6430 DEOPT PACKING pc=0x000002616651e120 sp=0x0000008839bfe620
Event: 0.703 Thread 0x000002615e0b6430 DEOPT UNPACKING pc=0x0000026165bf2b43 sp=0x0000008839bfdaf8 mode 0
Event: 0.703 Thread 0x000002615e0b6430 DEOPT PACKING pc=0x000002616651e120 sp=0x0000008839bfe620
Event: 0.703 Thread 0x000002615e0b6430 DEOPT UNPACKING pc=0x0000026165bf2b43 sp=0x0000008839bfdaf8 mode 0
Event: 0.703 Thread 0x000002615e0b6430 DEOPT PACKING pc=0x000002616651e120 sp=0x0000008839bfe620
Event: 0.703 Thread 0x000002615e0b6430 DEOPT UNPACKING pc=0x0000026165bf2b43 sp=0x0000008839bfdaf8 mode 0
Event: 0.703 Thread 0x000002615e0b6430 DEOPT PACKING pc=0x000002616651e120 sp=0x0000008839bfe620
Event: 0.703 Thread 0x000002615e0b6430 DEOPT UNPACKING pc=0x0000026165bf2b43 sp=0x0000008839bfdaf8 mode 0
Event: 0.703 Thread 0x000002615e0b6430 DEOPT PACKING pc=0x000002616651e120 sp=0x0000008839bfe620
Event: 0.703 Thread 0x000002615e0b6430 DEOPT UNPACKING pc=0x0000026165bf2b43 sp=0x0000008839bfdaf8 mode 0
Event: 0.703 Thread 0x000002615e0b6430 DEOPT PACKING pc=0x000002616651e120 sp=0x0000008839bfe620
Event: 0.703 Thread 0x000002615e0b6430 DEOPT UNPACKING pc=0x0000026165bf2b43 sp=0x0000008839bfdaf8 mode 0

Classes unloaded (0 events):
No events

Classes redefined (0 events):
No events

Internal exceptions (20 events):
Event: 0.100 Thread 0x000002615e0b6430 Exception <a 'java/lang/NoSuchMethodError'{0x00000006215d4e88}: 'int java.lang.invoke.DirectMethodHandle$Holder.invokeSpecial(java.lang.Object, java.lang.Object, java.lang.Object)'> (0x00000006215d4e88) 
thrown [s\src\hotspot\share\interpreter\linkResolver.cpp, line 759]
Event: 0.115 Thread 0x000002615e0b6430 Exception <a 'sun/nio/fs/WindowsException'{0x00000006216311a0}> (0x00000006216311a0) 
thrown [s\src\hotspot\share\prims\jni.cpp, line 516]
Event: 0.115 Thread 0x000002615e0b6430 Exception <a 'sun/nio/fs/WindowsException'{0x00000006216316f0}> (0x00000006216316f0) 
thrown [s\src\hotspot\share\prims\jni.cpp, line 516]
Event: 0.120 Thread 0x000002615e0b6430 Exception <a 'java/lang/NoSuchMethodError'{0x000000062165aae0}: 'int java.lang.invoke.DirectMethodHandle$Holder.invokeStaticInit(java.lang.Object, java.lang.Object, int, long)'> (0x000000062165aae0) 
thrown [s\src\hotspot\share\interpreter\linkResolver.cpp, line 759]
Event: 0.120 Thread 0x000002615e0b6430 Exception <a 'java/lang/NoSuchMethodError'{0x00000006216603a8}: 'java.lang.Object java.lang.invoke.DirectMethodHandle$Holder.newInvokeSpecial(java.lang.Object, java.lang.Object, int)'> (0x00000006216603a8) 
thrown [s\src\hotspot\share\interpreter\linkResolver.cpp, line 759]
Event: 0.121 Thread 0x000002615e0b6430 Exception <a 'java/lang/NoSuchMethodError'{0x000000062166f0f8}: 'int java.lang.invoke.DirectMethodHandle$Holder.invokeStaticInit(java.lang.Object, java.lang.Object, long, long)'> (0x000000062166f0f8) 
thrown [s\src\hotspot\share\interpreter\linkResolver.cpp, line 759]
Event: 0.121 Thread 0x000002615e0b6430 Exception <a 'java/lang/NoSuchMethodError'{0x0000000621675458}: 'java.lang.Object java.lang.invoke.DirectMethodHandle$Holder.newInvokeSpecial(java.lang.Object, java.lang.Object, long)'> (0x0000000621675458) 
thrown [s\src\hotspot\share\interpreter\linkResolver.cpp, line 759]
Event: 0.122 Thread 0x000002615e0b6430 Exception <a 'java/lang/NoSuchMethodError'{0x00000006216794a0}: 'java.lang.Object java.lang.invoke.Invokers$Holder.linkToTargetMethod(java.lang.Object, long, java.lang.Object)'> (0x00000006216794a0) 
thrown [s\src\hotspot\share\interpreter\linkResolver.cpp, line 759]
Event: 0.122 Thread 0x000002615e0b6430 Exception <a 'java/lang/NoSuchMethodError'{0x0000000621680bb8}: 'int java.lang.invoke.DirectMethodHandle$Holder.invokeStaticInit(java.lang.Object, java.lang.Object, java.lang.Object, long)'> (0x0000000621680bb8) 
thrown [s\src\hotspot\share\interpreter\linkResolver.cpp, line 759]
Event: 0.133 Thread 0x000002615e0b6430 Exception <a 'sun/nio/fs/WindowsException'{0x0000000621725088}> (0x0000000621725088) 
thrown [s\src\hotspot\share\prims\jni.cpp, line 516]
Event: 0.133 Thread 0x000002615e0b6430 Exception <a 'sun/nio/fs/WindowsException'{0x00000006217253e8}> (0x00000006217253e8) 
thrown [s\src\hotspot\share\prims\jni.cpp, line 516]
Event: 0.561 Thread 0x000002615e0b6430 Exception <a 'sun/nio/fs/WindowsException'{0x00000006217a3a70}> (0x00000006217a3a70) 
thrown [s\src\hotspot\share\prims\jni.cpp, line 516]
Event: 0.561 Thread 0x000002615e0b6430 Exception <a 'sun/nio/fs/WindowsException'{0x00000006217a3e18}> (0x00000006217a3e18) 
thrown [s\src\hotspot\share\prims\jni.cpp, line 516]
Event: 0.563 Thread 0x000002615e0b6430 Exception <a 'sun/nio/fs/WindowsException'{0x00000006217acb18}> (0x00000006217acb18) 
thrown [s\src\hotspot\share\prims\jni.cpp, line 516]
Event: 0.563 Thread 0x000002615e0b6430 Exception <a 'sun/nio/fs/WindowsException'{0x00000006217acdf8}> (0x00000006217acdf8) 
thrown [s\src\hotspot\share\prims\jni.cpp, line 516]
Event: 0.624 Thread 0x000002615e0b6430 Exception <a 'java/lang/ClassNotFoundException'{0x0000000621281308}: sun/awt/resources/spi/awtProvider> (0x0000000621281308) 
thrown [s\src\hotspot\share\classfile\systemDictionary.cpp, line 256]
Event: 0.633 Thread 0x000002615e0b6430 Exception <a 'java/io/FileNotFoundException'{0x00000006212ce788}> (0x00000006212ce788) 
thrown [s\src\hotspot\share\prims\jni.cpp, line 516]
Event: 0.636 Thread 0x000002615e0b6430 Exception <a 'java/io/FileNotFoundException'{0x00000006212fb908}> (0x00000006212fb908) 
thrown [s\src\hotspot\share\prims\jni.cpp, line 516]
Event: 0.649 Thread 0x000002615e0b6430 Exception <a 'java/lang/NoSuchMethodError'{0x0000000621370be8}: 'java.lang.Object java.lang.invoke.DirectMethodHandle$Holder.invokeStaticInit(java.lang.Object, int, int, int, int)'> (0x0000000621370be8) 
thrown [s\src\hotspot\share\interpreter\linkResolver.cpp, line 759]
Event: 0.675 Thread 0x000002615e0b6430 Exception <a 'java/lang/NoSuchMethodError'{0x0000000620c08890}: 'java.lang.Object java.lang.invoke.DirectMethodHandle$Holder.invokeStaticInit(java.lang.Object, java.lang.Object, int, int, int, int)'> (0x0000000620c08890) 
thrown [s\src\hotspot\share\interpreter\linkResolver.cpp, line 759]

VM Operations (6 events):
Event: 0.083 Executing VM operation: HandshakeAllThreads
Event: 0.083 Executing VM operation: HandshakeAllThreads done
Event: 0.621 Executing VM operation: HandshakeAllThreads
Event: 0.621 Executing VM operation: HandshakeAllThreads done
Event: 0.643 Executing VM operation: HandshakeAllThreads
Event: 0.643 Executing VM operation: HandshakeAllThreads done

Events (20 events):
Event: 0.733 loading class java/io/FilePermission$1
Event: 0.733 loading class jdk/internal/access/JavaIOFilePermissionAccess
Event: 0.733 loading class jdk/internal/access/JavaIOFilePermissionAccess done
Event: 0.733 loading class java/io/FilePermission$1 done
Event: 0.733 loading class sun/java2d/cmm/lcms/LCMSTransform$NativeTransform
Event: 0.733 loading class sun/java2d/cmm/lcms/LCMSTransform$NativeTransform done
Event: 0.736 loading class com/sun/imageio/plugins/jpeg/JPEGImageReader$3
Event: 0.736 loading class com/sun/imageio/plugins/jpeg/JPEGImageReader$3 done
Event: 0.737 loading class java/awt/image/ColorConvertOp
Event: 0.737 loading class java/awt/image/BufferedImageOp
Event: 0.737 loading class java/awt/image/BufferedImageOp done
Event: 0.737 loading class java/awt/image/RasterOp
Event: 0.737 loading class java/awt/image/RasterOp done
Event: 0.737 loading class java/awt/image/ColorConvertOp done
Event: 0.737 loading class sun/java2d/cmm/lcms/LCMSImageLayout$BandOrder
Event: 0.737 loading class sun/java2d/cmm/lcms/LCMSImageLayout$BandOrder done
Event: 0.737 loading class sun/java2d/cmm/lcms/LCMSImageLayout$1
Event: 0.737 loading class sun/java2d/cmm/lcms/LCMSImageLayout$1 done
Event: 0.742 loading class java/io/FileReader
Event: 0.742 loading class java/io/FileReader done


Dynamic libraries:
0x00007ff681860000 - 0x00007ff68186e000 	C:\Program Files\Eclipse Adoptium\jdk-17.0.4.8-hotspot\bin\java.exe
0x00007ff837f30000 - 0x00007ff838128000 	C:\Windows\SYSTEM32\ntdll.dll
0x00007ff8376b0000 - 0x00007ff83776f000 	C:\Windows\System32\KERNEL32.DLL
0x00007ff835a50000 - 0x00007ff835d22000 	C:\Windows\System32\KERNELBASE.dll
0x00007ff8358a0000 - 0x00007ff8359a0000 	C:\Windows\System32\ucrtbase.dll
0x00007ff830ca0000 - 0x00007ff830cb9000 	C:\Program Files\Eclipse Adoptium\jdk-17.0.4.8-hotspot\bin\VCRUNTIME140.dll
0x00007ff830cc0000 - 0x00007ff830cd8000 	C:\Program Files\Eclipse Adoptium\jdk-17.0.4.8-hotspot\bin\jli.dll
0x00007ff837a10000 - 0x00007ff837bb1000 	C:\Windows\System32\USER32.dll
0x00007ff835a20000 - 0x00007ff835a42000 	C:\Windows\System32\win32u.dll
0x00007ff822700000 - 0x00007ff82299a000 	C:\Windows\WinSxS\amd64_microsoft.windows.common-controls_6595b64144ccf1df_6.0.19041.1110_none_60b5254171f9507e\COMCTL32.dll
0x00007ff8369e0000 - 0x00007ff836a0b000 	C:\Windows\System32\GDI32.dll
0x00007ff836940000 - 0x00007ff8369de000 	C:\Windows\System32\msvcrt.dll
0x00007ff835d30000 - 0x00007ff835e3f000 	C:\Windows\System32\gdi32full.dll
0x00007ff835ed0000 - 0x00007ff835f6d000 	C:\Windows\System32\msvcp_win.dll
0x00007ff8379d0000 - 0x00007ff837a02000 	C:\Windows\System32\IMM32.DLL
0x00007ff830c90000 - 0x00007ff830c9c000 	C:\Program Files\Eclipse Adoptium\jdk-17.0.4.8-hotspot\bin\vcruntime140_1.dll
0x00007ff830bf0000 - 0x00007ff830c81000 	C:\Program Files\Eclipse Adoptium\jdk-17.0.4.8-hotspot\bin\msvcp140.dll
0x00007fffbec60000 - 0x00007fffbf8a6000 	C:\Program Files\Eclipse Adoptium\jdk-17.0.4.8-hotspot\bin\server\jvm.dll
0x00007ff837ca0000 - 0x00007ff837d4e000 	C:\Windows\System32\ADVAPI32.dll
0x00007ff836010000 - 0x00007ff8360ac000 	C:\Windows\System32\sechost.dll
0x00007ff8374f0000 - 0x00007ff837615000 	C:\Windows\System32\RPCRT4.dll
0x00007ff836000000 - 0x00007ff836008000 	C:\Windows\System32\PSAPI.DLL
0x00007ff826bd0000 - 0x00007ff826bf7000 	C:\Windows\SYSTEM32\WINMM.dll
0x00007ff81a850000 - 0x00007ff81a859000 	C:\Windows\SYSTEM32\WSOCK32.dll
0x00007ff82eb10000 - 0x00007ff82eb1a000 	C:\Windows\SYSTEM32\VERSION.dll
0x00007ff837e20000 - 0x00007ff837e8b000 	C:\Windows\System32\WS2_32.dll
0x00007ff833e50000 - 0x00007ff833e62000 	C:\Windows\SYSTEM32\kernel.appcore.dll
0x00007ff830be0000 - 0x00007ff830bea000 	C:\Program Files\Eclipse Adoptium\jdk-17.0.4.8-hotspot\bin\jimage.dll
0x00007ff833ac0000 - 0x00007ff833ca4000 	C:\Windows\SYSTEM32\DBGHELP.DLL
0x00007ff818af0000 - 0x00007ff818b25000 	C:\Windows\SYSTEM32\dbgcore.DLL
0x00007ff835e40000 - 0x00007ff835ec2000 	C:\Windows\System32\bcryptPrimitives.dll
0x00007ff82f220000 - 0x00007ff82f22e000 	C:\Program Files\Eclipse Adoptium\jdk-17.0.4.8-hotspot\bin\instrument.dll
0x00007ff8303e0000 - 0x00007ff830405000 	C:\Program Files\Eclipse Adoptium\jdk-17.0.4.8-hotspot\bin\java.dll
0x00007ff81f0a0000 - 0x00007ff81f176000 	C:\Program Files\Eclipse Adoptium\jdk-17.0.4.8-hotspot\bin\jsvml.dll
0x00007ff8360b0000 - 0x00007ff8367f4000 	C:\Windows\System32\SHELL32.dll
0x00007ff833260000 - 0x00007ff8339f2000 	C:\Windows\SYSTEM32\windows.storage.dll
0x00007ff836d20000 - 0x00007ff837075000 	C:\Windows\System32\combase.dll
0x00007ff834ec0000 - 0x00007ff834ef0000 	C:\Windows\SYSTEM32\Wldp.dll
0x00007ff837770000 - 0x00007ff83781d000 	C:\Windows\System32\SHCORE.dll
0x00007ff836ba0000 - 0x00007ff836bf5000 	C:\Windows\System32\shlwapi.dll
0x00007ff835560000 - 0x00007ff83557f000 	C:\Windows\SYSTEM32\profapi.dll
0x00007ff821380000 - 0x00007ff821398000 	C:\Program Files\Eclipse Adoptium\jdk-17.0.4.8-hotspot\bin\zip.dll
0x00007ff82f050000 - 0x00007ff82f069000 	C:\Program Files\Eclipse Adoptium\jdk-17.0.4.8-hotspot\bin\net.dll
0x00007ff82e160000 - 0x00007ff82e26c000 	C:\Windows\SYSTEM32\WINHTTP.dll
0x00007ff834ca0000 - 0x00007ff834d0a000 	C:\Windows\system32\mswsock.dll
0x00007ff82a610000 - 0x00007ff82a625000 	C:\Program Files\Eclipse Adoptium\jdk-17.0.4.8-hotspot\bin\nio.dll
0x00007ff821360000 - 0x00007ff82137a000 	C:\Program Files\JetBrains\IntelliJ IDEA 2022.2\bin\breakgen64.dll
0x00007ff81ee30000 - 0x00007ff81eea5000 	C:\Users\justi\AppData\Local\Temp\lwjgljusti\3.3.1-build-7\lwjgl.dll
0x00007ff812210000 - 0x00007ff812271000 	C:\Users\justi\AppData\Local\Temp\lwjgljusti\3.3.1-build-7\glfw.dll
0x00007ff81edb0000 - 0x00007ff81edf5000 	C:\Windows\SYSTEM32\dinput8.dll
0x00007ff821230000 - 0x00007ff821241000 	C:\Windows\SYSTEM32\xinput1_4.dll
0x00007ff8359d0000 - 0x00007ff835a1e000 	C:\Windows\System32\cfgmgr32.dll
0x00007ff8352f0000 - 0x00007ff83531c000 	C:\Windows\SYSTEM32\DEVOBJ.dll
0x00007ff832d90000 - 0x00007ff832dbf000 	C:\Windows\SYSTEM32\dwmapi.dll
0x00007ff8290b0000 - 0x00007ff829202000 	C:\Windows\SYSTEM32\inputhost.dll
0x00007ff836800000 - 0x00007ff8368cd000 	C:\Windows\System32\OLEAUT32.dll
0x00007ff8328c0000 - 0x00007ff8329b2000 	C:\Windows\SYSTEM32\CoreMessaging.dll
0x00007ff8321f0000 - 0x00007ff832344000 	C:\Windows\SYSTEM32\wintypes.dll
0x00007ff830d40000 - 0x00007ff830e36000 	C:\Windows\SYSTEM32\PROPSYS.dll
0x00007ff832430000 - 0x00007ff83278e000 	C:\Windows\SYSTEM32\CoreUIComponents.dll
0x00007ff834720000 - 0x00007ff834753000 	C:\Windows\SYSTEM32\ntmarta.dll
0x00007ff832b90000 - 0x00007ff832c2e000 	C:\Windows\system32\uxtheme.dll
0x00007fffdeec0000 - 0x00007fffdeff1000 	C:\ProgramData\A-Volute\A-Volute.28054DF1F58B4\Modules\ScheduledModules\x64\AudioDevProps2.dll
0x00007ff836a10000 - 0x00007ff836b3a000 	C:\Windows\System32\ole32.dll
0x00007fffdff30000 - 0x00007fffdffde000 	C:\ProgramData\A-Volute\A-Volute.28054DF1F58B4\Modules\ScheduledModules\x64\NahimicOSD.dll
0x00007ff8112c0000 - 0x00007ff8112e0000 	C:\ProgramData\A-Volute\A-Volute.28054DF1F58B4\Modules\ScheduledModules\x64\ProductInfo.dll
0x00007ffffbda0000 - 0x00007ffffbed1000 	C:\ProgramData\A-Volute\A-Volute.SonicStudio3\Modules\ScheduledModules\x64\AudioDevProps2.dll
0x000002617ecf0000 - 0x000002617ee05000 	C:\Windows\System32\MSCTF.dll
0x00007fffde940000 - 0x00007fffdea65000 	C:\Windows\SYSTEM32\opengl32.dll
0x00007fffde910000 - 0x00007fffde93c000 	C:\Windows\SYSTEM32\GLU32.dll
0x00007ff837d70000 - 0x00007ff837e1f000 	C:\Windows\System32\clbcatq.dll
0x00007fffb1830000 - 0x00007fffb49ea000 	C:\Windows\System32\DriverStore\FileRepository\nv_dispig.inf_amd64_70cfb45e19c20af4\nvoglv64.dll
0x00007ff837080000 - 0x00007ff8374e8000 	C:\Windows\System32\SETUPAPI.dll
0x00007ff82f6a0000 - 0x00007ff82f6b4000 	C:\Windows\SYSTEM32\WTSAPI32.dll
0x00007ff834e30000 - 0x00007ff834e3c000 	C:\Windows\SYSTEM32\CRYPTBASE.DLL
0x000002617cfd0000 - 0x000002617cff7000 	C:\Windows\System32\bcrypt.dll
0x00007ff835290000 - 0x00007ff8352a2000 	C:\Windows\SYSTEM32\msasn1.dll
0x00007ff82e6a0000 - 0x00007ff82e6d1000 	C:\Windows\SYSTEM32\cryptnet.dll
0x00007ff8356d0000 - 0x00007ff835826000 	C:\Windows\System32\CRYPT32.dll
0x00007ff82e550000 - 0x00007ff82e698000 	C:\Windows\SYSTEM32\drvstore.dll
0x00007ff835830000 - 0x00007ff835899000 	C:\Windows\System32\WINTRUST.dll
0x00007ff830410000 - 0x00007ff83044b000 	C:\Windows\SYSTEM32\dxcore.dll
0x00007ff835490000 - 0x00007ff8354db000 	C:\Windows\SYSTEM32\powrprof.dll
0x00007ff835470000 - 0x00007ff835482000 	C:\Windows\SYSTEM32\UMPDC.dll
0x00007ff835350000 - 0x00007ff8353b4000 	C:\Windows\SYSTEM32\WINSTA.dll
0x00007ff82b440000 - 0x00007ff82b60e000 	C:\Windows\SYSTEM32\d3d9.dll
0x00007ff837d50000 - 0x00007ff837d6d000 	C:\Windows\System32\imagehlp.dll
0x00007ff835220000 - 0x00007ff835238000 	C:\Windows\SYSTEM32\CRYPTSP.dll
0x00007ff8345e0000 - 0x00007ff834614000 	C:\Windows\system32\rsaenh.dll
0x00007ff829290000 - 0x00007ff829389000 	C:\Windows\SYSTEM32\textinputframework.dll
0x00007ff817850000 - 0x00007ff8178ad000 	C:\Users\justi\AppData\Local\Temp\lwjgljusti\3.3.1-build-7\lwjgl_opengl.dll
0x00007ff811b10000 - 0x00007ff811c9e000 	C:\Program Files\Eclipse Adoptium\jdk-17.0.4.8-hotspot\bin\awt.dll
0x00007ff8329c0000 - 0x00007ff832a51000 	C:\Windows\SYSTEM32\apphelp.dll
0x00007ff835520000 - 0x00007ff83554e000 	C:\Windows\SYSTEM32\USERENV.dll
0x00007ff8349b0000 - 0x00007ff8349eb000 	C:\Windows\SYSTEM32\IPHLPAPI.DLL
0x00007ff836930000 - 0x00007ff836938000 	C:\Windows\System32\NSI.dll
0x00007ff82ee40000 - 0x00007ff82ee57000 	C:\Windows\SYSTEM32\dhcpcsvc6.DLL
0x00007ff82ee20000 - 0x00007ff82ee3d000 	C:\Windows\SYSTEM32\dhcpcsvc.DLL
0x00007ff8349f0000 - 0x00007ff834aba000 	C:\Windows\SYSTEM32\DNSAPI.dll
0x00007ff817970000 - 0x00007ff81799d000 	C:\Program Files\Eclipse Adoptium\jdk-17.0.4.8-hotspot\bin\javajpeg.dll
0x00007ff812880000 - 0x00007ff8128c1000 	C:\Program Files\Eclipse Adoptium\jdk-17.0.4.8-hotspot\bin\lcms.dll

dbghelp: loaded successfully - version: 4.0.5 - missing functions: none
symbol engine: initialized successfully - sym options: 0x614 - pdb path: .;C:\Program Files\Eclipse Adoptium\jdk-17.0.4.8-hotspot\bin;C:\Windows\SYSTEM32;C:\Windows\WinSxS\amd64_microsoft.windows.common-controls_6595b64144ccf1df_6.0.19041.1110_none_60b5254171f9507e;C:\Program Files\Eclipse Adoptium\jdk-17.0.4.8-hotspot\bin\server;C:\Program Files\JetBrains\IntelliJ IDEA 2022.2\bin;C:\Users\justi\AppData\Local\Temp\lwjgljusti\3.3.1-build-7;C:\ProgramData\A-Volute\A-Volute.28054DF1F58B4\Modules\ScheduledModules\x64;C:\ProgramData\A-Volute\A-Volute.SonicStudio3\Modules\ScheduledModules\x64;C:\Windows\System32\DriverStore\FileRepository\nv_dispig.inf_amd64_70cfb45e19c20af4

VM Arguments:
jvm_args: -javaagent:C:\Program Files\JetBrains\IntelliJ IDEA 2022.2\lib\idea_rt.jar=57184:C:\Program Files\JetBrains\IntelliJ IDEA 2022.2\bin -Dfile.encoding=UTF-8 
java_command: projekt.Projekt
java_class_path (initial): C:\Users\justi\Documents\PROJECTS\Uni\Computergrafik\classes\production\Computergrafik;C:\Users\justi\Documents\PROJECTS\Uni\Computergrafik\lib\lwjgl.jar;C:\Users\justi\Documents\PROJECTS\Uni\Computergrafik\lib\lwjgl-glfw.jar;C:\Users\justi\Documents\PROJECTS\Uni\Computergrafik\lib\lwjgl-opengl.jar;C:\Users\justi\Documents\PROJECTS\Uni\Computergrafik\lib\lwjgl-javadoc.jar;C:\Users\justi\Documents\PROJECTS\Uni\Computergrafik\lib\lwjgl-sources.jar;C:\Users\justi\Documents\PROJECTS\Uni\Computergrafik\lib\lwjgl-glfw-javadoc.jar;C:\Users\justi\Documents\PROJECTS\Uni\Computergrafik\lib\lwjgl-glfw-sources.jar;C:\Users\justi\Documents\PROJECTS\Uni\Computergrafik\lib\lwjgl-natives-linux.jar;C:\Users\justi\Documents\PROJECTS\Uni\Computergrafik\lib\lwjgl-natives-macos.jar;C:\Users\justi\Documents\PROJECTS\Uni\Computergrafik\lib\lwjgl-opengl-javadoc.jar;C:\Users\justi\Documents\PROJECTS\Uni\Computergrafik\lib\lwjgl-opengl-sources.jar;C:\Users\justi\Documents\PROJECTS\Uni\Computergrafik\lib\lwjgl-natives-windows.jar;C:\Users\justi\Documents\PROJECTS\Uni\Computergrafik\lib\lwjgl-glfw-natives-linux.jar;C:\Users\justi\Documents\PROJECTS\Uni\Computergrafik\lib\lwjgl-glfw-natives-macos.jar;C:\Users\justi\Documents\PROJECTS\Uni\Computergrafik\lib\lwjgl-natives-linux-arm32.jar;C:\Users\justi\Documents\PROJECTS\Uni\Computergrafik\lib\lwjgl-natives-linux-arm64.jar;C:\Users\justi\Documents\PROJECTS\Uni\Computergrafik\lib\lwjgl-natives-macos-arm64.jar;C:\Users\justi\Documents\PROJECTS\Uni\Computergrafik\lib\lwjgl-natives-windows-x86.jar;C:\Users\justi\Documents\PROJECTS\Uni\Computergrafik\lib\lwjgl-glfw-natives-windows.jar;C:\Users\justi\Documents\PROJECTS\Uni\Computergrafik\lib\lwjgl-opengl-natives-linux.jar;C:\Users\justi\Documents\PROJECTS\Uni\Computergrafik\lib\lwjgl-opengl-natives-macos.jar;C:\Users\justi\Documents\PROJECTS\Uni\Computergrafik\lib\lwjgl-natives-windows-arm64.jar;C:\Users\justi\Documents\PROJECTS\Uni\Computergrafik\lib\lwjgl-opengl-natives-w
Launcher Type: SUN_STANDARD

[Global flags]
     intx CICompilerCount                          = 15                                        {product} {ergonomic}
     uint ConcGCThreads                            = 6                                         {product} {ergonomic}
     uint G1ConcRefinementThreads                  = 23                                        {product} {ergonomic}
   size_t G1HeapRegionSize                         = 4194304                                   {product} {ergonomic}
    uintx GCDrainStackTargetSize                   = 64                                        {product} {ergonomic}
   size_t InitialHeapSize                          = 536870912                                 {product} {ergonomic}
   size_t MarkStackSize                            = 4194304                                   {product} {ergonomic}
   size_t MaxHeapSize                              = 8560574464                                {product} {ergonomic}
   size_t MaxNewSize                               = 5133828096                                {product} {ergonomic}
   size_t MinHeapDeltaBytes                        = 4194304                                   {product} {ergonomic}
   size_t MinHeapSize                              = 8388608                                   {product} {ergonomic}
    uintx NonNMethodCodeHeapSize                   = 8192380                                {pd product} {ergonomic}
    uintx NonProfiledCodeHeapSize                  = 121732930                              {pd product} {ergonomic}
    uintx ProfiledCodeHeapSize                     = 121732930                              {pd product} {ergonomic}
    uintx ReservedCodeCacheSize                    = 251658240                              {pd product} {ergonomic}
     bool SegmentedCodeCache                       = true                                      {product} {ergonomic}
   size_t SoftMaxHeapSize                          = 8560574464                             {manageable} {ergonomic}
     bool UseCompressedClassPointers               = true                           {product lp64_product} {ergonomic}
     bool UseCompressedOops                        = true                           {product lp64_product} {ergonomic}
     bool UseG1GC                                  = true                                      {product} {ergonomic}
     bool UseLargePagesIndividualAllocation        = false                                  {pd product} {ergonomic}

Logging:
Log output configuration:
 #0: stdout all=warning uptime,level,tags
 #1: stderr all=off uptime,level,tags

Environment Variables:
PATH=C:\Program Files (x86)\Razer Chroma SDK\bin;C:\Program Files\Razer Chroma SDK\bin;C:\Python310\Scripts\;C:\Python310\;C:\Program Files\Eclipse Adoptium\jdk-17.0.4.8-hotspot\bin;C:\Program Files (x86)\Razer\ChromaBroadcast\bin;C:\Program Files\Razer\ChromaBroadcast\bin;C:\Program Files (x86)\Common Files\Intel\Shared Libraries\redist\intel64\compiler;C:\Windows\system32;C:\Windows;C:\Windows\System32\Wbem;C:\Windows\System32\WindowsPowerShell\v1.0\;C:\Windows\System32\OpenSSH\;C:\Program Files\dotnet\;C:\Program Files (x86)\NVIDIA Corporation\PhysX\Common;C:\Windows\system32\config\systemprofile\AppData\Local\Microsoft\WindowsApps;C:\Program Files\Git\cmd;C:\Program Files\nodejs\;C:\ProgramData\chocolatey\bin;C:\Program Files\MySQL\MySQL Server 8.0\bin;;C:\Program Files\Docker\Docker\resources\bin;C:\Program Files\MySQL\MySQL Shell 8.0\bin\;C:\Users\justi\AppData\Local\Microsoft\WindowsApps;C:\Users\justi\AppData\Local\Programs\Microsoft VS Code\bin;C:\Users\justi\AppData\Roaming\npm;C:\Users\justi\AppData\Local\JetBrains\Toolbox\scripts;
USERNAME=justi
OS=Windows_NT
PROCESSOR_IDENTIFIER=AMD64 Family 25 Model 33 Stepping 2, AuthenticAMD
TMP=C:\Users\justi\AppData\Local\Temp
TEMP=C:\Users\justi\AppData\Local\Temp



---------------  S Y S T E M  ---------------

OS:
 Windows 10 , 64 bit Build 19041 (10.0.19041.2364)
OS uptime: 0 days 1:27 hours
Hyper-V role detected

CPU: total 32 (initial active 32) (32 cores per cpu, 2 threads per core) family 25 model 33 stepping 2 microcode 0x0, cx8, cmov, fxsr, ht, mmx, 3dnowpref, sse, sse2, sse3, ssse3, sse4a, sse4.1, sse4.2, popcnt, lzcnt, tsc, tscinvbit, avx, avx2, aes, erms, clmul, bmi1, bmi2, adx, sha, fma, vzeroupper, clflush, clflushopt, hv

Memory: 4k page, system-wide physical 32653M (16719M free)
TotalPageFile size 37517M (AvailPageFile size 17760M)
current process WorkingSet (physical memory assigned to process): 111M, peak: 111M
current process commit charge ("private bytes"): 703M, peak: 703M

vm_info: OpenJDK 64-Bit Server VM (17.0.4+8) for windows-amd64 JRE (17.0.4+8), built on Jul 19 2022 16:05:16 by "temurin" with MS VC++ 16.7 (VS2019)

END.
