#
# A fatal error has been detected by the Java Runtime Environment:
#
#  EXCEPTION_ACCESS_VIOLATION (0xc0000005) at pc=0x00007ffde6dad089, pid=11212, tid=11860
#
# JRE version: OpenJDK Runtime Environment Temurin-17.0.4+8 (17.0.4+8) (build 17.0.4+8)
# Java VM: OpenJDK 64-Bit Server VM Temurin-17.0.4+8 (17.0.4+8, mixed mode, sharing, tiered, compressed oops, compressed class ptrs, g1 gc, windows-amd64)
# Problematic frame:
# C  [nvoglv64.dll+0xcdd089]
#
# No core dump will be written. Minidumps are not enabled by default on client versions of Windows
#
# If you would like to submit a bug report, please visit:
#   https://github.com/adoptium/adoptium-support/issues
# The crash happened outside the Java Virtual Machine in native code.
# See problematic frame for where to report the bug.
#

---------------  S U M M A R Y ------------

Command Line: -javaagent:C:\Program Files\JetBrains\IntelliJ IDEA 2022.2\lib\idea_rt.jar=51780:C:\Program Files\JetBrains\IntelliJ IDEA 2022.2\bin -Dfile.encoding=UTF-8 projekt.Projekt

Host: AMD Ryzen 9 5950X 16-Core Processor            , 32 cores, 31G,  Windows 10 , 64 bit Build 19041 (10.0.19041.2364)
Time: Tue Jan 10 21:21:04 2023 W. Europe Standard Time elapsed time: 0.836676 seconds (0d 0h 0m 0s)

---------------  T H R E A D  ---------------

Current thread (0x0000024c24b460c0):  JavaThread "main" [_thread_in_native, id=11860, stack(0x00000064a4400000,0x00000064a4500000)]

Stack: [0x00000064a4400000,0x00000064a4500000],  sp=0x00000064a44ff1e0,  free space=1020k
Native frames: (J=compiled Java code, j=interpreted, Vv=VM code, C=native code)
C  [nvoglv64.dll+0xcdd089]

Java frames: (J=compiled Java code, j=interpreted, Vv=VM code)
j  org.lwjgl.opengl.GL11C.nglDrawElements(IIIJ)V+0
j  org.lwjgl.opengl.GL11C.glDrawElements(IIIJ)V+4
j  org.lwjgl.opengl.GL11.glDrawElements(IIIJ)V+4
j  projekt.Projekt.render()V+42
j  lenz.opengl.AbstractOpenGLBase.start(Ljava/lang/String;II)V+61
j  projekt.Projekt.main([Ljava/lang/String;)V+15
v  ~StubRoutines::call_stub

siginfo: EXCEPTION_ACCESS_VIOLATION (0xc0000005), reading address 0x0000000000000044


Register to memory mapping:

RIP=0x00007ffde6dad089 nvoglv64.dll
RAX=0x00000012d40deb9d is an unknown value
RBX=0x0000000000000001 is an unknown value
RCX=0x0 is NULL
RDX=0x000000bc488b3422 is an unknown value
RSP=0x00000064a44ff1e0 is pointing into the stack for thread: 0x0000024c24b460c0
RBP=0x0000000000000012 is an unknown value
RSI=0x0000000000000012 is an unknown value
RDI=0x0000000000001405 is an unknown value
R8 =0x0000000000000028 is an unknown value
R9 =0x0 is NULL
R10=0x0000000000000002 is an unknown value
R11=0x000000af50b29e37 is an unknown value
R12=0x0000000000000004 is an unknown value
R13=0x0000024c55900080 points into unknown readable memory: 0x0000000000000000 | 00 00 00 00 00 00 00 00
R14=0x0 is NULL
R15=0x0000024c55902e68 points into unknown readable memory: 0x0000000200000006 | 06 00 00 00 02 00 00 00


Registers:
RAX=0x00000012d40deb9d, RBX=0x0000000000000001, RCX=0x0000000000000000, RDX=0x000000bc488b3422
RSP=0x00000064a44ff1e0, RBP=0x0000000000000012, RSI=0x0000000000000012, RDI=0x0000000000001405
R8 =0x0000000000000028, R9 =0x0000000000000000, R10=0x0000000000000002, R11=0x000000af50b29e37
R12=0x0000000000000004, R13=0x0000024c55900080, R14=0x0000000000000000, R15=0x0000024c55902e68
RIP=0x00007ffde6dad089, EFLAGS=0x0000000000010246

Top of Stack: (sp=0x00000064a44ff1e0)
0x00000064a44ff1e0:   0000000000000001 0000000000000000
0x00000064a44ff1f0:   0000000000000000 00007ffe44e52ca3
0x00000064a44ff200:   0000000000000000 0000000000000000
0x00000064a44ff210:   0000000000000000 0000000000000000
0x00000064a44ff220:   0000000000000000 0000000000000000
0x00000064a44ff230:   0000024c55902e68 0000024c5385c240
0x00000064a44ff240:   0000024c0000000e 000000000017555d
0x00000064a44ff250:   0000024c54192b28 0000000000000000
0x00000064a44ff260:   00000064a44ff400 0000000000001405
0x00000064a44ff270:   0000000000000004 0000024c55900080
0x00000064a44ff280:   0000000000000012 00000064a44ff3c0
0x00000064a44ff290:   0000000000000000 00007ffde6a0fd46
0x00000064a44ff2a0:   0000000000000000 0000024c00000004
0x00000064a44ff2b0:   0000006400000000 00007ffe00000000
0x00000064a44ff2c0:   0000000000000048 0000024c00001405
0x00000064a44ff2d0:   0000000000000000 0000024c00000000 

Instructions: (pc=0x00007ffde6dad089)
0x00007ffde6dacf89:   57 48 83 ec 78 4c 8b b9 08 03 00 00 4c 8b e9 48
0x00007ffde6dacf99:   63 ac 24 e0 00 00 00 44 8b c2 8b bc 24 e8 00 00
0x00007ffde6dacfa9:   00 8b d5 4c 8b b4 24 f0 00 00 00 8b cf 45 8b 57
0x00007ffde6dacfb9:   14 41 8b 47 18 41 f7 d2 45 23 57 0c 41 0b c2 d1
0x00007ffde6dacfc9:   e9 83 e1 03 4c 89 7c 24 50 d3 e2 f7 d0 41 23 47
0x00007ffde6dacfd9:   10 41 80 7f 1e 00 89 94 24 e0 00 00 00 0f 85 64
0x00007ffde6dacfe9:   08 00 00 41 80 bd 5c ec 55 00 00 0f 85 56 08 00
0x00007ffde6dacff9:   00 85 ed 0f 8e 4e 08 00 00 41 83 f8 0e 0f 87 44
0x00007ffde6dad009:   08 00 00 41 3b 95 a8 ee 55 00 0f 8f 37 08 00 00
0x00007ffde6dad019:   41 83 7f 08 00 0f 85 2c 08 00 00 41 80 7f 1d 00
0x00007ffde6dad029:   0f 85 21 08 00 00 41 80 7f 1c 00 0f 85 16 08 00
0x00007ffde6dad039:   00 41 80 bd 65 38 55 00 00 0f 85 08 08 00 00 41
0x00007ffde6dad049:   80 bd 6c 38 55 00 00 0f 85 fa 07 00 00 a9 00 00
0x00007ffde6dad059:   03 00 0f 85 ef 07 00 00 44 0b d0 45 85 57 20 0f
0x00007ffde6dad069:   85 e2 07 00 00 bb 01 00 00 00 49 8d 8d 00 f0 55
0x00007ffde6dad079:   00 8b d3 e8 bf 93 e7 ff 81 ff 05 14 00 00 75 18
0x00007ffde6dad089:   41 8b 44 ae fc 4c 8d 65 ff 41 8b 0e 8b f8 3b c8
0x00007ffde6dad099:   0f 47 f9 0f 42 c1 eb 5b 81 ff 03 14 00 00 75 24
0x00007ffde6dad0a9:   41 0f b7 4c 6e fe 4c 8d 65 ff 41 0f b7 16 0f b7
0x00007ffde6dad0b9:   c1 66 3b d1 66 0f 47 c2 66 0f 42 ca 0f b7 f8 0f
0x00007ffde6dad0c9:   b7 c1 eb 2f 81 ff 01 14 00 00 0f 85 77 07 00 00
0x00007ffde6dad0d9:   42 0f b6 54 35 ff 4c 8d 65 ff 45 0f b6 06 8b ca
0x00007ffde6dad0e9:   44 3a c2 41 0f 47 c8 0f b6 f9 8b ca 41 0f 42 c8
0x00007ffde6dad0f9:   0f b6 c1 49 8b cf 8d 75 ff 2b f8 e8 47 0b 00 00
0x00007ffde6dad109:   45 8b 57 78 41 8b c2 0f af c7 44 89 94 24 c0 00
0x00007ffde6dad119:   00 00 41 3b 85 ac ee 55 00 0f 8f 21 07 00 00 8b
0x00007ffde6dad129:   84 24 e8 00 00 00 0f 29 74 24 60 3d 05 14 00 00
0x00007ffde6dad139:   0f 85 f6 00 00 00 45 8b 3e 41 8b ff 49 8d 56 04
0x00007ffde6dad149:   3b eb 0f 8e 70 03 00 00 83 fe 08 0f 82 b1 00 00
0x00007ffde6dad159:   00 83 3d df e3 1d 02 02 0f 8c a4 00 00 00 81 e6
0x00007ffde6dad169:   07 00 00 80 7d 07 ff ce 83 ce f8 ff c6 66 41 0f
0x00007ffde6dad179:   6e cf 8b c5 66 0f 70 c9 00 2b c6 66 0f 6f d9 66 


Stack slot to memory mapping:
stack at sp + 0 slots: 0x0000000000000001 is an unknown value
stack at sp + 1 slots: 0x0 is NULL
stack at sp + 2 slots: 0x0 is NULL
stack at sp + 3 slots: 0x00007ffe44e52ca3 jvm.dll
stack at sp + 4 slots: 0x0 is NULL
stack at sp + 5 slots: 0x0 is NULL
stack at sp + 6 slots: 0x0 is NULL
stack at sp + 7 slots: 0x0 is NULL


---------------  P R O C E S S  ---------------

Threads class SMR info:
_java_thread_list=0x0000024c5a580e60, length=17, elements={
0x0000024c24b460c0, 0x0000024c534e7010, 0x0000024c534e79a0, 0x0000024c534f85f0,
0x0000024c534faec0, 0x0000024c534fb780, 0x0000024c534fc040, 0x0000024c535081f0,
0x0000024c53509b00, 0x0000024c5351cbd0, 0x0000024c53602ca0, 0x0000024c53607f30,
0x0000024c536187e0, 0x0000024c5385dc30, 0x0000024c5385e100, 0x0000024c5a49dcd0,
0x0000024c5a5a0380
}

Java Threads: ( => current thread )
=>0x0000024c24b460c0 JavaThread "main" [_thread_in_native, id=11860, stack(0x00000064a4400000,0x00000064a4500000)]
  0x0000024c534e7010 JavaThread "Reference Handler" daemon [_thread_blocked, id=33404, stack(0x00000064a4b00000,0x00000064a4c00000)]
  0x0000024c534e79a0 JavaThread "Finalizer" daemon [_thread_blocked, id=13048, stack(0x00000064a4c00000,0x00000064a4d00000)]
  0x0000024c534f85f0 JavaThread "Signal Dispatcher" daemon [_thread_blocked, id=13780, stack(0x00000064a4d00000,0x00000064a4e00000)]
  0x0000024c534faec0 JavaThread "Attach Listener" daemon [_thread_blocked, id=34792, stack(0x00000064a4e00000,0x00000064a4f00000)]
  0x0000024c534fb780 JavaThread "Service Thread" daemon [_thread_blocked, id=31016, stack(0x00000064a4f00000,0x00000064a5000000)]
  0x0000024c534fc040 JavaThread "Monitor Deflation Thread" daemon [_thread_blocked, id=17820, stack(0x00000064a5000000,0x00000064a5100000)]
  0x0000024c535081f0 JavaThread "C2 CompilerThread0" daemon [_thread_blocked, id=12672, stack(0x00000064a5100000,0x00000064a5200000)]
  0x0000024c53509b00 JavaThread "C1 CompilerThread0" daemon [_thread_blocked, id=26884, stack(0x00000064a5200000,0x00000064a5300000)]
  0x0000024c5351cbd0 JavaThread "Sweeper thread" daemon [_thread_blocked, id=35024, stack(0x00000064a5300000,0x00000064a5400000)]
  0x0000024c53602ca0 JavaThread "Common-Cleaner" daemon [_thread_blocked, id=13456, stack(0x00000064a5400000,0x00000064a5500000)]
  0x0000024c53607f30 JavaThread "C1 CompilerThread1" daemon [_thread_blocked, id=36836, stack(0x00000064a5500000,0x00000064a5600000)]
  0x0000024c536187e0 JavaThread "C1 CompilerThread2" daemon [_thread_blocked, id=31324, stack(0x00000064a5600000,0x00000064a5700000)]
  0x0000024c5385dc30 JavaThread "Monitor Ctrl-Break" daemon [_thread_in_native, id=18916, stack(0x00000064a5800000,0x00000064a5900000)]
  0x0000024c5385e100 JavaThread "Notification Thread" daemon [_thread_blocked, id=3752, stack(0x00000064a5900000,0x00000064a5a00000)]
  0x0000024c5a49dcd0 JavaThread "C2 CompilerThread1" daemon [_thread_blocked, id=27052, stack(0x00000064a5700000,0x00000064a5800000)]
  0x0000024c5a5a0380 JavaThread "Java2D Disposer" daemon [_thread_blocked, id=31048, stack(0x00000064a6200000,0x00000064a6300000)]

Other Threads:
  0x0000024c5201e050 VMThread "VM Thread" [stack: 0x00000064a4a00000,0x00000064a4b00000] [id=27636]
  0x0000024c51e4b040 WatcherThread [stack: 0x00000064a5a00000,0x00000064a5b00000] [id=28116]
  0x0000024c24bf4210 GCTaskThread "GC Thread#0" [stack: 0x00000064a4500000,0x00000064a4600000] [id=25988]
  0x0000024c5a8aad10 GCTaskThread "GC Thread#1" [stack: 0x00000064a6300000,0x00000064a6400000] [id=36532]
  0x0000024c5a57eb40 GCTaskThread "GC Thread#2" [stack: 0x00000064a6400000,0x00000064a6500000] [id=17512]
  0x0000024c5a57edf0 GCTaskThread "GC Thread#3" [stack: 0x00000064a6500000,0x00000064a6600000] [id=2256]
  0x0000024c5a97e230 GCTaskThread "GC Thread#4" [stack: 0x00000064a6600000,0x00000064a6700000] [id=18216]
  0x0000024c5a97e4e0 GCTaskThread "GC Thread#5" [stack: 0x00000064a6700000,0x00000064a6800000] [id=25596]
  0x0000024c5a910320 GCTaskThread "GC Thread#6" [stack: 0x00000064a6800000,0x00000064a6900000] [id=26088]
  0x0000024c5a9105d0 GCTaskThread "GC Thread#7" [stack: 0x00000064a6900000,0x00000064a6a00000] [id=23344]
  0x0000024c5a982c90 GCTaskThread "GC Thread#8" [stack: 0x00000064a6a00000,0x00000064a6b00000] [id=3044]
  0x0000024c5a982f40 GCTaskThread "GC Thread#9" [stack: 0x00000064a6b00000,0x00000064a6c00000] [id=928]
  0x0000024c5a983600 GCTaskThread "GC Thread#10" [stack: 0x00000064a6c00000,0x00000064a6d00000] [id=30184]
  0x0000024c5a9838b0 GCTaskThread "GC Thread#11" [stack: 0x00000064a6d00000,0x00000064a6e00000] [id=19248]
  0x0000024c24b61140 ConcurrentGCThread "G1 Main Marker" [stack: 0x00000064a4600000,0x00000064a4700000] [id=30620]
  0x0000024c24c08d90 ConcurrentGCThread "G1 Conc#0" [stack: 0x00000064a4700000,0x00000064a4800000] [id=2064]
  0x0000024c51f50c10 ConcurrentGCThread "G1 Refine#0" [stack: 0x00000064a4800000,0x00000064a4900000] [id=23132]
  0x0000024c51f51540 ConcurrentGCThread "G1 Service" [stack: 0x00000064a4900000,0x00000064a4a00000] [id=14080]

Threads with active compile tasks:

VM state: not at safepoint (normal execution)

VM Mutex/Monitor currently owned by a thread: None

Heap address: 0x0000000601c00000, size: 8164 MB, Compressed Oops mode: Zero based, Oop shift amount: 3

CDS archive(s) mapped at: [0x0000000800000000-0x0000000800bc0000-0x0000000800bc0000), size 12320768, SharedBaseAddress: 0x0000000800000000, ArchiveRelocationMode: 0.
Compressed class space mapped at: 0x0000000800c00000-0x0000000840c00000, reserved size: 1073741824
Narrow klass base: 0x0000000800000000, Narrow klass shift: 0, Narrow klass range: 0x100000000

GC Precious Log:
 CPUs: 32 total, 32 available
 Memory: 32653M
 Large Page Support: Disabled
 NUMA Support: Disabled
 Compressed Oops: Enabled (Zero based)
 Heap Region Size: 4M
 Heap Min Capacity: 8M
 Heap Initial Capacity: 512M
 Heap Max Capacity: 8164M
 Pre-touch: Disabled
 Parallel Workers: 23
 Concurrent Workers: 6
 Concurrent Refinement Workers: 23
 Periodic GC: Disabled

Heap:
 garbage-first heap   total 524288K, used 2802K [0x0000000601c00000, 0x0000000800000000)
  region size 4096K, 2 young (8192K), 1 survivors (4096K)
 Metaspace       used 6081K, committed 6272K, reserved 1056768K
  class space    used 440K, committed 512K, reserved 1048576K

Heap Regions: E=young(eden), S=young(survivor), O=old, HS=humongous(starts), HC=humongous(continues), CS=collection set, F=free, OA=open archive, CA=closed archive, TAMS=top-at-mark-start (previous, next)
|   0|0x0000000601c00000, 0x0000000601c00000, 0x0000000602000000|  0%| F|  |TAMS 0x0000000601c00000, 0x0000000601c00000| Untracked 
|   1|0x0000000602000000, 0x0000000602000000, 0x0000000602400000|  0%| F|  |TAMS 0x0000000602000000, 0x0000000602000000| Untracked 
|   2|0x0000000602400000, 0x0000000602400000, 0x0000000602800000|  0%| F|  |TAMS 0x0000000602400000, 0x0000000602400000| Untracked 
|   3|0x0000000602800000, 0x0000000602800000, 0x0000000602c00000|  0%| F|  |TAMS 0x0000000602800000, 0x0000000602800000| Untracked 
|   4|0x0000000602c00000, 0x0000000602c00000, 0x0000000603000000|  0%| F|  |TAMS 0x0000000602c00000, 0x0000000602c00000| Untracked 
|   5|0x0000000603000000, 0x0000000603000000, 0x0000000603400000|  0%| F|  |TAMS 0x0000000603000000, 0x0000000603000000| Untracked 
|   6|0x0000000603400000, 0x0000000603400000, 0x0000000603800000|  0%| F|  |TAMS 0x0000000603400000, 0x0000000603400000| Untracked 
|   7|0x0000000603800000, 0x0000000603800000, 0x0000000603c00000|  0%| F|  |TAMS 0x0000000603800000, 0x0000000603800000| Untracked 
|   8|0x0000000603c00000, 0x0000000603c00000, 0x0000000604000000|  0%| F|  |TAMS 0x0000000603c00000, 0x0000000603c00000| Untracked 
|   9|0x0000000604000000, 0x0000000604000000, 0x0000000604400000|  0%| F|  |TAMS 0x0000000604000000, 0x0000000604000000| Untracked 
|  10|0x0000000604400000, 0x0000000604400000, 0x0000000604800000|  0%| F|  |TAMS 0x0000000604400000, 0x0000000604400000| Untracked 
|  11|0x0000000604800000, 0x0000000604800000, 0x0000000604c00000|  0%| F|  |TAMS 0x0000000604800000, 0x0000000604800000| Untracked 
|  12|0x0000000604c00000, 0x0000000604c00000, 0x0000000605000000|  0%| F|  |TAMS 0x0000000604c00000, 0x0000000604c00000| Untracked 
|  13|0x0000000605000000, 0x0000000605000000, 0x0000000605400000|  0%| F|  |TAMS 0x0000000605000000, 0x0000000605000000| Untracked 
|  14|0x0000000605400000, 0x0000000605400000, 0x0000000605800000|  0%| F|  |TAMS 0x0000000605400000, 0x0000000605400000| Untracked 
|  15|0x0000000605800000, 0x0000000605800000, 0x0000000605c00000|  0%| F|  |TAMS 0x0000000605800000, 0x0000000605800000| Untracked 
|  16|0x0000000605c00000, 0x0000000605c00000, 0x0000000606000000|  0%| F|  |TAMS 0x0000000605c00000, 0x0000000605c00000| Untracked 
|  17|0x0000000606000000, 0x0000000606000000, 0x0000000606400000|  0%| F|  |TAMS 0x0000000606000000, 0x0000000606000000| Untracked 
|  18|0x0000000606400000, 0x0000000606400000, 0x0000000606800000|  0%| F|  |TAMS 0x0000000606400000, 0x0000000606400000| Untracked 
|  19|0x0000000606800000, 0x0000000606800000, 0x0000000606c00000|  0%| F|  |TAMS 0x0000000606800000, 0x0000000606800000| Untracked 
|  20|0x0000000606c00000, 0x0000000606c00000, 0x0000000607000000|  0%| F|  |TAMS 0x0000000606c00000, 0x0000000606c00000| Untracked 
|  21|0x0000000607000000, 0x0000000607000000, 0x0000000607400000|  0%| F|  |TAMS 0x0000000607000000, 0x0000000607000000| Untracked 
|  22|0x0000000607400000, 0x0000000607400000, 0x0000000607800000|  0%| F|  |TAMS 0x0000000607400000, 0x0000000607400000| Untracked 
|  23|0x0000000607800000, 0x0000000607800000, 0x0000000607c00000|  0%| F|  |TAMS 0x0000000607800000, 0x0000000607800000| Untracked 
|  24|0x0000000607c00000, 0x0000000607c00000, 0x0000000608000000|  0%| F|  |TAMS 0x0000000607c00000, 0x0000000607c00000| Untracked 
|  25|0x0000000608000000, 0x0000000608000000, 0x0000000608400000|  0%| F|  |TAMS 0x0000000608000000, 0x0000000608000000| Untracked 
|  26|0x0000000608400000, 0x0000000608400000, 0x0000000608800000|  0%| F|  |TAMS 0x0000000608400000, 0x0000000608400000| Untracked 
|  27|0x0000000608800000, 0x0000000608800000, 0x0000000608c00000|  0%| F|  |TAMS 0x0000000608800000, 0x0000000608800000| Untracked 
|  28|0x0000000608c00000, 0x0000000608c00000, 0x0000000609000000|  0%| F|  |TAMS 0x0000000608c00000, 0x0000000608c00000| Untracked 
|  29|0x0000000609000000, 0x0000000609000000, 0x0000000609400000|  0%| F|  |TAMS 0x0000000609000000, 0x0000000609000000| Untracked 
|  30|0x0000000609400000, 0x0000000609400000, 0x0000000609800000|  0%| F|  |TAMS 0x0000000609400000, 0x0000000609400000| Untracked 
|  31|0x0000000609800000, 0x0000000609800000, 0x0000000609c00000|  0%| F|  |TAMS 0x0000000609800000, 0x0000000609800000| Untracked 
|  32|0x0000000609c00000, 0x0000000609c00000, 0x000000060a000000|  0%| F|  |TAMS 0x0000000609c00000, 0x0000000609c00000| Untracked 
|  33|0x000000060a000000, 0x000000060a000000, 0x000000060a400000|  0%| F|  |TAMS 0x000000060a000000, 0x000000060a000000| Untracked 
|  34|0x000000060a400000, 0x000000060a400000, 0x000000060a800000|  0%| F|  |TAMS 0x000000060a400000, 0x000000060a400000| Untracked 
|  35|0x000000060a800000, 0x000000060a800000, 0x000000060ac00000|  0%| F|  |TAMS 0x000000060a800000, 0x000000060a800000| Untracked 
|  36|0x000000060ac00000, 0x000000060ac00000, 0x000000060b000000|  0%| F|  |TAMS 0x000000060ac00000, 0x000000060ac00000| Untracked 
|  37|0x000000060b000000, 0x000000060b000000, 0x000000060b400000|  0%| F|  |TAMS 0x000000060b000000, 0x000000060b000000| Untracked 
|  38|0x000000060b400000, 0x000000060b400000, 0x000000060b800000|  0%| F|  |TAMS 0x000000060b400000, 0x000000060b400000| Untracked 
|  39|0x000000060b800000, 0x000000060b800000, 0x000000060bc00000|  0%| F|  |TAMS 0x000000060b800000, 0x000000060b800000| Untracked 
|  40|0x000000060bc00000, 0x000000060bc00000, 0x000000060c000000|  0%| F|  |TAMS 0x000000060bc00000, 0x000000060bc00000| Untracked 
|  41|0x000000060c000000, 0x000000060c000000, 0x000000060c400000|  0%| F|  |TAMS 0x000000060c000000, 0x000000060c000000| Untracked 
|  42|0x000000060c400000, 0x000000060c400000, 0x000000060c800000|  0%| F|  |TAMS 0x000000060c400000, 0x000000060c400000| Untracked 
|  43|0x000000060c800000, 0x000000060c800000, 0x000000060cc00000|  0%| F|  |TAMS 0x000000060c800000, 0x000000060c800000| Untracked 
|  44|0x000000060cc00000, 0x000000060cc00000, 0x000000060d000000|  0%| F|  |TAMS 0x000000060cc00000, 0x000000060cc00000| Untracked 
|  45|0x000000060d000000, 0x000000060d000000, 0x000000060d400000|  0%| F|  |TAMS 0x000000060d000000, 0x000000060d000000| Untracked 
|  46|0x000000060d400000, 0x000000060d400000, 0x000000060d800000|  0%| F|  |TAMS 0x000000060d400000, 0x000000060d400000| Untracked 
|  47|0x000000060d800000, 0x000000060d800000, 0x000000060dc00000|  0%| F|  |TAMS 0x000000060d800000, 0x000000060d800000| Untracked 
|  48|0x000000060dc00000, 0x000000060dc00000, 0x000000060e000000|  0%| F|  |TAMS 0x000000060dc00000, 0x000000060dc00000| Untracked 
|  49|0x000000060e000000, 0x000000060e000000, 0x000000060e400000|  0%| F|  |TAMS 0x000000060e000000, 0x000000060e000000| Untracked 
|  50|0x000000060e400000, 0x000000060e400000, 0x000000060e800000|  0%| F|  |TAMS 0x000000060e400000, 0x000000060e400000| Untracked 
|  51|0x000000060e800000, 0x000000060e800000, 0x000000060ec00000|  0%| F|  |TAMS 0x000000060e800000, 0x000000060e800000| Untracked 
|  52|0x000000060ec00000, 0x000000060ec00000, 0x000000060f000000|  0%| F|  |TAMS 0x000000060ec00000, 0x000000060ec00000| Untracked 
|  53|0x000000060f000000, 0x000000060f000000, 0x000000060f400000|  0%| F|  |TAMS 0x000000060f000000, 0x000000060f000000| Untracked 
|  54|0x000000060f400000, 0x000000060f400000, 0x000000060f800000|  0%| F|  |TAMS 0x000000060f400000, 0x000000060f400000| Untracked 
|  55|0x000000060f800000, 0x000000060f800000, 0x000000060fc00000|  0%| F|  |TAMS 0x000000060f800000, 0x000000060f800000| Untracked 
|  56|0x000000060fc00000, 0x000000060fc00000, 0x0000000610000000|  0%| F|  |TAMS 0x000000060fc00000, 0x000000060fc00000| Untracked 
|  57|0x0000000610000000, 0x0000000610000000, 0x0000000610400000|  0%| F|  |TAMS 0x0000000610000000, 0x0000000610000000| Untracked 
|  58|0x0000000610400000, 0x0000000610400000, 0x0000000610800000|  0%| F|  |TAMS 0x0000000610400000, 0x0000000610400000| Untracked 
|  59|0x0000000610800000, 0x0000000610800000, 0x0000000610c00000|  0%| F|  |TAMS 0x0000000610800000, 0x0000000610800000| Untracked 
|  60|0x0000000610c00000, 0x0000000610c00000, 0x0000000611000000|  0%| F|  |TAMS 0x0000000610c00000, 0x0000000610c00000| Untracked 
|  61|0x0000000611000000, 0x0000000611000000, 0x0000000611400000|  0%| F|  |TAMS 0x0000000611000000, 0x0000000611000000| Untracked 
|  62|0x0000000611400000, 0x0000000611400000, 0x0000000611800000|  0%| F|  |TAMS 0x0000000611400000, 0x0000000611400000| Untracked 
|  63|0x0000000611800000, 0x0000000611800000, 0x0000000611c00000|  0%| F|  |TAMS 0x0000000611800000, 0x0000000611800000| Untracked 
|  64|0x0000000611c00000, 0x0000000611c00000, 0x0000000612000000|  0%| F|  |TAMS 0x0000000611c00000, 0x0000000611c00000| Untracked 
|  65|0x0000000612000000, 0x0000000612000000, 0x0000000612400000|  0%| F|  |TAMS 0x0000000612000000, 0x0000000612000000| Untracked 
|  66|0x0000000612400000, 0x0000000612400000, 0x0000000612800000|  0%| F|  |TAMS 0x0000000612400000, 0x0000000612400000| Untracked 
|  67|0x0000000612800000, 0x0000000612800000, 0x0000000612c00000|  0%| F|  |TAMS 0x0000000612800000, 0x0000000612800000| Untracked 
|  68|0x0000000612c00000, 0x0000000612c00000, 0x0000000613000000|  0%| F|  |TAMS 0x0000000612c00000, 0x0000000612c00000| Untracked 
|  69|0x0000000613000000, 0x0000000613000000, 0x0000000613400000|  0%| F|  |TAMS 0x0000000613000000, 0x0000000613000000| Untracked 
|  70|0x0000000613400000, 0x0000000613400000, 0x0000000613800000|  0%| F|  |TAMS 0x0000000613400000, 0x0000000613400000| Untracked 
|  71|0x0000000613800000, 0x0000000613800000, 0x0000000613c00000|  0%| F|  |TAMS 0x0000000613800000, 0x0000000613800000| Untracked 
|  72|0x0000000613c00000, 0x0000000613c00000, 0x0000000614000000|  0%| F|  |TAMS 0x0000000613c00000, 0x0000000613c00000| Untracked 
|  73|0x0000000614000000, 0x0000000614000000, 0x0000000614400000|  0%| F|  |TAMS 0x0000000614000000, 0x0000000614000000| Untracked 
|  74|0x0000000614400000, 0x0000000614400000, 0x0000000614800000|  0%| F|  |TAMS 0x0000000614400000, 0x0000000614400000| Untracked 
|  75|0x0000000614800000, 0x0000000614800000, 0x0000000614c00000|  0%| F|  |TAMS 0x0000000614800000, 0x0000000614800000| Untracked 
|  76|0x0000000614c00000, 0x0000000614c00000, 0x0000000615000000|  0%| F|  |TAMS 0x0000000614c00000, 0x0000000614c00000| Untracked 
|  77|0x0000000615000000, 0x0000000615000000, 0x0000000615400000|  0%| F|  |TAMS 0x0000000615000000, 0x0000000615000000| Untracked 
|  78|0x0000000615400000, 0x0000000615400000, 0x0000000615800000|  0%| F|  |TAMS 0x0000000615400000, 0x0000000615400000| Untracked 
|  79|0x0000000615800000, 0x0000000615800000, 0x0000000615c00000|  0%| F|  |TAMS 0x0000000615800000, 0x0000000615800000| Untracked 
|  80|0x0000000615c00000, 0x0000000615c00000, 0x0000000616000000|  0%| F|  |TAMS 0x0000000615c00000, 0x0000000615c00000| Untracked 
|  81|0x0000000616000000, 0x0000000616000000, 0x0000000616400000|  0%| F|  |TAMS 0x0000000616000000, 0x0000000616000000| Untracked 
|  82|0x0000000616400000, 0x0000000616400000, 0x0000000616800000|  0%| F|  |TAMS 0x0000000616400000, 0x0000000616400000| Untracked 
|  83|0x0000000616800000, 0x0000000616800000, 0x0000000616c00000|  0%| F|  |TAMS 0x0000000616800000, 0x0000000616800000| Untracked 
|  84|0x0000000616c00000, 0x0000000616c00000, 0x0000000617000000|  0%| F|  |TAMS 0x0000000616c00000, 0x0000000616c00000| Untracked 
|  85|0x0000000617000000, 0x0000000617000000, 0x0000000617400000|  0%| F|  |TAMS 0x0000000617000000, 0x0000000617000000| Untracked 
|  86|0x0000000617400000, 0x0000000617400000, 0x0000000617800000|  0%| F|  |TAMS 0x0000000617400000, 0x0000000617400000| Untracked 
|  87|0x0000000617800000, 0x0000000617800000, 0x0000000617c00000|  0%| F|  |TAMS 0x0000000617800000, 0x0000000617800000| Untracked 
|  88|0x0000000617c00000, 0x0000000617c00000, 0x0000000618000000|  0%| F|  |TAMS 0x0000000617c00000, 0x0000000617c00000| Untracked 
|  89|0x0000000618000000, 0x0000000618000000, 0x0000000618400000|  0%| F|  |TAMS 0x0000000618000000, 0x0000000618000000| Untracked 
|  90|0x0000000618400000, 0x0000000618400000, 0x0000000618800000|  0%| F|  |TAMS 0x0000000618400000, 0x0000000618400000| Untracked 
|  91|0x0000000618800000, 0x0000000618800000, 0x0000000618c00000|  0%| F|  |TAMS 0x0000000618800000, 0x0000000618800000| Untracked 
|  92|0x0000000618c00000, 0x0000000618c00000, 0x0000000619000000|  0%| F|  |TAMS 0x0000000618c00000, 0x0000000618c00000| Untracked 
|  93|0x0000000619000000, 0x0000000619000000, 0x0000000619400000|  0%| F|  |TAMS 0x0000000619000000, 0x0000000619000000| Untracked 
|  94|0x0000000619400000, 0x0000000619400000, 0x0000000619800000|  0%| F|  |TAMS 0x0000000619400000, 0x0000000619400000| Untracked 
|  95|0x0000000619800000, 0x0000000619800000, 0x0000000619c00000|  0%| F|  |TAMS 0x0000000619800000, 0x0000000619800000| Untracked 
|  96|0x0000000619c00000, 0x0000000619c00000, 0x000000061a000000|  0%| F|  |TAMS 0x0000000619c00000, 0x0000000619c00000| Untracked 
|  97|0x000000061a000000, 0x000000061a000000, 0x000000061a400000|  0%| F|  |TAMS 0x000000061a000000, 0x000000061a000000| Untracked 
|  98|0x000000061a400000, 0x000000061a400000, 0x000000061a800000|  0%| F|  |TAMS 0x000000061a400000, 0x000000061a400000| Untracked 
|  99|0x000000061a800000, 0x000000061a800000, 0x000000061ac00000|  0%| F|  |TAMS 0x000000061a800000, 0x000000061a800000| Untracked 
| 100|0x000000061ac00000, 0x000000061ac00000, 0x000000061b000000|  0%| F|  |TAMS 0x000000061ac00000, 0x000000061ac00000| Untracked 
| 101|0x000000061b000000, 0x000000061b000000, 0x000000061b400000|  0%| F|  |TAMS 0x000000061b000000, 0x000000061b000000| Untracked 
| 102|0x000000061b400000, 0x000000061b400000, 0x000000061b800000|  0%| F|  |TAMS 0x000000061b400000, 0x000000061b400000| Untracked 
| 103|0x000000061b800000, 0x000000061b800000, 0x000000061bc00000|  0%| F|  |TAMS 0x000000061b800000, 0x000000061b800000| Untracked 
| 104|0x000000061bc00000, 0x000000061bc00000, 0x000000061c000000|  0%| F|  |TAMS 0x000000061bc00000, 0x000000061bc00000| Untracked 
| 105|0x000000061c000000, 0x000000061c000000, 0x000000061c400000|  0%| F|  |TAMS 0x000000061c000000, 0x000000061c000000| Untracked 
| 106|0x000000061c400000, 0x000000061c400000, 0x000000061c800000|  0%| F|  |TAMS 0x000000061c400000, 0x000000061c400000| Untracked 
| 107|0x000000061c800000, 0x000000061c800000, 0x000000061cc00000|  0%| F|  |TAMS 0x000000061c800000, 0x000000061c800000| Untracked 
| 108|0x000000061cc00000, 0x000000061cc00000, 0x000000061d000000|  0%| F|  |TAMS 0x000000061cc00000, 0x000000061cc00000| Untracked 
| 109|0x000000061d000000, 0x000000061d000000, 0x000000061d400000|  0%| F|  |TAMS 0x000000061d000000, 0x000000061d000000| Untracked 
| 110|0x000000061d400000, 0x000000061d400000, 0x000000061d800000|  0%| F|  |TAMS 0x000000061d400000, 0x000000061d400000| Untracked 
| 111|0x000000061d800000, 0x000000061d800000, 0x000000061dc00000|  0%| F|  |TAMS 0x000000061d800000, 0x000000061d800000| Untracked 
| 112|0x000000061dc00000, 0x000000061dc00000, 0x000000061e000000|  0%| F|  |TAMS 0x000000061dc00000, 0x000000061dc00000| Untracked 
| 113|0x000000061e000000, 0x000000061e000000, 0x000000061e400000|  0%| F|  |TAMS 0x000000061e000000, 0x000000061e000000| Untracked 
| 114|0x000000061e400000, 0x000000061e400000, 0x000000061e800000|  0%| F|  |TAMS 0x000000061e400000, 0x000000061e400000| Untracked 
| 115|0x000000061e800000, 0x000000061e800000, 0x000000061ec00000|  0%| F|  |TAMS 0x000000061e800000, 0x000000061e800000| Untracked 
| 116|0x000000061ec00000, 0x000000061ec00000, 0x000000061f000000|  0%| F|  |TAMS 0x000000061ec00000, 0x000000061ec00000| Untracked 
| 117|0x000000061f000000, 0x000000061f000000, 0x000000061f400000|  0%| F|  |TAMS 0x000000061f000000, 0x000000061f000000| Untracked 
| 118|0x000000061f400000, 0x000000061f400000, 0x000000061f800000|  0%| F|  |TAMS 0x000000061f400000, 0x000000061f400000| Untracked 
| 119|0x000000061f800000, 0x000000061f800000, 0x000000061fc00000|  0%| F|  |TAMS 0x000000061f800000, 0x000000061f800000| Untracked 
| 120|0x000000061fc00000, 0x000000061fc00000, 0x0000000620000000|  0%| F|  |TAMS 0x000000061fc00000, 0x000000061fc00000| Untracked 
| 121|0x0000000620000000, 0x00000006202bcb60, 0x0000000620400000| 68%| S|CS|TAMS 0x0000000620000000, 0x0000000620000000| Complete 
| 122|0x0000000620400000, 0x0000000620400000, 0x0000000620800000|  0%| F|  |TAMS 0x0000000620400000, 0x0000000620400000| Untracked 
| 123|0x0000000620800000, 0x0000000620800000, 0x0000000620c00000|  0%| F|  |TAMS 0x0000000620800000, 0x0000000620800000| Untracked 
| 124|0x0000000620c00000, 0x0000000620c00000, 0x0000000621000000|  0%| F|  |TAMS 0x0000000620c00000, 0x0000000620c00000| Untracked 
| 125|0x0000000621000000, 0x0000000621000000, 0x0000000621400000|  0%| F|  |TAMS 0x0000000621000000, 0x0000000621000000| Untracked 
| 126|0x0000000621400000, 0x0000000621400000, 0x0000000621800000|  0%| F|  |TAMS 0x0000000621400000, 0x0000000621400000| Untracked 
| 127|0x0000000621800000, 0x0000000621950e28, 0x0000000621c00000| 32%| E|  |TAMS 0x0000000621800000, 0x0000000621800000| Complete 

Card table byte_map: [0x0000024c3d970000,0x0000024c3e970000] _byte_map_base: 0x0000024c3a962000

Marking Bits (Prev, Next): (CMBitMap*) 0x0000024c24bf6750, (CMBitMap*) 0x0000024c24bf6790
 Prev Bits: [0x0000024c3f970000, 0x0000024c47900000)
 Next Bits: [0x0000024c47900000, 0x0000024c4f890000)

Polling page: 0x0000024c22a40000

Metaspace:

Usage:
  Non-class:      5.51 MB used.
      Class:    440.67 KB used.
       Both:      5.94 MB used.

Virtual space:
  Non-class space:        8.00 MB reserved,       5.62 MB ( 70%) committed,  1 nodes.
      Class space:        1.00 GB reserved,     512.00 KB ( <1%) committed,  1 nodes.
             Both:        1.01 GB reserved,       6.12 MB ( <1%) committed. 

Chunk freelists:
   Non-Class:  1.80 MB
       Class:  3.51 MB
        Both:  5.31 MB

MaxMetaspaceSize: unlimited
CompressedClassSpaceSize: 1.00 GB
Initial GC threshold: 21.00 MB
Current GC threshold: 21.00 MB
CDS: on
MetaspaceReclaimPolicy: balanced
 - commit_granule_bytes: 65536.
 - commit_granule_words: 8192.
 - virtual_space_node_default_size: 1048576.
 - enlarge_chunks_in_place: 1.
 - new_chunks_are_fully_committed: 0.
 - uncommit_free_chunks: 1.
 - use_allocation_guard: 0.
 - handle_deallocations: 1.


Internal statistics:

num_allocs_failed_limit: 0.
num_arena_births: 134.
num_arena_deaths: 0.
num_vsnodes_births: 2.
num_vsnodes_deaths: 0.
num_space_committed: 96.
num_space_uncommitted: 0.
num_chunks_returned_to_freelist: 0.
num_chunks_taken_from_freelist: 250.
num_chunk_merges: 0.
num_chunk_splits: 159.
num_chunks_enlarged: 94.
num_purges: 0.
num_inconsistent_stats: 0.

CodeHeap 'non-profiled nmethods': size=118848Kb used=322Kb max_used=322Kb free=118526Kb
 bounds [0x0000024c34220000, 0x0000024c34490000, 0x0000024c3b630000]
CodeHeap 'profiled nmethods': size=118848Kb used=1808Kb max_used=1808Kb free=117039Kb
 bounds [0x0000024c2ce10000, 0x0000024c2d080000, 0x0000024c34220000]
CodeHeap 'non-nmethods': size=8064Kb used=2709Kb max_used=2724Kb free=5354Kb
 bounds [0x0000024c2c630000, 0x0000024c2c8e0000, 0x0000024c2ce10000]
 total_blobs=2071 nmethods=1061 adapters=921
 compilation: enabled
              stopped_count=0, restarted_count=0
 full_count=0

Compilation events (20 events):
Event: 0.831 Thread 0x0000024c53509b00 nmethod 1050 0x0000024c2cfd0d10 code [0x0000024c2cfd0ea0, 0x0000024c2cfd0fe8]
Event: 0.831 Thread 0x0000024c53509b00 1053       3       jdk.internal.ref.PhantomCleanable::clean (16 bytes)
Event: 0.831 Thread 0x0000024c536187e0 nmethod 1052 0x0000024c2cfd1090 code [0x0000024c2cfd1240, 0x0000024c2cfd1678]
Event: 0.831 Thread 0x0000024c53509b00 nmethod 1053 0x0000024c2cfd1810 code [0x0000024c2cfd19e0, 0x0000024c2cfd1ca8]
Event: 0.833 Thread 0x0000024c53607f30 1055       3       sun.net.www.ParseUtil::encodePath (41 bytes)
Event: 0.833 Thread 0x0000024c53509b00 1056       3       jdk.internal.ref.CleanerImpl$PhantomCleanableRef::performCleanup (10 bytes)
Event: 0.833 Thread 0x0000024c53607f30 nmethod 1055 0x0000024c2cfd1d90 code [0x0000024c2cfd1f60, 0x0000024c2cfd21c8]
Event: 0.833 Thread 0x0000024c53509b00 nmethod 1056 0x0000024c2cfd2290 code [0x0000024c2cfd2440, 0x0000024c2cfd2628]
Event: 0.833 Thread 0x0000024c53607f30 1057       3       java.lang.Module::isNamed (13 bytes)
Event: 0.833 Thread 0x0000024c53607f30 nmethod 1057 0x0000024c2cfd2710 code [0x0000024c2cfd28a0, 0x0000024c2cfd2a18]
Event: 0.834 Thread 0x0000024c53607f30 1058       3       java.util.ArrayList::grow (60 bytes)
Event: 0.834 Thread 0x0000024c536187e0 1059       1       java.lang.Float::floatValue (5 bytes)
Event: 0.834 Thread 0x0000024c536187e0 nmethod 1059 0x0000024c34270510 code [0x0000024c342706a0, 0x0000024c34270778]
Event: 0.834 Thread 0x0000024c536187e0 1060       3       java.lang.Character::digit (6 bytes)
Event: 0.834 Thread 0x0000024c53509b00 1061       3       java.lang.Character::digit (10 bytes)
Event: 0.834 Thread 0x0000024c53607f30 nmethod 1058 0x0000024c2cfd2a90 code [0x0000024c2cfd2c80, 0x0000024c2cfd32f8]
Event: 0.834 Thread 0x0000024c536187e0 nmethod 1060 0x0000024c2cfd3510 code [0x0000024c2cfd36c0, 0x0000024c2cfd3918]
Event: 0.834 Thread 0x0000024c53607f30 1062       3       java.lang.CharacterDataLatin1::digit (32 bytes)
Event: 0.834 Thread 0x0000024c53509b00 nmethod 1061 0x0000024c2cfd3a10 code [0x0000024c2cfd3bc0, 0x0000024c2cfd3db8]
Event: 0.834 Thread 0x0000024c53607f30 nmethod 1062 0x0000024c2cfd3e90 code [0x0000024c2cfd4040, 0x0000024c2cfd4298]

GC Heap History (2 events):
Event: 0.828 GC heap before
{Heap before GC invocations=0 (full 0):
 garbage-first heap   total 524288K, used 24576K [0x0000000601c00000, 0x0000000800000000)
  region size 4096K, 6 young (24576K), 0 survivors (0K)
 Metaspace       used 5991K, committed 6144K, reserved 1056768K
  class space    used 437K, committed 512K, reserved 1048576K
}
Event: 0.831 GC heap after
{Heap after GC invocations=1 (full 0):
 garbage-first heap   total 524288K, used 2802K [0x0000000601c00000, 0x0000000800000000)
  region size 4096K, 1 young (4096K), 1 survivors (4096K)
 Metaspace       used 5991K, committed 6144K, reserved 1056768K
  class space    used 437K, committed 512K, reserved 1048576K
}

Deoptimization events (20 events):
Event: 0.785 Thread 0x0000024c24b460c0 DEOPT PACKING pc=0x0000024c2cfb0720 sp=0x00000064a44fe3f0
Event: 0.785 Thread 0x0000024c24b460c0 DEOPT UNPACKING pc=0x0000024c2c682b43 sp=0x00000064a44fd8c8 mode 0
Event: 0.785 Thread 0x0000024c24b460c0 DEOPT PACKING pc=0x0000024c2cfb0720 sp=0x00000064a44fe3f0
Event: 0.785 Thread 0x0000024c24b460c0 DEOPT UNPACKING pc=0x0000024c2c682b43 sp=0x00000064a44fd8c8 mode 0
Event: 0.786 Thread 0x0000024c24b460c0 DEOPT PACKING pc=0x0000024c2cfb0720 sp=0x00000064a44fe3f0
Event: 0.786 Thread 0x0000024c24b460c0 DEOPT UNPACKING pc=0x0000024c2c682b43 sp=0x00000064a44fd8c8 mode 0
Event: 0.786 Thread 0x0000024c24b460c0 DEOPT PACKING pc=0x0000024c2cfb0720 sp=0x00000064a44fe3f0
Event: 0.786 Thread 0x0000024c24b460c0 DEOPT UNPACKING pc=0x0000024c2c682b43 sp=0x00000064a44fd8c8 mode 0
Event: 0.786 Thread 0x0000024c24b460c0 DEOPT PACKING pc=0x0000024c2cfb0720 sp=0x00000064a44fe3f0
Event: 0.786 Thread 0x0000024c24b460c0 DEOPT UNPACKING pc=0x0000024c2c682b43 sp=0x00000064a44fd8c8 mode 0
Event: 0.786 Thread 0x0000024c24b460c0 DEOPT PACKING pc=0x0000024c2cfb0720 sp=0x00000064a44fe3f0
Event: 0.786 Thread 0x0000024c24b460c0 DEOPT UNPACKING pc=0x0000024c2c682b43 sp=0x00000064a44fd8c8 mode 0
Event: 0.786 Thread 0x0000024c24b460c0 DEOPT PACKING pc=0x0000024c2cfb0720 sp=0x00000064a44fe3f0
Event: 0.786 Thread 0x0000024c24b460c0 DEOPT UNPACKING pc=0x0000024c2c682b43 sp=0x00000064a44fd8c8 mode 0
Event: 0.786 Thread 0x0000024c24b460c0 DEOPT PACKING pc=0x0000024c2cfb0720 sp=0x00000064a44fe3f0
Event: 0.786 Thread 0x0000024c24b460c0 DEOPT UNPACKING pc=0x0000024c2c682b43 sp=0x00000064a44fd8c8 mode 0
Event: 0.786 Thread 0x0000024c24b460c0 DEOPT PACKING pc=0x0000024c2cfb0720 sp=0x00000064a44fe3f0
Event: 0.786 Thread 0x0000024c24b460c0 DEOPT UNPACKING pc=0x0000024c2c682b43 sp=0x00000064a44fd8c8 mode 0
Event: 0.825 Thread 0x0000024c24b460c0 DEOPT PACKING pc=0x0000024c2ce6c3e5 sp=0x00000064a44fde00
Event: 0.825 Thread 0x0000024c24b460c0 DEOPT UNPACKING pc=0x0000024c2c682b43 sp=0x00000064a44fd250 mode 0

Classes unloaded (0 events):
No events

Classes redefined (0 events):
No events

Internal exceptions (20 events):
Event: 0.108 Thread 0x0000024c24b460c0 Exception <a 'java/lang/NoSuchMethodError'{0x000000062162cb60}: 'int java.lang.invoke.DirectMethodHandle$Holder.invokeSpecial(java.lang.Object, java.lang.Object, java.lang.Object)'> (0x000000062162cb60) 
thrown [s\src\hotspot\share\interpreter\linkResolver.cpp, line 759]
Event: 0.122 Thread 0x0000024c24b460c0 Exception <a 'sun/nio/fs/WindowsException'{0x000000062168a478}> (0x000000062168a478) 
thrown [s\src\hotspot\share\prims\jni.cpp, line 516]
Event: 0.122 Thread 0x0000024c24b460c0 Exception <a 'sun/nio/fs/WindowsException'{0x000000062168a9c8}> (0x000000062168a9c8) 
thrown [s\src\hotspot\share\prims\jni.cpp, line 516]
Event: 0.128 Thread 0x0000024c24b460c0 Exception <a 'java/lang/NoSuchMethodError'{0x00000006216b3db8}: 'int java.lang.invoke.DirectMethodHandle$Holder.invokeStaticInit(java.lang.Object, java.lang.Object, int, long)'> (0x00000006216b3db8) 
thrown [s\src\hotspot\share\interpreter\linkResolver.cpp, line 759]
Event: 0.128 Thread 0x0000024c24b460c0 Exception <a 'java/lang/NoSuchMethodError'{0x00000006216b9680}: 'java.lang.Object java.lang.invoke.DirectMethodHandle$Holder.newInvokeSpecial(java.lang.Object, java.lang.Object, int)'> (0x00000006216b9680) 
thrown [s\src\hotspot\share\interpreter\linkResolver.cpp, line 759]
Event: 0.129 Thread 0x0000024c24b460c0 Exception <a 'java/lang/NoSuchMethodError'{0x00000006216c83d0}: 'int java.lang.invoke.DirectMethodHandle$Holder.invokeStaticInit(java.lang.Object, java.lang.Object, long, long)'> (0x00000006216c83d0) 
thrown [s\src\hotspot\share\interpreter\linkResolver.cpp, line 759]
Event: 0.130 Thread 0x0000024c24b460c0 Exception <a 'java/lang/NoSuchMethodError'{0x00000006216ce4e0}: 'java.lang.Object java.lang.invoke.DirectMethodHandle$Holder.newInvokeSpecial(java.lang.Object, java.lang.Object, long)'> (0x00000006216ce4e0) 
thrown [s\src\hotspot\share\interpreter\linkResolver.cpp, line 759]
Event: 0.130 Thread 0x0000024c24b460c0 Exception <a 'java/lang/NoSuchMethodError'{0x00000006216d2528}: 'java.lang.Object java.lang.invoke.Invokers$Holder.linkToTargetMethod(java.lang.Object, long, java.lang.Object)'> (0x00000006216d2528) 
thrown [s\src\hotspot\share\interpreter\linkResolver.cpp, line 759]
Event: 0.131 Thread 0x0000024c24b460c0 Exception <a 'java/lang/NoSuchMethodError'{0x00000006216d9c40}: 'int java.lang.invoke.DirectMethodHandle$Holder.invokeStaticInit(java.lang.Object, java.lang.Object, java.lang.Object, long)'> (0x00000006216d9c40) 
thrown [s\src\hotspot\share\interpreter\linkResolver.cpp, line 759]
Event: 0.142 Thread 0x0000024c24b460c0 Exception <a 'sun/nio/fs/WindowsException'{0x000000062177da90}> (0x000000062177da90) 
thrown [s\src\hotspot\share\prims\jni.cpp, line 516]
Event: 0.142 Thread 0x0000024c24b460c0 Exception <a 'sun/nio/fs/WindowsException'{0x000000062177ddf0}> (0x000000062177ddf0) 
thrown [s\src\hotspot\share\prims\jni.cpp, line 516]
Event: 0.650 Thread 0x0000024c24b460c0 Exception <a 'sun/nio/fs/WindowsException'{0x00000006217fc1c8}> (0x00000006217fc1c8) 
thrown [s\src\hotspot\share\prims\jni.cpp, line 516]
Event: 0.650 Thread 0x0000024c24b460c0 Exception <a 'sun/nio/fs/WindowsException'{0x00000006217fc570}> (0x00000006217fc570) 
thrown [s\src\hotspot\share\prims\jni.cpp, line 516]
Event: 0.652 Thread 0x0000024c24b460c0 Exception <a 'sun/nio/fs/WindowsException'{0x0000000621005768}> (0x0000000621005768) 
thrown [s\src\hotspot\share\prims\jni.cpp, line 516]
Event: 0.653 Thread 0x0000024c24b460c0 Exception <a 'sun/nio/fs/WindowsException'{0x0000000621005a48}> (0x0000000621005a48) 
thrown [s\src\hotspot\share\prims\jni.cpp, line 516]
Event: 0.709 Thread 0x0000024c24b460c0 Exception <a 'java/lang/ClassNotFoundException'{0x00000006212cd6f8}: sun/awt/resources/spi/awtProvider> (0x00000006212cd6f8) 
thrown [s\src\hotspot\share\classfile\systemDictionary.cpp, line 256]
Event: 0.719 Thread 0x0000024c24b460c0 Exception <a 'java/io/FileNotFoundException'{0x000000062131bc38}> (0x000000062131bc38) 
thrown [s\src\hotspot\share\prims\jni.cpp, line 516]
Event: 0.722 Thread 0x0000024c24b460c0 Exception <a 'java/io/FileNotFoundException'{0x0000000621348b48}> (0x0000000621348b48) 
thrown [s\src\hotspot\share\prims\jni.cpp, line 516]
Event: 0.736 Thread 0x0000024c24b460c0 Exception <a 'java/lang/NoSuchMethodError'{0x00000006213be1d0}: 'java.lang.Object java.lang.invoke.DirectMethodHandle$Holder.invokeStaticInit(java.lang.Object, int, int, int, int)'> (0x00000006213be1d0) 
thrown [s\src\hotspot\share\interpreter\linkResolver.cpp, line 759]
Event: 0.766 Thread 0x0000024c24b460c0 Exception <a 'java/lang/NoSuchMethodError'{0x0000000620c5a0e8}: 'java.lang.Object java.lang.invoke.DirectMethodHandle$Holder.invokeStaticInit(java.lang.Object, java.lang.Object, int, int, int, int)'> (0x0000000620c5a0e8) 
thrown [s\src\hotspot\share\interpreter\linkResolver.cpp, line 759]

VM Operations (10 events):
Event: 0.043 Executing VM operation: HandshakeAllThreads
Event: 0.044 Executing VM operation: HandshakeAllThreads done
Event: 0.089 Executing VM operation: HandshakeAllThreads
Event: 0.089 Executing VM operation: HandshakeAllThreads done
Event: 0.706 Executing VM operation: HandshakeAllThreads
Event: 0.706 Executing VM operation: HandshakeAllThreads done
Event: 0.729 Executing VM operation: HandshakeAllThreads
Event: 0.729 Executing VM operation: HandshakeAllThreads done
Event: 0.828 Executing VM operation: G1CollectForAllocation
Event: 0.831 Executing VM operation: G1CollectForAllocation done

Events (20 events):
Event: 0.817 loading class java/io/FilePermission$1
Event: 0.817 loading class jdk/internal/access/JavaIOFilePermissionAccess
Event: 0.817 loading class jdk/internal/access/JavaIOFilePermissionAccess done
Event: 0.817 loading class java/io/FilePermission$1 done
Event: 0.817 loading class sun/java2d/cmm/lcms/LCMSTransform$NativeTransform
Event: 0.817 loading class sun/java2d/cmm/lcms/LCMSTransform$NativeTransform done
Event: 0.820 loading class com/sun/imageio/plugins/jpeg/JPEGImageReader$3
Event: 0.820 loading class com/sun/imageio/plugins/jpeg/JPEGImageReader$3 done
Event: 0.820 loading class java/awt/image/ColorConvertOp
Event: 0.820 loading class java/awt/image/BufferedImageOp
Event: 0.820 loading class java/awt/image/BufferedImageOp done
Event: 0.820 loading class java/awt/image/RasterOp
Event: 0.820 loading class java/awt/image/RasterOp done
Event: 0.820 loading class java/awt/image/ColorConvertOp done
Event: 0.820 loading class sun/java2d/cmm/lcms/LCMSImageLayout$BandOrder
Event: 0.820 loading class sun/java2d/cmm/lcms/LCMSImageLayout$BandOrder done
Event: 0.820 loading class sun/java2d/cmm/lcms/LCMSImageLayout$1
Event: 0.820 loading class sun/java2d/cmm/lcms/LCMSImageLayout$1 done
Event: 0.825 loading class java/io/FileReader
Event: 0.825 loading class java/io/FileReader done


Dynamic libraries:
0x00007ff76b090000 - 0x00007ff76b09e000 	C:\Program Files\Eclipse Adoptium\jdk-17.0.4.8-hotspot\bin\java.exe
0x00007ffe6a2b0000 - 0x00007ffe6a4a8000 	C:\Windows\SYSTEM32\ntdll.dll
0x00007ffe68710000 - 0x00007ffe687cf000 	C:\Windows\System32\KERNEL32.DLL
0x00007ffe67ca0000 - 0x00007ffe67f72000 	C:\Windows\System32\KERNELBASE.dll
0x00007ffe67b70000 - 0x00007ffe67c70000 	C:\Windows\System32\ucrtbase.dll
0x00007ffe64c70000 - 0x00007ffe64c88000 	C:\Program Files\Eclipse Adoptium\jdk-17.0.4.8-hotspot\bin\jli.dll
0x00007ffe630a0000 - 0x00007ffe630b9000 	C:\Program Files\Eclipse Adoptium\jdk-17.0.4.8-hotspot\bin\VCRUNTIME140.dll
0x00007ffe69b70000 - 0x00007ffe69d11000 	C:\Windows\System32\USER32.dll
0x00007ffe54a70000 - 0x00007ffe54d0a000 	C:\Windows\WinSxS\amd64_microsoft.windows.common-controls_6595b64144ccf1df_6.0.19041.1110_none_60b5254171f9507e\COMCTL32.dll
0x00007ffe67a40000 - 0x00007ffe67a62000 	C:\Windows\System32\win32u.dll
0x00007ffe682f0000 - 0x00007ffe6838e000 	C:\Windows\System32\msvcrt.dll
0x00007ffe698a0000 - 0x00007ffe698cb000 	C:\Windows\System32\GDI32.dll
0x00007ffe68080000 - 0x00007ffe6818f000 	C:\Windows\System32\gdi32full.dll
0x00007ffe679a0000 - 0x00007ffe67a3d000 	C:\Windows\System32\msvcp_win.dll
0x00007ffe68c20000 - 0x00007ffe68c52000 	C:\Windows\System32\IMM32.DLL
0x00007ffe64d00000 - 0x00007ffe64d0c000 	C:\Program Files\Eclipse Adoptium\jdk-17.0.4.8-hotspot\bin\vcruntime140_1.dll
0x00007ffe63000000 - 0x00007ffe63091000 	C:\Program Files\Eclipse Adoptium\jdk-17.0.4.8-hotspot\bin\msvcp140.dll
0x00007ffe44ad0000 - 0x00007ffe45716000 	C:\Program Files\Eclipse Adoptium\jdk-17.0.4.8-hotspot\bin\server\jvm.dll
0x00007ffe68660000 - 0x00007ffe6870e000 	C:\Windows\System32\ADVAPI32.dll
0x00007ffe683a0000 - 0x00007ffe6843c000 	C:\Windows\System32\sechost.dll
0x00007ffe68940000 - 0x00007ffe68a65000 	C:\Windows\System32\RPCRT4.dll
0x00007ffe68390000 - 0x00007ffe68398000 	C:\Windows\System32\PSAPI.DLL
0x00007ffe53640000 - 0x00007ffe53649000 	C:\Windows\SYSTEM32\WSOCK32.dll
0x00007ffe58dd0000 - 0x00007ffe58df7000 	C:\Windows\SYSTEM32\WINMM.dll
0x00007ffe61050000 - 0x00007ffe6105a000 	C:\Windows\SYSTEM32\VERSION.dll
0x00007ffe69aa0000 - 0x00007ffe69b0b000 	C:\Windows\System32\WS2_32.dll
0x00007ffe661d0000 - 0x00007ffe661e2000 	C:\Windows\SYSTEM32\kernel.appcore.dll
0x00007ffe631f0000 - 0x00007ffe631fa000 	C:\Program Files\Eclipse Adoptium\jdk-17.0.4.8-hotspot\bin\jimage.dll
0x00007ffe656a0000 - 0x00007ffe65884000 	C:\Windows\SYSTEM32\DBGHELP.DLL
0x00007ffe4eb50000 - 0x00007ffe4eb85000 	C:\Windows\SYSTEM32\dbgcore.DLL
0x00007ffe67ae0000 - 0x00007ffe67b62000 	C:\Windows\System32\bcryptPrimitives.dll
0x00007ffe62fa0000 - 0x00007ffe62fae000 	C:\Program Files\Eclipse Adoptium\jdk-17.0.4.8-hotspot\bin\instrument.dll
0x00007ffe62fc0000 - 0x00007ffe62fe5000 	C:\Program Files\Eclipse Adoptium\jdk-17.0.4.8-hotspot\bin\java.dll
0x00007ffe5aa40000 - 0x00007ffe5ab16000 	C:\Program Files\Eclipse Adoptium\jdk-17.0.4.8-hotspot\bin\jsvml.dll
0x00007ffe69150000 - 0x00007ffe69894000 	C:\Windows\System32\SHELL32.dll
0x00007ffe65890000 - 0x00007ffe66022000 	C:\Windows\SYSTEM32\windows.storage.dll
0x00007ffe69d20000 - 0x00007ffe6a075000 	C:\Windows\System32\combase.dll
0x00007ffe67240000 - 0x00007ffe67270000 	C:\Windows\SYSTEM32\Wldp.dll
0x00007ffe68830000 - 0x00007ffe688dd000 	C:\Windows\System32\SHCORE.dll
0x00007ffe69b10000 - 0x00007ffe69b65000 	C:\Windows\System32\shlwapi.dll
0x00007ffe678e0000 - 0x00007ffe678ff000 	C:\Windows\SYSTEM32\profapi.dll
0x00007ffe5c680000 - 0x00007ffe5c698000 	C:\Program Files\Eclipse Adoptium\jdk-17.0.4.8-hotspot\bin\zip.dll
0x00007ffe62770000 - 0x00007ffe62789000 	C:\Program Files\Eclipse Adoptium\jdk-17.0.4.8-hotspot\bin\net.dll
0x00007ffe60680000 - 0x00007ffe6078c000 	C:\Windows\SYSTEM32\WINHTTP.dll
0x00007ffe67020000 - 0x00007ffe6708a000 	C:\Windows\system32\mswsock.dll
0x00007ffe619e0000 - 0x00007ffe619f5000 	C:\Program Files\Eclipse Adoptium\jdk-17.0.4.8-hotspot\bin\nio.dll
0x00007ffe5a710000 - 0x00007ffe5a72a000 	C:\Program Files\JetBrains\IntelliJ IDEA 2022.2\bin\breakgen64.dll
0x00007ffe44600000 - 0x00007ffe44675000 	C:\Users\justi\AppData\Local\Temp\lwjgljusti\3.3.1-build-7\lwjgl.dll
0x00007ffe42b40000 - 0x00007ffe42ba1000 	C:\Users\justi\AppData\Local\Temp\lwjgljusti\3.3.1-build-7\glfw.dll
0x00007ffe53430000 - 0x00007ffe53475000 	C:\Windows\SYSTEM32\dinput8.dll
0x00007ffe5a730000 - 0x00007ffe5a741000 	C:\Windows\SYSTEM32\xinput1_4.dll
0x00007ffe68030000 - 0x00007ffe6807e000 	C:\Windows\System32\cfgmgr32.dll
0x00007ffe67670000 - 0x00007ffe6769c000 	C:\Windows\SYSTEM32\DEVOBJ.dll
0x00007ffe65110000 - 0x00007ffe6513f000 	C:\Windows\SYSTEM32\dwmapi.dll
0x00007ffe5be70000 - 0x00007ffe5bfc2000 	C:\Windows\SYSTEM32\inputhost.dll
0x00007ffe68450000 - 0x00007ffe6851d000 	C:\Windows\System32\OLEAUT32.dll
0x00007ffe630c0000 - 0x00007ffe631b6000 	C:\Windows\SYSTEM32\PROPSYS.dll
0x00007ffe64b60000 - 0x00007ffe64c52000 	C:\Windows\SYSTEM32\CoreMessaging.dll
0x00007ffe64570000 - 0x00007ffe646c4000 	C:\Windows\SYSTEM32\wintypes.dll
0x00007ffe647d0000 - 0x00007ffe64b2e000 	C:\Windows\SYSTEM32\CoreUIComponents.dll
0x00007ffe66aa0000 - 0x00007ffe66ad3000 	C:\Windows\SYSTEM32\ntmarta.dll
0x00007ffe64f10000 - 0x00007ffe64fae000 	C:\Windows\system32\uxtheme.dll
0x00007ffe52990000 - 0x00007ffe52ac1000 	C:\ProgramData\A-Volute\A-Volute.28054DF1F58B4\Modules\ScheduledModules\x64\AudioDevProps2.dll
0x00007ffe68520000 - 0x00007ffe6864a000 	C:\Windows\System32\ole32.dll
0x00007ffe2f400000 - 0x00007ffe2f4ae000 	C:\ProgramData\A-Volute\A-Volute.28054DF1F58B4\Modules\ScheduledModules\x64\NahimicOSD.dll
0x00007ffe35b60000 - 0x00007ffe35b80000 	C:\ProgramData\A-Volute\A-Volute.28054DF1F58B4\Modules\ScheduledModules\x64\ProductInfo.dll
0x00007ffe6a080000 - 0x00007ffe6a195000 	C:\Windows\System32\MSCTF.dll
0x00007ffe0d480000 - 0x00007ffe0d5a5000 	C:\Windows\SYSTEM32\opengl32.dll
0x00007ffe0d450000 - 0x00007ffe0d47c000 	C:\Windows\SYSTEM32\GLU32.dll
0x00007ffe6a1c0000 - 0x00007ffe6a26f000 	C:\Windows\System32\clbcatq.dll
0x00007ffde60d0000 - 0x00007ffde928a000 	C:\Windows\System32\DriverStore\FileRepository\nv_dispig.inf_amd64_70cfb45e19c20af4\nvoglv64.dll
0x00007ffe68ce0000 - 0x00007ffe69148000 	C:\Windows\System32\SETUPAPI.dll
0x00007ffe61a20000 - 0x00007ffe61a34000 	C:\Windows\SYSTEM32\WTSAPI32.dll
0x00007ffe671b0000 - 0x00007ffe671bc000 	C:\Windows\SYSTEM32\CRYPTBASE.DLL
0x0000024c53a60000 - 0x0000024c53a87000 	C:\Windows\System32\bcrypt.dll
0x00007ffe67630000 - 0x00007ffe67642000 	C:\Windows\SYSTEM32\msasn1.dll
0x00007ffe61010000 - 0x00007ffe61041000 	C:\Windows\SYSTEM32\cryptnet.dll
0x00007ffe68190000 - 0x00007ffe682e6000 	C:\Windows\System32\CRYPT32.dll
0x00007ffe60d40000 - 0x00007ffe60e88000 	C:\Windows\SYSTEM32\drvstore.dll
0x00007ffe67a70000 - 0x00007ffe67ad9000 	C:\Windows\System32\WINTRUST.dll
0x00007ffe627d0000 - 0x00007ffe6280b000 	C:\Windows\SYSTEM32\dxcore.dll
0x00007ffe67810000 - 0x00007ffe6785b000 	C:\Windows\SYSTEM32\powrprof.dll
0x00007ffe677f0000 - 0x00007ffe67802000 	C:\Windows\SYSTEM32\UMPDC.dll
0x00007ffe676d0000 - 0x00007ffe67734000 	C:\Windows\SYSTEM32\WINSTA.dll
0x00007ffe5d6d0000 - 0x00007ffe5d89e000 	C:\Windows\SYSTEM32\d3d9.dll
0x00007ffe6a1a0000 - 0x00007ffe6a1bd000 	C:\Windows\System32\imagehlp.dll
0x00007ffe675a0000 - 0x00007ffe675b8000 	C:\Windows\SYSTEM32\CRYPTSP.dll
0x00007ffe66960000 - 0x00007ffe66994000 	C:\Windows\system32\rsaenh.dll
0x00007ffe5c070000 - 0x00007ffe5c169000 	C:\Windows\SYSTEM32\textinputframework.dll
0x00007ffe43840000 - 0x00007ffe4389d000 	C:\Users\justi\AppData\Local\Temp\lwjgljusti\3.3.1-build-7\lwjgl_opengl.dll
0x00007ffe3d9e0000 - 0x00007ffe3db6e000 	C:\Program Files\Eclipse Adoptium\jdk-17.0.4.8-hotspot\bin\awt.dll
0x00007ffe64d40000 - 0x00007ffe64dd1000 	C:\Windows\SYSTEM32\apphelp.dll
0x00007ffe678a0000 - 0x00007ffe678ce000 	C:\Windows\SYSTEM32\USERENV.dll
0x00007ffe66d30000 - 0x00007ffe66d6b000 	C:\Windows\SYSTEM32\IPHLPAPI.DLL
0x00007ffe68440000 - 0x00007ffe68448000 	C:\Windows\System32\NSI.dll
0x00007ffe61190000 - 0x00007ffe611a7000 	C:\Windows\SYSTEM32\dhcpcsvc6.DLL
0x00007ffe61170000 - 0x00007ffe6118d000 	C:\Windows\SYSTEM32\dhcpcsvc.DLL
0x00007ffe66d70000 - 0x00007ffe66e3a000 	C:\Windows\SYSTEM32\DNSAPI.dll
0x00007ffe51410000 - 0x00007ffe5143d000 	C:\Program Files\Eclipse Adoptium\jdk-17.0.4.8-hotspot\bin\javajpeg.dll
0x00007ffe44850000 - 0x00007ffe44891000 	C:\Program Files\Eclipse Adoptium\jdk-17.0.4.8-hotspot\bin\lcms.dll

dbghelp: loaded successfully - version: 4.0.5 - missing functions: none
symbol engine: initialized successfully - sym options: 0x614 - pdb path: .;C:\Program Files\Eclipse Adoptium\jdk-17.0.4.8-hotspot\bin;C:\Windows\SYSTEM32;C:\Windows\WinSxS\amd64_microsoft.windows.common-controls_6595b64144ccf1df_6.0.19041.1110_none_60b5254171f9507e;C:\Program Files\Eclipse Adoptium\jdk-17.0.4.8-hotspot\bin\server;C:\Program Files\JetBrains\IntelliJ IDEA 2022.2\bin;C:\Users\justi\AppData\Local\Temp\lwjgljusti\3.3.1-build-7;C:\ProgramData\A-Volute\A-Volute.28054DF1F58B4\Modules\ScheduledModules\x64;C:\Windows\System32\DriverStore\FileRepository\nv_dispig.inf_amd64_70cfb45e19c20af4

VM Arguments:
jvm_args: -javaagent:C:\Program Files\JetBrains\IntelliJ IDEA 2022.2\lib\idea_rt.jar=51780:C:\Program Files\JetBrains\IntelliJ IDEA 2022.2\bin -Dfile.encoding=UTF-8 
java_command: projekt.Projekt
java_class_path (initial): C:\Users\justi\Documents\PROJECTS\Uni\Computergrafik\classes\production\Computergrafik;C:\Users\justi\Documents\PROJECTS\Uni\Computergrafik\lib\lwjgl.jar;C:\Users\justi\Documents\PROJECTS\Uni\Computergrafik\lib\lwjgl-glfw.jar;C:\Users\justi\Documents\PROJECTS\Uni\Computergrafik\lib\lwjgl-opengl.jar;C:\Users\justi\Documents\PROJECTS\Uni\Computergrafik\lib\lwjgl-javadoc.jar;C:\Users\justi\Documents\PROJECTS\Uni\Computergrafik\lib\lwjgl-sources.jar;C:\Users\justi\Documents\PROJECTS\Uni\Computergrafik\lib\lwjgl-glfw-javadoc.jar;C:\Users\justi\Documents\PROJECTS\Uni\Computergrafik\lib\lwjgl-glfw-sources.jar;C:\Users\justi\Documents\PROJECTS\Uni\Computergrafik\lib\lwjgl-natives-linux.jar;C:\Users\justi\Documents\PROJECTS\Uni\Computergrafik\lib\lwjgl-natives-macos.jar;C:\Users\justi\Documents\PROJECTS\Uni\Computergrafik\lib\lwjgl-opengl-javadoc.jar;C:\Users\justi\Documents\PROJECTS\Uni\Computergrafik\lib\lwjgl-opengl-sources.jar;C:\Users\justi\Documents\PROJECTS\Uni\Computergrafik\lib\lwjgl-natives-windows.jar;C:\Users\justi\Documents\PROJECTS\Uni\Computergrafik\lib\lwjgl-glfw-natives-linux.jar;C:\Users\justi\Documents\PROJECTS\Uni\Computergrafik\lib\lwjgl-glfw-natives-macos.jar;C:\Users\justi\Documents\PROJECTS\Uni\Computergrafik\lib\lwjgl-natives-linux-arm32.jar;C:\Users\justi\Documents\PROJECTS\Uni\Computergrafik\lib\lwjgl-natives-linux-arm64.jar;C:\Users\justi\Documents\PROJECTS\Uni\Computergrafik\lib\lwjgl-natives-macos-arm64.jar;C:\Users\justi\Documents\PROJECTS\Uni\Computergrafik\lib\lwjgl-natives-windows-x86.jar;C:\Users\justi\Documents\PROJECTS\Uni\Computergrafik\lib\lwjgl-glfw-natives-windows.jar;C:\Users\justi\Documents\PROJECTS\Uni\Computergrafik\lib\lwjgl-opengl-natives-linux.jar;C:\Users\justi\Documents\PROJECTS\Uni\Computergrafik\lib\lwjgl-opengl-natives-macos.jar;C:\Users\justi\Documents\PROJECTS\Uni\Computergrafik\lib\lwjgl-natives-windows-arm64.jar;C:\Users\justi\Documents\PROJECTS\Uni\Computergrafik\lib\lwjgl-opengl-natives-w
Launcher Type: SUN_STANDARD

[Global flags]
     intx CICompilerCount                          = 15                                        {product} {ergonomic}
     uint ConcGCThreads                            = 6                                         {product} {ergonomic}
     uint G1ConcRefinementThreads                  = 23                                        {product} {ergonomic}
   size_t G1HeapRegionSize                         = 4194304                                   {product} {ergonomic}
    uintx GCDrainStackTargetSize                   = 64                                        {product} {ergonomic}
   size_t InitialHeapSize                          = 536870912                                 {product} {ergonomic}
   size_t MarkStackSize                            = 4194304                                   {product} {ergonomic}
   size_t MaxHeapSize                              = 8560574464                                {product} {ergonomic}
   size_t MaxNewSize                               = 5133828096                                {product} {ergonomic}
   size_t MinHeapDeltaBytes                        = 4194304                                   {product} {ergonomic}
   size_t MinHeapSize                              = 8388608                                   {product} {ergonomic}
    uintx NonNMethodCodeHeapSize                   = 8192380                                {pd product} {ergonomic}
    uintx NonProfiledCodeHeapSize                  = 121732930                              {pd product} {ergonomic}
    uintx ProfiledCodeHeapSize                     = 121732930                              {pd product} {ergonomic}
    uintx ReservedCodeCacheSize                    = 251658240                              {pd product} {ergonomic}
     bool SegmentedCodeCache                       = true                                      {product} {ergonomic}
   size_t SoftMaxHeapSize                          = 8560574464                             {manageable} {ergonomic}
     bool UseCompressedClassPointers               = true                           {product lp64_product} {ergonomic}
     bool UseCompressedOops                        = true                           {product lp64_product} {ergonomic}
     bool UseG1GC                                  = true                                      {product} {ergonomic}
     bool UseLargePagesIndividualAllocation        = false                                  {pd product} {ergonomic}

Logging:
Log output configuration:
 #0: stdout all=warning uptime,level,tags
 #1: stderr all=off uptime,level,tags

Environment Variables:
PATH=C:\Program Files (x86)\Razer Chroma SDK\bin;C:\Program Files\Razer Chroma SDK\bin;C:\Python310\Scripts\;C:\Python310\;C:\Program Files\Eclipse Adoptium\jdk-17.0.4.8-hotspot\bin;C:\Program Files (x86)\Razer\ChromaBroadcast\bin;C:\Program Files\Razer\ChromaBroadcast\bin;C:\Program Files (x86)\Common Files\Intel\Shared Libraries\redist\intel64\compiler;C:\Windows\system32;C:\Windows;C:\Windows\System32\Wbem;C:\Windows\System32\WindowsPowerShell\v1.0\;C:\Windows\System32\OpenSSH\;C:\Program Files\dotnet\;C:\Program Files (x86)\NVIDIA Corporation\PhysX\Common;C:\Windows\system32\config\systemprofile\AppData\Local\Microsoft\WindowsApps;C:\Program Files\Git\cmd;C:\Program Files\nodejs\;C:\ProgramData\chocolatey\bin;C:\Program Files\MySQL\MySQL Server 8.0\bin;;C:\Program Files\Docker\Docker\resources\bin;C:\Program Files\MySQL\MySQL Shell 8.0\bin\;C:\Users\justi\AppData\Local\Microsoft\WindowsApps;C:\Users\justi\AppData\Local\Programs\Microsoft VS Code\bin;C:\Users\justi\AppData\Roaming\npm;C:\Users\justi\AppData\Local\JetBrains\Toolbox\scripts;
USERNAME=justi
OS=Windows_NT
PROCESSOR_IDENTIFIER=AMD64 Family 25 Model 33 Stepping 2, AuthenticAMD
TMP=C:\Users\justi\AppData\Local\Temp
TEMP=C:\Users\justi\AppData\Local\Temp



---------------  S Y S T E M  ---------------

OS:
 Windows 10 , 64 bit Build 19041 (10.0.19041.2364)
OS uptime: 0 days 22:27 hours
Hyper-V role detected

CPU: total 32 (initial active 32) (32 cores per cpu, 2 threads per core) family 25 model 33 stepping 2 microcode 0x0, cx8, cmov, fxsr, ht, mmx, 3dnowpref, sse, sse2, sse3, ssse3, sse4a, sse4.1, sse4.2, popcnt, lzcnt, tsc, tscinvbit, avx, avx2, aes, erms, clmul, bmi1, bmi2, adx, sha, fma, vzeroupper, clflush, clflushopt, hv

Memory: 4k page, system-wide physical 32653M (16406M free)
TotalPageFile size 37517M (AvailPageFile size 14108M)
current process WorkingSet (physical memory assigned to process): 113M, peak: 113M
current process commit charge ("private bytes"): 703M, peak: 703M

vm_info: OpenJDK 64-Bit Server VM (17.0.4+8) for windows-amd64 JRE (17.0.4+8), built on Jul 19 2022 16:05:16 by "temurin" with MS VC++ 16.7 (VS2019)

END.
