#
# A fatal error has been detected by the Java Runtime Environment:
#
#  EXCEPTION_ACCESS_VIOLATION (0xc0000005) at pc=0x00007ffde6dad089, pid=30156, tid=24872
#
# JRE version: OpenJDK Runtime Environment Temurin-17.0.4+8 (17.0.4+8) (build 17.0.4+8)
# Java VM: OpenJDK 64-Bit Server VM Temurin-17.0.4+8 (17.0.4+8, mixed mode, sharing, tiered, compressed oops, compressed class ptrs, g1 gc, windows-amd64)
# Problematic frame:
# C  [nvoglv64.dll+0xcdd089]
#
# No core dump will be written. Minidumps are not enabled by default on client versions of Windows
#
# If you would like to submit a bug report, please visit:
#   https://github.com/adoptium/adoptium-support/issues
# The crash happened outside the Java Virtual Machine in native code.
# See problematic frame for where to report the bug.
#

---------------  S U M M A R Y ------------

Command Line: -javaagent:C:\Program Files\JetBrains\IntelliJ IDEA 2022.2\lib\idea_rt.jar=65036:C:\Program Files\JetBrains\IntelliJ IDEA 2022.2\bin -Dfile.encoding=UTF-8 projekt.Projekt

Host: AMD Ryzen 9 5950X 16-Core Processor            , 32 cores, 31G,  Windows 10 , 64 bit Build 19041 (10.0.19041.2364)
Time: Tue Jan 10 21:19:35 2023 W. Europe Standard Time elapsed time: 0.798649 seconds (0d 0h 0m 0s)

---------------  T H R E A D  ---------------

Current thread (0x000002928f285f70):  JavaThread "main" [_thread_in_native, id=24872, stack(0x000000a404100000,0x000000a404200000)]

Stack: [0x000000a404100000,0x000000a404200000],  sp=0x000000a4041fed20,  free space=1019k
Native frames: (J=compiled Java code, j=interpreted, Vv=VM code, C=native code)
C  [nvoglv64.dll+0xcdd089]

Java frames: (J=compiled Java code, j=interpreted, Vv=VM code)
j  org.lwjgl.opengl.GL11C.nglDrawElements(IIIJ)V+0
j  org.lwjgl.opengl.GL11C.glDrawElements(IIIJ)V+4
j  org.lwjgl.opengl.GL11.glDrawElements(IIIJ)V+4
j  projekt.Projekt.render()V+42
j  lenz.opengl.AbstractOpenGLBase.start(Ljava/lang/String;II)V+61
j  projekt.Projekt.main([Ljava/lang/String;)V+15
v  ~StubRoutines::call_stub

siginfo: EXCEPTION_ACCESS_VIOLATION (0xc0000005), reading address 0x0000000000000044


Register to memory mapping:

RIP=0x00007ffde6dad089 nvoglv64.dll
RAX=0x00000012cebd2d27 is an unknown value
RBX=0x0000000000000001 is an unknown value
RCX=0x0 is NULL
RDX=0x000000bc1363c389 is an unknown value
RSP=0x000000a4041fed20 is pointing into the stack for thread: 0x000002928f285f70
RBP=0x0000000000000012 is an unknown value
RSI=0x0000000000000012 is an unknown value
RDI=0x0000000000001405 is an unknown value
R8 =0x0000000000000025 is an unknown value
R9 =0x0 is NULL
R10=0x0000000000000002 is an unknown value
R11=0x000000af50b29e37 is an unknown value
R12=0x0000000000000004 is an unknown value
R13=0x00000292bffda080 points into unknown readable memory: 0x0000000000000000 | 00 00 00 00 00 00 00 00
R14=0x0 is NULL
R15=0x00000292bffdce68 points into unknown readable memory: 0x0000000200000006 | 06 00 00 00 02 00 00 00


Registers:
RAX=0x00000012cebd2d27, RBX=0x0000000000000001, RCX=0x0000000000000000, RDX=0x000000bc1363c389
RSP=0x000000a4041fed20, RBP=0x0000000000000012, RSI=0x0000000000000012, RDI=0x0000000000001405
R8 =0x0000000000000025, R9 =0x0000000000000000, R10=0x0000000000000002, R11=0x000000af50b29e37
R12=0x0000000000000004, R13=0x00000292bffda080, R14=0x0000000000000000, R15=0x00000292bffdce68
RIP=0x00007ffde6dad089, EFLAGS=0x0000000000010246

Top of Stack: (sp=0x000000a4041fed20)
0x000000a4041fed20:   0000000000000001 0000000000000000
0x000000a4041fed30:   0000000000000000 00007ffe44e52ca3
0x000000a4041fed40:   0000000000000000 0000000000000000
0x000000a4041fed50:   0000000000000000 0000000000000000
0x000000a4041fed60:   0000000000000000 0000000000000000
0x000000a4041fed70:   00000292bffdce68 00000292bdf85ac0
0x000000a4041fed80:   000002920000000e 000000000017555d
0x000000a4041fed90:   00000292be592b28 0000000000000000
0x000000a4041feda0:   000000a4041fef40 0000000000001405
0x000000a4041fedb0:   0000000000000004 00000292bffda080
0x000000a4041fedc0:   0000000000000012 000000a4041fef00
0x000000a4041fedd0:   0000000000000000 00007ffde6a0fd46
0x000000a4041fede0:   0000000000000000 0000029200000004
0x000000a4041fedf0:   000000a400000000 00007ffe00000000
0x000000a4041fee00:   0000000000000048 0000029200001405
0x000000a4041fee10:   0000000000000000 0000029200000000 

Instructions: (pc=0x00007ffde6dad089)
0x00007ffde6dacf89:   57 48 83 ec 78 4c 8b b9 08 03 00 00 4c 8b e9 48
0x00007ffde6dacf99:   63 ac 24 e0 00 00 00 44 8b c2 8b bc 24 e8 00 00
0x00007ffde6dacfa9:   00 8b d5 4c 8b b4 24 f0 00 00 00 8b cf 45 8b 57
0x00007ffde6dacfb9:   14 41 8b 47 18 41 f7 d2 45 23 57 0c 41 0b c2 d1
0x00007ffde6dacfc9:   e9 83 e1 03 4c 89 7c 24 50 d3 e2 f7 d0 41 23 47
0x00007ffde6dacfd9:   10 41 80 7f 1e 00 89 94 24 e0 00 00 00 0f 85 64
0x00007ffde6dacfe9:   08 00 00 41 80 bd 5c ec 55 00 00 0f 85 56 08 00
0x00007ffde6dacff9:   00 85 ed 0f 8e 4e 08 00 00 41 83 f8 0e 0f 87 44
0x00007ffde6dad009:   08 00 00 41 3b 95 a8 ee 55 00 0f 8f 37 08 00 00
0x00007ffde6dad019:   41 83 7f 08 00 0f 85 2c 08 00 00 41 80 7f 1d 00
0x00007ffde6dad029:   0f 85 21 08 00 00 41 80 7f 1c 00 0f 85 16 08 00
0x00007ffde6dad039:   00 41 80 bd 65 38 55 00 00 0f 85 08 08 00 00 41
0x00007ffde6dad049:   80 bd 6c 38 55 00 00 0f 85 fa 07 00 00 a9 00 00
0x00007ffde6dad059:   03 00 0f 85 ef 07 00 00 44 0b d0 45 85 57 20 0f
0x00007ffde6dad069:   85 e2 07 00 00 bb 01 00 00 00 49 8d 8d 00 f0 55
0x00007ffde6dad079:   00 8b d3 e8 bf 93 e7 ff 81 ff 05 14 00 00 75 18
0x00007ffde6dad089:   41 8b 44 ae fc 4c 8d 65 ff 41 8b 0e 8b f8 3b c8
0x00007ffde6dad099:   0f 47 f9 0f 42 c1 eb 5b 81 ff 03 14 00 00 75 24
0x00007ffde6dad0a9:   41 0f b7 4c 6e fe 4c 8d 65 ff 41 0f b7 16 0f b7
0x00007ffde6dad0b9:   c1 66 3b d1 66 0f 47 c2 66 0f 42 ca 0f b7 f8 0f
0x00007ffde6dad0c9:   b7 c1 eb 2f 81 ff 01 14 00 00 0f 85 77 07 00 00
0x00007ffde6dad0d9:   42 0f b6 54 35 ff 4c 8d 65 ff 45 0f b6 06 8b ca
0x00007ffde6dad0e9:   44 3a c2 41 0f 47 c8 0f b6 f9 8b ca 41 0f 42 c8
0x00007ffde6dad0f9:   0f b6 c1 49 8b cf 8d 75 ff 2b f8 e8 47 0b 00 00
0x00007ffde6dad109:   45 8b 57 78 41 8b c2 0f af c7 44 89 94 24 c0 00
0x00007ffde6dad119:   00 00 41 3b 85 ac ee 55 00 0f 8f 21 07 00 00 8b
0x00007ffde6dad129:   84 24 e8 00 00 00 0f 29 74 24 60 3d 05 14 00 00
0x00007ffde6dad139:   0f 85 f6 00 00 00 45 8b 3e 41 8b ff 49 8d 56 04
0x00007ffde6dad149:   3b eb 0f 8e 70 03 00 00 83 fe 08 0f 82 b1 00 00
0x00007ffde6dad159:   00 83 3d df e3 1d 02 02 0f 8c a4 00 00 00 81 e6
0x00007ffde6dad169:   07 00 00 80 7d 07 ff ce 83 ce f8 ff c6 66 41 0f
0x00007ffde6dad179:   6e cf 8b c5 66 0f 70 c9 00 2b c6 66 0f 6f d9 66 


Stack slot to memory mapping:
stack at sp + 0 slots: 0x0000000000000001 is an unknown value
stack at sp + 1 slots: 0x0 is NULL
stack at sp + 2 slots: 0x0 is NULL
stack at sp + 3 slots: 0x00007ffe44e52ca3 jvm.dll
stack at sp + 4 slots: 0x0 is NULL
stack at sp + 5 slots: 0x0 is NULL
stack at sp + 6 slots: 0x0 is NULL
stack at sp + 7 slots: 0x0 is NULL


---------------  P R O C E S S  ---------------

Threads class SMR info:
_java_thread_list=0x00000292c4d34800, length=17, elements={
0x000002928f285f70, 0x00000292bdc175d0, 0x00000292bdc18440, 0x00000292bdc24490,
0x00000292bdc26e50, 0x00000292bdc27800, 0x00000292bdc281b0, 0x00000292bdc296b0,
0x00000292bdc37be0, 0x00000292bdc60db0, 0x00000292bdd4f160, 0x00000292bdd56560,
0x00000292bdd56ee0, 0x00000292be972b50, 0x00000292be973020, 0x00000292c4b46ad0,
0x00000292c4c03f10
}

Java Threads: ( => current thread )
=>0x000002928f285f70 JavaThread "main" [_thread_in_native, id=24872, stack(0x000000a404100000,0x000000a404200000)]
  0x00000292bdc175d0 JavaThread "Reference Handler" daemon [_thread_blocked, id=35984, stack(0x000000a404800000,0x000000a404900000)]
  0x00000292bdc18440 JavaThread "Finalizer" daemon [_thread_blocked, id=29040, stack(0x000000a404900000,0x000000a404a00000)]
  0x00000292bdc24490 JavaThread "Signal Dispatcher" daemon [_thread_blocked, id=28916, stack(0x000000a404a00000,0x000000a404b00000)]
  0x00000292bdc26e50 JavaThread "Attach Listener" daemon [_thread_blocked, id=15196, stack(0x000000a404b00000,0x000000a404c00000)]
  0x00000292bdc27800 JavaThread "Service Thread" daemon [_thread_blocked, id=27388, stack(0x000000a404c00000,0x000000a404d00000)]
  0x00000292bdc281b0 JavaThread "Monitor Deflation Thread" daemon [_thread_blocked, id=36556, stack(0x000000a404d00000,0x000000a404e00000)]
  0x00000292bdc296b0 JavaThread "C2 CompilerThread0" daemon [_thread_blocked, id=23092, stack(0x000000a404e00000,0x000000a404f00000)]
  0x00000292bdc37be0 JavaThread "C1 CompilerThread0" daemon [_thread_blocked, id=14268, stack(0x000000a404f00000,0x000000a405000000)]
  0x00000292bdc60db0 JavaThread "Sweeper thread" daemon [_thread_blocked, id=22024, stack(0x000000a405000000,0x000000a405100000)]
  0x00000292bdd4f160 JavaThread "Common-Cleaner" daemon [_thread_blocked, id=23100, stack(0x000000a405100000,0x000000a405200000)]
  0x00000292bdd56560 JavaThread "C1 CompilerThread1" daemon [_thread_blocked, id=22032, stack(0x000000a405200000,0x000000a405300000)]
  0x00000292bdd56ee0 JavaThread "C1 CompilerThread2" daemon [_thread_blocked, id=21000, stack(0x000000a405300000,0x000000a405400000)]
  0x00000292be972b50 JavaThread "Monitor Ctrl-Break" daemon [_thread_in_native, id=26152, stack(0x000000a405500000,0x000000a405600000)]
  0x00000292be973020 JavaThread "Notification Thread" daemon [_thread_blocked, id=25332, stack(0x000000a405600000,0x000000a405700000)]
  0x00000292c4b46ad0 JavaThread "C2 CompilerThread1" daemon [_thread_blocked, id=34552, stack(0x000000a405400000,0x000000a405500000)]
  0x00000292c4c03f10 JavaThread "Java2D Disposer" daemon [_thread_blocked, id=17844, stack(0x000000a405f00000,0x000000a406000000)]

Other Threads:
  0x00000292bc649900 VMThread "VM Thread" [stack: 0x000000a404700000,0x000000a404800000] [id=16860]
  0x000002928f3570a0 WatcherThread [stack: 0x000000a405700000,0x000000a405800000] [id=24900]
  0x000002928f3340c0 GCTaskThread "GC Thread#0" [stack: 0x000000a404200000,0x000000a404300000] [id=10764]
  0x00000292c5107390 GCTaskThread "GC Thread#1" [stack: 0x000000a406000000,0x000000a406100000] [id=32812]
  0x00000292c5107640 GCTaskThread "GC Thread#2" [stack: 0x000000a406100000,0x000000a406200000] [id=17188]
  0x00000292c5107ba0 GCTaskThread "GC Thread#3" [stack: 0x000000a406200000,0x000000a406300000] [id=24072]
  0x00000292c51070e0 GCTaskThread "GC Thread#4" [stack: 0x000000a406300000,0x000000a406400000] [id=30140]
  0x00000292c5107e50 GCTaskThread "GC Thread#5" [stack: 0x000000a406400000,0x000000a406500000] [id=32036]
  0x00000292c51083b0 GCTaskThread "GC Thread#6" [stack: 0x000000a406500000,0x000000a406600000] [id=18016]
  0x00000292c5108660 GCTaskThread "GC Thread#7" [stack: 0x000000a406600000,0x000000a406700000] [id=30208]
  0x00000292c5106e30 GCTaskThread "GC Thread#8" [stack: 0x000000a406700000,0x000000a406800000] [id=28884]
  0x00000292c5108910 GCTaskThread "GC Thread#9" [stack: 0x000000a406800000,0x000000a406900000] [id=12588]
  0x00000292c5108100 GCTaskThread "GC Thread#10" [stack: 0x000000a406900000,0x000000a406a00000] [id=26980]
  0x00000292c51078f0 GCTaskThread "GC Thread#11" [stack: 0x000000a406a00000,0x000000a406b00000] [id=1048]
  0x000002928f2a1c60 ConcurrentGCThread "G1 Main Marker" [stack: 0x000000a404300000,0x000000a404400000] [id=28980]
  0x000002928f347e10 ConcurrentGCThread "G1 Conc#0" [stack: 0x000000a404400000,0x000000a404500000] [id=32412]
  0x00000292bc57fac0 ConcurrentGCThread "G1 Refine#0" [stack: 0x000000a404500000,0x000000a404600000] [id=23404]
  0x00000292bc5804e0 ConcurrentGCThread "G1 Service" [stack: 0x000000a404600000,0x000000a404700000] [id=31012]

Threads with active compile tasks:

VM state: not at safepoint (normal execution)

VM Mutex/Monitor currently owned by a thread: None

Heap address: 0x0000000601c00000, size: 8164 MB, Compressed Oops mode: Zero based, Oop shift amount: 3

CDS archive(s) mapped at: [0x0000000800000000-0x0000000800bc0000-0x0000000800bc0000), size 12320768, SharedBaseAddress: 0x0000000800000000, ArchiveRelocationMode: 0.
Compressed class space mapped at: 0x0000000800c00000-0x0000000840c00000, reserved size: 1073741824
Narrow klass base: 0x0000000800000000, Narrow klass shift: 0, Narrow klass range: 0x100000000

GC Precious Log:
 CPUs: 32 total, 32 available
 Memory: 32653M
 Large Page Support: Disabled
 NUMA Support: Disabled
 Compressed Oops: Enabled (Zero based)
 Heap Region Size: 4M
 Heap Min Capacity: 8M
 Heap Initial Capacity: 512M
 Heap Max Capacity: 8164M
 Pre-touch: Disabled
 Parallel Workers: 23
 Concurrent Workers: 6
 Concurrent Refinement Workers: 23
 Periodic GC: Disabled

Heap:
 garbage-first heap   total 524288K, used 2859K [0x0000000601c00000, 0x0000000800000000)
  region size 4096K, 2 young (8192K), 1 survivors (4096K)
 Metaspace       used 6079K, committed 6272K, reserved 1056768K
  class space    used 441K, committed 512K, reserved 1048576K

Heap Regions: E=young(eden), S=young(survivor), O=old, HS=humongous(starts), HC=humongous(continues), CS=collection set, F=free, OA=open archive, CA=closed archive, TAMS=top-at-mark-start (previous, next)
|   0|0x0000000601c00000, 0x0000000601c00000, 0x0000000602000000|  0%| F|  |TAMS 0x0000000601c00000, 0x0000000601c00000| Untracked 
|   1|0x0000000602000000, 0x0000000602000000, 0x0000000602400000|  0%| F|  |TAMS 0x0000000602000000, 0x0000000602000000| Untracked 
|   2|0x0000000602400000, 0x0000000602400000, 0x0000000602800000|  0%| F|  |TAMS 0x0000000602400000, 0x0000000602400000| Untracked 
|   3|0x0000000602800000, 0x0000000602800000, 0x0000000602c00000|  0%| F|  |TAMS 0x0000000602800000, 0x0000000602800000| Untracked 
|   4|0x0000000602c00000, 0x0000000602c00000, 0x0000000603000000|  0%| F|  |TAMS 0x0000000602c00000, 0x0000000602c00000| Untracked 
|   5|0x0000000603000000, 0x0000000603000000, 0x0000000603400000|  0%| F|  |TAMS 0x0000000603000000, 0x0000000603000000| Untracked 
|   6|0x0000000603400000, 0x0000000603400000, 0x0000000603800000|  0%| F|  |TAMS 0x0000000603400000, 0x0000000603400000| Untracked 
|   7|0x0000000603800000, 0x0000000603800000, 0x0000000603c00000|  0%| F|  |TAMS 0x0000000603800000, 0x0000000603800000| Untracked 
|   8|0x0000000603c00000, 0x0000000603c00000, 0x0000000604000000|  0%| F|  |TAMS 0x0000000603c00000, 0x0000000603c00000| Untracked 
|   9|0x0000000604000000, 0x0000000604000000, 0x0000000604400000|  0%| F|  |TAMS 0x0000000604000000, 0x0000000604000000| Untracked 
|  10|0x0000000604400000, 0x0000000604400000, 0x0000000604800000|  0%| F|  |TAMS 0x0000000604400000, 0x0000000604400000| Untracked 
|  11|0x0000000604800000, 0x0000000604800000, 0x0000000604c00000|  0%| F|  |TAMS 0x0000000604800000, 0x0000000604800000| Untracked 
|  12|0x0000000604c00000, 0x0000000604c00000, 0x0000000605000000|  0%| F|  |TAMS 0x0000000604c00000, 0x0000000604c00000| Untracked 
|  13|0x0000000605000000, 0x0000000605000000, 0x0000000605400000|  0%| F|  |TAMS 0x0000000605000000, 0x0000000605000000| Untracked 
|  14|0x0000000605400000, 0x0000000605400000, 0x0000000605800000|  0%| F|  |TAMS 0x0000000605400000, 0x0000000605400000| Untracked 
|  15|0x0000000605800000, 0x0000000605800000, 0x0000000605c00000|  0%| F|  |TAMS 0x0000000605800000, 0x0000000605800000| Untracked 
|  16|0x0000000605c00000, 0x0000000605c00000, 0x0000000606000000|  0%| F|  |TAMS 0x0000000605c00000, 0x0000000605c00000| Untracked 
|  17|0x0000000606000000, 0x0000000606000000, 0x0000000606400000|  0%| F|  |TAMS 0x0000000606000000, 0x0000000606000000| Untracked 
|  18|0x0000000606400000, 0x0000000606400000, 0x0000000606800000|  0%| F|  |TAMS 0x0000000606400000, 0x0000000606400000| Untracked 
|  19|0x0000000606800000, 0x0000000606800000, 0x0000000606c00000|  0%| F|  |TAMS 0x0000000606800000, 0x0000000606800000| Untracked 
|  20|0x0000000606c00000, 0x0000000606c00000, 0x0000000607000000|  0%| F|  |TAMS 0x0000000606c00000, 0x0000000606c00000| Untracked 
|  21|0x0000000607000000, 0x0000000607000000, 0x0000000607400000|  0%| F|  |TAMS 0x0000000607000000, 0x0000000607000000| Untracked 
|  22|0x0000000607400000, 0x0000000607400000, 0x0000000607800000|  0%| F|  |TAMS 0x0000000607400000, 0x0000000607400000| Untracked 
|  23|0x0000000607800000, 0x0000000607800000, 0x0000000607c00000|  0%| F|  |TAMS 0x0000000607800000, 0x0000000607800000| Untracked 
|  24|0x0000000607c00000, 0x0000000607c00000, 0x0000000608000000|  0%| F|  |TAMS 0x0000000607c00000, 0x0000000607c00000| Untracked 
|  25|0x0000000608000000, 0x0000000608000000, 0x0000000608400000|  0%| F|  |TAMS 0x0000000608000000, 0x0000000608000000| Untracked 
|  26|0x0000000608400000, 0x0000000608400000, 0x0000000608800000|  0%| F|  |TAMS 0x0000000608400000, 0x0000000608400000| Untracked 
|  27|0x0000000608800000, 0x0000000608800000, 0x0000000608c00000|  0%| F|  |TAMS 0x0000000608800000, 0x0000000608800000| Untracked 
|  28|0x0000000608c00000, 0x0000000608c00000, 0x0000000609000000|  0%| F|  |TAMS 0x0000000608c00000, 0x0000000608c00000| Untracked 
|  29|0x0000000609000000, 0x0000000609000000, 0x0000000609400000|  0%| F|  |TAMS 0x0000000609000000, 0x0000000609000000| Untracked 
|  30|0x0000000609400000, 0x0000000609400000, 0x0000000609800000|  0%| F|  |TAMS 0x0000000609400000, 0x0000000609400000| Untracked 
|  31|0x0000000609800000, 0x0000000609800000, 0x0000000609c00000|  0%| F|  |TAMS 0x0000000609800000, 0x0000000609800000| Untracked 
|  32|0x0000000609c00000, 0x0000000609c00000, 0x000000060a000000|  0%| F|  |TAMS 0x0000000609c00000, 0x0000000609c00000| Untracked 
|  33|0x000000060a000000, 0x000000060a000000, 0x000000060a400000|  0%| F|  |TAMS 0x000000060a000000, 0x000000060a000000| Untracked 
|  34|0x000000060a400000, 0x000000060a400000, 0x000000060a800000|  0%| F|  |TAMS 0x000000060a400000, 0x000000060a400000| Untracked 
|  35|0x000000060a800000, 0x000000060a800000, 0x000000060ac00000|  0%| F|  |TAMS 0x000000060a800000, 0x000000060a800000| Untracked 
|  36|0x000000060ac00000, 0x000000060ac00000, 0x000000060b000000|  0%| F|  |TAMS 0x000000060ac00000, 0x000000060ac00000| Untracked 
|  37|0x000000060b000000, 0x000000060b000000, 0x000000060b400000|  0%| F|  |TAMS 0x000000060b000000, 0x000000060b000000| Untracked 
|  38|0x000000060b400000, 0x000000060b400000, 0x000000060b800000|  0%| F|  |TAMS 0x000000060b400000, 0x000000060b400000| Untracked 
|  39|0x000000060b800000, 0x000000060b800000, 0x000000060bc00000|  0%| F|  |TAMS 0x000000060b800000, 0x000000060b800000| Untracked 
|  40|0x000000060bc00000, 0x000000060bc00000, 0x000000060c000000|  0%| F|  |TAMS 0x000000060bc00000, 0x000000060bc00000| Untracked 
|  41|0x000000060c000000, 0x000000060c000000, 0x000000060c400000|  0%| F|  |TAMS 0x000000060c000000, 0x000000060c000000| Untracked 
|  42|0x000000060c400000, 0x000000060c400000, 0x000000060c800000|  0%| F|  |TAMS 0x000000060c400000, 0x000000060c400000| Untracked 
|  43|0x000000060c800000, 0x000000060c800000, 0x000000060cc00000|  0%| F|  |TAMS 0x000000060c800000, 0x000000060c800000| Untracked 
|  44|0x000000060cc00000, 0x000000060cc00000, 0x000000060d000000|  0%| F|  |TAMS 0x000000060cc00000, 0x000000060cc00000| Untracked 
|  45|0x000000060d000000, 0x000000060d000000, 0x000000060d400000|  0%| F|  |TAMS 0x000000060d000000, 0x000000060d000000| Untracked 
|  46|0x000000060d400000, 0x000000060d400000, 0x000000060d800000|  0%| F|  |TAMS 0x000000060d400000, 0x000000060d400000| Untracked 
|  47|0x000000060d800000, 0x000000060d800000, 0x000000060dc00000|  0%| F|  |TAMS 0x000000060d800000, 0x000000060d800000| Untracked 
|  48|0x000000060dc00000, 0x000000060dc00000, 0x000000060e000000|  0%| F|  |TAMS 0x000000060dc00000, 0x000000060dc00000| Untracked 
|  49|0x000000060e000000, 0x000000060e000000, 0x000000060e400000|  0%| F|  |TAMS 0x000000060e000000, 0x000000060e000000| Untracked 
|  50|0x000000060e400000, 0x000000060e400000, 0x000000060e800000|  0%| F|  |TAMS 0x000000060e400000, 0x000000060e400000| Untracked 
|  51|0x000000060e800000, 0x000000060e800000, 0x000000060ec00000|  0%| F|  |TAMS 0x000000060e800000, 0x000000060e800000| Untracked 
|  52|0x000000060ec00000, 0x000000060ec00000, 0x000000060f000000|  0%| F|  |TAMS 0x000000060ec00000, 0x000000060ec00000| Untracked 
|  53|0x000000060f000000, 0x000000060f000000, 0x000000060f400000|  0%| F|  |TAMS 0x000000060f000000, 0x000000060f000000| Untracked 
|  54|0x000000060f400000, 0x000000060f400000, 0x000000060f800000|  0%| F|  |TAMS 0x000000060f400000, 0x000000060f400000| Untracked 
|  55|0x000000060f800000, 0x000000060f800000, 0x000000060fc00000|  0%| F|  |TAMS 0x000000060f800000, 0x000000060f800000| Untracked 
|  56|0x000000060fc00000, 0x000000060fc00000, 0x0000000610000000|  0%| F|  |TAMS 0x000000060fc00000, 0x000000060fc00000| Untracked 
|  57|0x0000000610000000, 0x0000000610000000, 0x0000000610400000|  0%| F|  |TAMS 0x0000000610000000, 0x0000000610000000| Untracked 
|  58|0x0000000610400000, 0x0000000610400000, 0x0000000610800000|  0%| F|  |TAMS 0x0000000610400000, 0x0000000610400000| Untracked 
|  59|0x0000000610800000, 0x0000000610800000, 0x0000000610c00000|  0%| F|  |TAMS 0x0000000610800000, 0x0000000610800000| Untracked 
|  60|0x0000000610c00000, 0x0000000610c00000, 0x0000000611000000|  0%| F|  |TAMS 0x0000000610c00000, 0x0000000610c00000| Untracked 
|  61|0x0000000611000000, 0x0000000611000000, 0x0000000611400000|  0%| F|  |TAMS 0x0000000611000000, 0x0000000611000000| Untracked 
|  62|0x0000000611400000, 0x0000000611400000, 0x0000000611800000|  0%| F|  |TAMS 0x0000000611400000, 0x0000000611400000| Untracked 
|  63|0x0000000611800000, 0x0000000611800000, 0x0000000611c00000|  0%| F|  |TAMS 0x0000000611800000, 0x0000000611800000| Untracked 
|  64|0x0000000611c00000, 0x0000000611c00000, 0x0000000612000000|  0%| F|  |TAMS 0x0000000611c00000, 0x0000000611c00000| Untracked 
|  65|0x0000000612000000, 0x0000000612000000, 0x0000000612400000|  0%| F|  |TAMS 0x0000000612000000, 0x0000000612000000| Untracked 
|  66|0x0000000612400000, 0x0000000612400000, 0x0000000612800000|  0%| F|  |TAMS 0x0000000612400000, 0x0000000612400000| Untracked 
|  67|0x0000000612800000, 0x0000000612800000, 0x0000000612c00000|  0%| F|  |TAMS 0x0000000612800000, 0x0000000612800000| Untracked 
|  68|0x0000000612c00000, 0x0000000612c00000, 0x0000000613000000|  0%| F|  |TAMS 0x0000000612c00000, 0x0000000612c00000| Untracked 
|  69|0x0000000613000000, 0x0000000613000000, 0x0000000613400000|  0%| F|  |TAMS 0x0000000613000000, 0x0000000613000000| Untracked 
|  70|0x0000000613400000, 0x0000000613400000, 0x0000000613800000|  0%| F|  |TAMS 0x0000000613400000, 0x0000000613400000| Untracked 
|  71|0x0000000613800000, 0x0000000613800000, 0x0000000613c00000|  0%| F|  |TAMS 0x0000000613800000, 0x0000000613800000| Untracked 
|  72|0x0000000613c00000, 0x0000000613c00000, 0x0000000614000000|  0%| F|  |TAMS 0x0000000613c00000, 0x0000000613c00000| Untracked 
|  73|0x0000000614000000, 0x0000000614000000, 0x0000000614400000|  0%| F|  |TAMS 0x0000000614000000, 0x0000000614000000| Untracked 
|  74|0x0000000614400000, 0x0000000614400000, 0x0000000614800000|  0%| F|  |TAMS 0x0000000614400000, 0x0000000614400000| Untracked 
|  75|0x0000000614800000, 0x0000000614800000, 0x0000000614c00000|  0%| F|  |TAMS 0x0000000614800000, 0x0000000614800000| Untracked 
|  76|0x0000000614c00000, 0x0000000614c00000, 0x0000000615000000|  0%| F|  |TAMS 0x0000000614c00000, 0x0000000614c00000| Untracked 
|  77|0x0000000615000000, 0x0000000615000000, 0x0000000615400000|  0%| F|  |TAMS 0x0000000615000000, 0x0000000615000000| Untracked 
|  78|0x0000000615400000, 0x0000000615400000, 0x0000000615800000|  0%| F|  |TAMS 0x0000000615400000, 0x0000000615400000| Untracked 
|  79|0x0000000615800000, 0x0000000615800000, 0x0000000615c00000|  0%| F|  |TAMS 0x0000000615800000, 0x0000000615800000| Untracked 
|  80|0x0000000615c00000, 0x0000000615c00000, 0x0000000616000000|  0%| F|  |TAMS 0x0000000615c00000, 0x0000000615c00000| Untracked 
|  81|0x0000000616000000, 0x0000000616000000, 0x0000000616400000|  0%| F|  |TAMS 0x0000000616000000, 0x0000000616000000| Untracked 
|  82|0x0000000616400000, 0x0000000616400000, 0x0000000616800000|  0%| F|  |TAMS 0x0000000616400000, 0x0000000616400000| Untracked 
|  83|0x0000000616800000, 0x0000000616800000, 0x0000000616c00000|  0%| F|  |TAMS 0x0000000616800000, 0x0000000616800000| Untracked 
|  84|0x0000000616c00000, 0x0000000616c00000, 0x0000000617000000|  0%| F|  |TAMS 0x0000000616c00000, 0x0000000616c00000| Untracked 
|  85|0x0000000617000000, 0x0000000617000000, 0x0000000617400000|  0%| F|  |TAMS 0x0000000617000000, 0x0000000617000000| Untracked 
|  86|0x0000000617400000, 0x0000000617400000, 0x0000000617800000|  0%| F|  |TAMS 0x0000000617400000, 0x0000000617400000| Untracked 
|  87|0x0000000617800000, 0x0000000617800000, 0x0000000617c00000|  0%| F|  |TAMS 0x0000000617800000, 0x0000000617800000| Untracked 
|  88|0x0000000617c00000, 0x0000000617c00000, 0x0000000618000000|  0%| F|  |TAMS 0x0000000617c00000, 0x0000000617c00000| Untracked 
|  89|0x0000000618000000, 0x0000000618000000, 0x0000000618400000|  0%| F|  |TAMS 0x0000000618000000, 0x0000000618000000| Untracked 
|  90|0x0000000618400000, 0x0000000618400000, 0x0000000618800000|  0%| F|  |TAMS 0x0000000618400000, 0x0000000618400000| Untracked 
|  91|0x0000000618800000, 0x0000000618800000, 0x0000000618c00000|  0%| F|  |TAMS 0x0000000618800000, 0x0000000618800000| Untracked 
|  92|0x0000000618c00000, 0x0000000618c00000, 0x0000000619000000|  0%| F|  |TAMS 0x0000000618c00000, 0x0000000618c00000| Untracked 
|  93|0x0000000619000000, 0x0000000619000000, 0x0000000619400000|  0%| F|  |TAMS 0x0000000619000000, 0x0000000619000000| Untracked 
|  94|0x0000000619400000, 0x0000000619400000, 0x0000000619800000|  0%| F|  |TAMS 0x0000000619400000, 0x0000000619400000| Untracked 
|  95|0x0000000619800000, 0x0000000619800000, 0x0000000619c00000|  0%| F|  |TAMS 0x0000000619800000, 0x0000000619800000| Untracked 
|  96|0x0000000619c00000, 0x0000000619c00000, 0x000000061a000000|  0%| F|  |TAMS 0x0000000619c00000, 0x0000000619c00000| Untracked 
|  97|0x000000061a000000, 0x000000061a000000, 0x000000061a400000|  0%| F|  |TAMS 0x000000061a000000, 0x000000061a000000| Untracked 
|  98|0x000000061a400000, 0x000000061a400000, 0x000000061a800000|  0%| F|  |TAMS 0x000000061a400000, 0x000000061a400000| Untracked 
|  99|0x000000061a800000, 0x000000061a800000, 0x000000061ac00000|  0%| F|  |TAMS 0x000000061a800000, 0x000000061a800000| Untracked 
| 100|0x000000061ac00000, 0x000000061ac00000, 0x000000061b000000|  0%| F|  |TAMS 0x000000061ac00000, 0x000000061ac00000| Untracked 
| 101|0x000000061b000000, 0x000000061b000000, 0x000000061b400000|  0%| F|  |TAMS 0x000000061b000000, 0x000000061b000000| Untracked 
| 102|0x000000061b400000, 0x000000061b400000, 0x000000061b800000|  0%| F|  |TAMS 0x000000061b400000, 0x000000061b400000| Untracked 
| 103|0x000000061b800000, 0x000000061b800000, 0x000000061bc00000|  0%| F|  |TAMS 0x000000061b800000, 0x000000061b800000| Untracked 
| 104|0x000000061bc00000, 0x000000061bc00000, 0x000000061c000000|  0%| F|  |TAMS 0x000000061bc00000, 0x000000061bc00000| Untracked 
| 105|0x000000061c000000, 0x000000061c000000, 0x000000061c400000|  0%| F|  |TAMS 0x000000061c000000, 0x000000061c000000| Untracked 
| 106|0x000000061c400000, 0x000000061c400000, 0x000000061c800000|  0%| F|  |TAMS 0x000000061c400000, 0x000000061c400000| Untracked 
| 107|0x000000061c800000, 0x000000061c800000, 0x000000061cc00000|  0%| F|  |TAMS 0x000000061c800000, 0x000000061c800000| Untracked 
| 108|0x000000061cc00000, 0x000000061cc00000, 0x000000061d000000|  0%| F|  |TAMS 0x000000061cc00000, 0x000000061cc00000| Untracked 
| 109|0x000000061d000000, 0x000000061d000000, 0x000000061d400000|  0%| F|  |TAMS 0x000000061d000000, 0x000000061d000000| Untracked 
| 110|0x000000061d400000, 0x000000061d400000, 0x000000061d800000|  0%| F|  |TAMS 0x000000061d400000, 0x000000061d400000| Untracked 
| 111|0x000000061d800000, 0x000000061d800000, 0x000000061dc00000|  0%| F|  |TAMS 0x000000061d800000, 0x000000061d800000| Untracked 
| 112|0x000000061dc00000, 0x000000061dc00000, 0x000000061e000000|  0%| F|  |TAMS 0x000000061dc00000, 0x000000061dc00000| Untracked 
| 113|0x000000061e000000, 0x000000061e000000, 0x000000061e400000|  0%| F|  |TAMS 0x000000061e000000, 0x000000061e000000| Untracked 
| 114|0x000000061e400000, 0x000000061e400000, 0x000000061e800000|  0%| F|  |TAMS 0x000000061e400000, 0x000000061e400000| Untracked 
| 115|0x000000061e800000, 0x000000061e800000, 0x000000061ec00000|  0%| F|  |TAMS 0x000000061e800000, 0x000000061e800000| Untracked 
| 116|0x000000061ec00000, 0x000000061ec00000, 0x000000061f000000|  0%| F|  |TAMS 0x000000061ec00000, 0x000000061ec00000| Untracked 
| 117|0x000000061f000000, 0x000000061f000000, 0x000000061f400000|  0%| F|  |TAMS 0x000000061f000000, 0x000000061f000000| Untracked 
| 118|0x000000061f400000, 0x000000061f400000, 0x000000061f800000|  0%| F|  |TAMS 0x000000061f400000, 0x000000061f400000| Untracked 
| 119|0x000000061f800000, 0x000000061f800000, 0x000000061fc00000|  0%| F|  |TAMS 0x000000061f800000, 0x000000061f800000| Untracked 
| 120|0x000000061fc00000, 0x000000061fc00000, 0x0000000620000000|  0%| F|  |TAMS 0x000000061fc00000, 0x000000061fc00000| Untracked 
| 121|0x0000000620000000, 0x00000006202caf48, 0x0000000620400000| 69%| S|CS|TAMS 0x0000000620000000, 0x0000000620000000| Complete 
| 122|0x0000000620400000, 0x0000000620400000, 0x0000000620800000|  0%| F|  |TAMS 0x0000000620400000, 0x0000000620400000| Untracked 
| 123|0x0000000620800000, 0x0000000620800000, 0x0000000620c00000|  0%| F|  |TAMS 0x0000000620800000, 0x0000000620800000| Untracked 
| 124|0x0000000620c00000, 0x0000000620c00000, 0x0000000621000000|  0%| F|  |TAMS 0x0000000620c00000, 0x0000000620c00000| Untracked 
| 125|0x0000000621000000, 0x0000000621000000, 0x0000000621400000|  0%| F|  |TAMS 0x0000000621000000, 0x0000000621000000| Untracked 
| 126|0x0000000621400000, 0x0000000621400000, 0x0000000621800000|  0%| F|  |TAMS 0x0000000621400000, 0x0000000621400000| Untracked 
| 127|0x0000000621800000, 0x000000062194a368, 0x0000000621c00000| 32%| E|  |TAMS 0x0000000621800000, 0x0000000621800000| Complete 

Card table byte_map: [0x00000292a80b0000,0x00000292a90b0000] _byte_map_base: 0x00000292a50a2000

Marking Bits (Prev, Next): (CMBitMap*) 0x000002928f3356e0, (CMBitMap*) 0x000002928f335720
 Prev Bits: [0x00000292aa0b0000, 0x00000292b2040000)
 Next Bits: [0x00000292b2040000, 0x00000292b9fd0000)

Polling page: 0x000002928d260000

Metaspace:

Usage:
  Non-class:      5.51 MB used.
      Class:    441.17 KB used.
       Both:      5.94 MB used.

Virtual space:
  Non-class space:        8.00 MB reserved,       5.62 MB ( 70%) committed,  1 nodes.
      Class space:        1.00 GB reserved,     512.00 KB ( <1%) committed,  1 nodes.
             Both:        1.01 GB reserved,       6.12 MB ( <1%) committed. 

Chunk freelists:
   Non-Class:  1.80 MB
       Class:  3.51 MB
        Both:  5.31 MB

MaxMetaspaceSize: unlimited
CompressedClassSpaceSize: 1.00 GB
Initial GC threshold: 21.00 MB
Current GC threshold: 21.00 MB
CDS: on
MetaspaceReclaimPolicy: balanced
 - commit_granule_bytes: 65536.
 - commit_granule_words: 8192.
 - virtual_space_node_default_size: 1048576.
 - enlarge_chunks_in_place: 1.
 - new_chunks_are_fully_committed: 0.
 - uncommit_free_chunks: 1.
 - use_allocation_guard: 0.
 - handle_deallocations: 1.


Internal statistics:

num_allocs_failed_limit: 0.
num_arena_births: 134.
num_arena_deaths: 0.
num_vsnodes_births: 2.
num_vsnodes_deaths: 0.
num_space_committed: 96.
num_space_uncommitted: 0.
num_chunks_returned_to_freelist: 0.
num_chunks_taken_from_freelist: 249.
num_chunk_merges: 0.
num_chunk_splits: 159.
num_chunks_enlarged: 93.
num_purges: 0.
num_inconsistent_stats: 0.

CodeHeap 'non-profiled nmethods': size=118848Kb used=322Kb max_used=322Kb free=118525Kb
 bounds [0x000002929e960000, 0x000002929ebd0000, 0x00000292a5d70000]
CodeHeap 'profiled nmethods': size=118848Kb used=1806Kb max_used=1806Kb free=117041Kb
 bounds [0x0000029297550000, 0x00000292977c0000, 0x000002929e960000]
CodeHeap 'non-nmethods': size=8064Kb used=2709Kb max_used=2724Kb free=5354Kb
 bounds [0x0000029296d70000, 0x0000029297020000, 0x0000029297550000]
 total_blobs=2072 nmethods=1062 adapters=921
 compilation: enabled
              stopped_count=0, restarted_count=0
 full_count=0

Compilation events (20 events):
Event: 0.793 Thread 0x00000292bdd56560 nmethod 1050 0x0000029297710290 code [0x0000029297710420, 0x0000029297710568]
Event: 0.793 Thread 0x00000292bdd56560 1053       3       jdk.internal.ref.PhantomCleanable::clean (16 bytes)
Event: 0.793 Thread 0x00000292bdc37be0 nmethod 1052 0x0000029297710610 code [0x00000292977107c0, 0x0000029297710bf8]
Event: 0.793 Thread 0x00000292bdd56560 nmethod 1053 0x0000029297710d90 code [0x0000029297710f60, 0x0000029297711228]
Event: 0.794 Thread 0x00000292bdc37be0 1055       3       sun.net.www.ParseUtil::encodePath (41 bytes)
Event: 0.794 Thread 0x00000292bdd56560 1056       3       jdk.internal.ref.CleanerImpl$PhantomCleanableRef::performCleanup (10 bytes)
Event: 0.794 Thread 0x00000292bdc37be0 nmethod 1055 0x0000029297711310 code [0x00000292977114e0, 0x0000029297711748]
Event: 0.794 Thread 0x00000292bdd56560 nmethod 1056 0x0000029297711810 code [0x00000292977119c0, 0x0000029297711ba8]
Event: 0.795 Thread 0x00000292bdc37be0 1057       3       java.lang.Module::isNamed (13 bytes)
Event: 0.795 Thread 0x00000292bdc37be0 nmethod 1057 0x0000029297711c90 code [0x0000029297711e20, 0x0000029297711f98]
Event: 0.795 Thread 0x00000292bdc37be0 1058       3       java.util.ArrayList::grow (60 bytes)
Event: 0.795 Thread 0x00000292bdd56ee0 1059       1       java.lang.Float::floatValue (5 bytes)
Event: 0.795 Thread 0x00000292bdd56ee0 nmethod 1059 0x000002929e9b0690 code [0x000002929e9b0820, 0x000002929e9b08f8]
Event: 0.795 Thread 0x00000292bdd56ee0 1060       3       java.lang.Character::digit (6 bytes)
Event: 0.795 Thread 0x00000292bdd56560 1061       3       java.lang.Character::digit (10 bytes)
Event: 0.795 Thread 0x00000292bdc37be0 nmethod 1058 0x0000029297712010 code [0x0000029297712200, 0x0000029297712878]
Event: 0.795 Thread 0x00000292bdd56ee0 nmethod 1060 0x0000029297712a90 code [0x0000029297712c40, 0x0000029297712e98]
Event: 0.795 Thread 0x00000292bdc37be0 1062       3       java.lang.CharacterDataLatin1::digit (32 bytes)
Event: 0.795 Thread 0x00000292bdd56560 nmethod 1061 0x0000029297712f90 code [0x0000029297713140, 0x0000029297713338]
Event: 0.795 Thread 0x00000292bdc37be0 nmethod 1062 0x0000029297713410 code [0x00000292977135c0, 0x0000029297713818]

GC Heap History (2 events):
Event: 0.790 GC heap before
{Heap before GC invocations=0 (full 0):
 garbage-first heap   total 524288K, used 24576K [0x0000000601c00000, 0x0000000800000000)
  region size 4096K, 6 young (24576K), 0 survivors (0K)
 Metaspace       used 5990K, committed 6144K, reserved 1056768K
  class space    used 438K, committed 512K, reserved 1048576K
}
Event: 0.793 GC heap after
{Heap after GC invocations=1 (full 0):
 garbage-first heap   total 524288K, used 2859K [0x0000000601c00000, 0x0000000800000000)
  region size 4096K, 1 young (4096K), 1 survivors (4096K)
 Metaspace       used 5990K, committed 6144K, reserved 1056768K
  class space    used 438K, committed 512K, reserved 1048576K
}

Deoptimization events (20 events):
Event: 0.749 Thread 0x000002928f285f70 DEOPT PACKING pc=0x00000292976ee1a0 sp=0x000000a4041fdf30
Event: 0.749 Thread 0x000002928f285f70 DEOPT UNPACKING pc=0x0000029296dc2b43 sp=0x000000a4041fd408 mode 0
Event: 0.749 Thread 0x000002928f285f70 DEOPT PACKING pc=0x00000292976ee1a0 sp=0x000000a4041fdf30
Event: 0.749 Thread 0x000002928f285f70 DEOPT UNPACKING pc=0x0000029296dc2b43 sp=0x000000a4041fd408 mode 0
Event: 0.749 Thread 0x000002928f285f70 DEOPT PACKING pc=0x00000292976ee1a0 sp=0x000000a4041fdf30
Event: 0.749 Thread 0x000002928f285f70 DEOPT UNPACKING pc=0x0000029296dc2b43 sp=0x000000a4041fd408 mode 0
Event: 0.749 Thread 0x000002928f285f70 DEOPT PACKING pc=0x00000292976ee1a0 sp=0x000000a4041fdf30
Event: 0.749 Thread 0x000002928f285f70 DEOPT UNPACKING pc=0x0000029296dc2b43 sp=0x000000a4041fd408 mode 0
Event: 0.749 Thread 0x000002928f285f70 DEOPT PACKING pc=0x00000292976ee1a0 sp=0x000000a4041fdf30
Event: 0.749 Thread 0x000002928f285f70 DEOPT UNPACKING pc=0x0000029296dc2b43 sp=0x000000a4041fd408 mode 0
Event: 0.749 Thread 0x000002928f285f70 DEOPT PACKING pc=0x00000292976ee1a0 sp=0x000000a4041fdf30
Event: 0.749 Thread 0x000002928f285f70 DEOPT UNPACKING pc=0x0000029296dc2b43 sp=0x000000a4041fd408 mode 0
Event: 0.750 Thread 0x000002928f285f70 DEOPT PACKING pc=0x00000292976ee1a0 sp=0x000000a4041fdf30
Event: 0.750 Thread 0x000002928f285f70 DEOPT UNPACKING pc=0x0000029296dc2b43 sp=0x000000a4041fd408 mode 0
Event: 0.750 Thread 0x000002928f285f70 DEOPT PACKING pc=0x00000292976ee1a0 sp=0x000000a4041fdf30
Event: 0.750 Thread 0x000002928f285f70 DEOPT UNPACKING pc=0x0000029296dc2b43 sp=0x000000a4041fd408 mode 0
Event: 0.750 Thread 0x000002928f285f70 DEOPT PACKING pc=0x00000292976ee1a0 sp=0x000000a4041fdf30
Event: 0.750 Thread 0x000002928f285f70 DEOPT UNPACKING pc=0x0000029296dc2b43 sp=0x000000a4041fd408 mode 0
Event: 0.787 Thread 0x000002928f285f70 DEOPT PACKING pc=0x00000292975ac765 sp=0x000000a4041fd940
Event: 0.787 Thread 0x000002928f285f70 DEOPT UNPACKING pc=0x0000029296dc2b43 sp=0x000000a4041fcd90 mode 0

Classes unloaded (0 events):
No events

Classes redefined (0 events):
No events

Internal exceptions (20 events):
Event: 0.106 Thread 0x000002928f285f70 Exception <a 'java/lang/NoSuchMethodError'{0x000000062162eed0}: 'int java.lang.invoke.DirectMethodHandle$Holder.invokeSpecial(java.lang.Object, java.lang.Object, java.lang.Object)'> (0x000000062162eed0) 
thrown [s\src\hotspot\share\interpreter\linkResolver.cpp, line 759]
Event: 0.121 Thread 0x000002928f285f70 Exception <a 'sun/nio/fs/WindowsException'{0x000000062168b818}> (0x000000062168b818) 
thrown [s\src\hotspot\share\prims\jni.cpp, line 516]
Event: 0.121 Thread 0x000002928f285f70 Exception <a 'sun/nio/fs/WindowsException'{0x000000062168bd68}> (0x000000062168bd68) 
thrown [s\src\hotspot\share\prims\jni.cpp, line 516]
Event: 0.126 Thread 0x000002928f285f70 Exception <a 'java/lang/NoSuchMethodError'{0x00000006216b5158}: 'int java.lang.invoke.DirectMethodHandle$Holder.invokeStaticInit(java.lang.Object, java.lang.Object, int, long)'> (0x00000006216b5158) 
thrown [s\src\hotspot\share\interpreter\linkResolver.cpp, line 759]
Event: 0.127 Thread 0x000002928f285f70 Exception <a 'java/lang/NoSuchMethodError'{0x00000006216baa20}: 'java.lang.Object java.lang.invoke.DirectMethodHandle$Holder.newInvokeSpecial(java.lang.Object, java.lang.Object, int)'> (0x00000006216baa20) 
thrown [s\src\hotspot\share\interpreter\linkResolver.cpp, line 759]
Event: 0.128 Thread 0x000002928f285f70 Exception <a 'java/lang/NoSuchMethodError'{0x00000006216c9770}: 'int java.lang.invoke.DirectMethodHandle$Holder.invokeStaticInit(java.lang.Object, java.lang.Object, long, long)'> (0x00000006216c9770) 
thrown [s\src\hotspot\share\interpreter\linkResolver.cpp, line 759]
Event: 0.128 Thread 0x000002928f285f70 Exception <a 'java/lang/NoSuchMethodError'{0x00000006216cf880}: 'java.lang.Object java.lang.invoke.DirectMethodHandle$Holder.newInvokeSpecial(java.lang.Object, java.lang.Object, long)'> (0x00000006216cf880) 
thrown [s\src\hotspot\share\interpreter\linkResolver.cpp, line 759]
Event: 0.128 Thread 0x000002928f285f70 Exception <a 'java/lang/NoSuchMethodError'{0x00000006216d38c8}: 'java.lang.Object java.lang.invoke.Invokers$Holder.linkToTargetMethod(java.lang.Object, long, java.lang.Object)'> (0x00000006216d38c8) 
thrown [s\src\hotspot\share\interpreter\linkResolver.cpp, line 759]
Event: 0.129 Thread 0x000002928f285f70 Exception <a 'java/lang/NoSuchMethodError'{0x00000006216dafe0}: 'int java.lang.invoke.DirectMethodHandle$Holder.invokeStaticInit(java.lang.Object, java.lang.Object, java.lang.Object, long)'> (0x00000006216dafe0) 
thrown [s\src\hotspot\share\interpreter\linkResolver.cpp, line 759]
Event: 0.141 Thread 0x000002928f285f70 Exception <a 'sun/nio/fs/WindowsException'{0x000000062177eeb8}> (0x000000062177eeb8) 
thrown [s\src\hotspot\share\prims\jni.cpp, line 516]
Event: 0.141 Thread 0x000002928f285f70 Exception <a 'sun/nio/fs/WindowsException'{0x000000062177f218}> (0x000000062177f218) 
thrown [s\src\hotspot\share\prims\jni.cpp, line 516]
Event: 0.621 Thread 0x000002928f285f70 Exception <a 'sun/nio/fs/WindowsException'{0x00000006217fe3b8}> (0x00000006217fe3b8) 
thrown [s\src\hotspot\share\prims\jni.cpp, line 516]
Event: 0.621 Thread 0x000002928f285f70 Exception <a 'sun/nio/fs/WindowsException'{0x00000006217fe760}> (0x00000006217fe760) 
thrown [s\src\hotspot\share\prims\jni.cpp, line 516]
Event: 0.623 Thread 0x000002928f285f70 Exception <a 'sun/nio/fs/WindowsException'{0x0000000621007918}> (0x0000000621007918) 
thrown [s\src\hotspot\share\prims\jni.cpp, line 516]
Event: 0.623 Thread 0x000002928f285f70 Exception <a 'sun/nio/fs/WindowsException'{0x0000000621007bf8}> (0x0000000621007bf8) 
thrown [s\src\hotspot\share\prims\jni.cpp, line 516]
Event: 0.677 Thread 0x000002928f285f70 Exception <a 'java/lang/ClassNotFoundException'{0x00000006212cd868}: sun/awt/resources/spi/awtProvider> (0x00000006212cd868) 
thrown [s\src\hotspot\share\classfile\systemDictionary.cpp, line 256]
Event: 0.687 Thread 0x000002928f285f70 Exception <a 'java/io/FileNotFoundException'{0x000000062131cce0}> (0x000000062131cce0) 
thrown [s\src\hotspot\share\prims\jni.cpp, line 516]
Event: 0.689 Thread 0x000002928f285f70 Exception <a 'java/io/FileNotFoundException'{0x0000000621349bf0}> (0x0000000621349bf0) 
thrown [s\src\hotspot\share\prims\jni.cpp, line 516]
Event: 0.702 Thread 0x000002928f285f70 Exception <a 'java/lang/NoSuchMethodError'{0x00000006213bf228}: 'java.lang.Object java.lang.invoke.DirectMethodHandle$Holder.invokeStaticInit(java.lang.Object, int, int, int, int)'> (0x00000006213bf228) 
thrown [s\src\hotspot\share\interpreter\linkResolver.cpp, line 759]
Event: 0.730 Thread 0x000002928f285f70 Exception <a 'java/lang/NoSuchMethodError'{0x0000000620c5ac38}: 'java.lang.Object java.lang.invoke.DirectMethodHandle$Holder.invokeStaticInit(java.lang.Object, java.lang.Object, int, int, int, int)'> (0x0000000620c5ac38) 
thrown [s\src\hotspot\share\interpreter\linkResolver.cpp, line 759]

VM Operations (10 events):
Event: 0.047 Executing VM operation: HandshakeAllThreads
Event: 0.047 Executing VM operation: HandshakeAllThreads done
Event: 0.089 Executing VM operation: HandshakeAllThreads
Event: 0.089 Executing VM operation: HandshakeAllThreads done
Event: 0.673 Executing VM operation: HandshakeAllThreads
Event: 0.673 Executing VM operation: HandshakeAllThreads done
Event: 0.696 Executing VM operation: HandshakeAllThreads
Event: 0.697 Executing VM operation: HandshakeAllThreads done
Event: 0.790 Executing VM operation: G1CollectForAllocation
Event: 0.793 Executing VM operation: G1CollectForAllocation done

Events (20 events):
Event: 0.779 loading class java/io/FilePermission$1
Event: 0.779 loading class jdk/internal/access/JavaIOFilePermissionAccess
Event: 0.779 loading class jdk/internal/access/JavaIOFilePermissionAccess done
Event: 0.779 loading class java/io/FilePermission$1 done
Event: 0.779 loading class sun/java2d/cmm/lcms/LCMSTransform$NativeTransform
Event: 0.779 loading class sun/java2d/cmm/lcms/LCMSTransform$NativeTransform done
Event: 0.782 loading class com/sun/imageio/plugins/jpeg/JPEGImageReader$3
Event: 0.782 loading class com/sun/imageio/plugins/jpeg/JPEGImageReader$3 done
Event: 0.782 loading class java/awt/image/ColorConvertOp
Event: 0.782 loading class java/awt/image/BufferedImageOp
Event: 0.782 loading class java/awt/image/BufferedImageOp done
Event: 0.782 loading class java/awt/image/RasterOp
Event: 0.782 loading class java/awt/image/RasterOp done
Event: 0.782 loading class java/awt/image/ColorConvertOp done
Event: 0.783 loading class sun/java2d/cmm/lcms/LCMSImageLayout$BandOrder
Event: 0.783 loading class sun/java2d/cmm/lcms/LCMSImageLayout$BandOrder done
Event: 0.783 loading class sun/java2d/cmm/lcms/LCMSImageLayout$1
Event: 0.783 loading class sun/java2d/cmm/lcms/LCMSImageLayout$1 done
Event: 0.787 loading class java/io/FileReader
Event: 0.787 loading class java/io/FileReader done


Dynamic libraries:
0x00007ff76b090000 - 0x00007ff76b09e000 	C:\Program Files\Eclipse Adoptium\jdk-17.0.4.8-hotspot\bin\java.exe
0x00007ffe6a2b0000 - 0x00007ffe6a4a8000 	C:\Windows\SYSTEM32\ntdll.dll
0x00007ffe68710000 - 0x00007ffe687cf000 	C:\Windows\System32\KERNEL32.DLL
0x00007ffe67ca0000 - 0x00007ffe67f72000 	C:\Windows\System32\KERNELBASE.dll
0x00007ffe67b70000 - 0x00007ffe67c70000 	C:\Windows\System32\ucrtbase.dll
0x00007ffe630a0000 - 0x00007ffe630b8000 	C:\Program Files\Eclipse Adoptium\jdk-17.0.4.8-hotspot\bin\jli.dll
0x00007ffe64c70000 - 0x00007ffe64c89000 	C:\Program Files\Eclipse Adoptium\jdk-17.0.4.8-hotspot\bin\VCRUNTIME140.dll
0x00007ffe69b70000 - 0x00007ffe69d11000 	C:\Windows\System32\USER32.dll
0x00007ffe67a40000 - 0x00007ffe67a62000 	C:\Windows\System32\win32u.dll
0x00007ffe54a70000 - 0x00007ffe54d0a000 	C:\Windows\WinSxS\amd64_microsoft.windows.common-controls_6595b64144ccf1df_6.0.19041.1110_none_60b5254171f9507e\COMCTL32.dll
0x00007ffe698a0000 - 0x00007ffe698cb000 	C:\Windows\System32\GDI32.dll
0x00007ffe682f0000 - 0x00007ffe6838e000 	C:\Windows\System32\msvcrt.dll
0x00007ffe68080000 - 0x00007ffe6818f000 	C:\Windows\System32\gdi32full.dll
0x00007ffe679a0000 - 0x00007ffe67a3d000 	C:\Windows\System32\msvcp_win.dll
0x00007ffe68c20000 - 0x00007ffe68c52000 	C:\Windows\System32\IMM32.DLL
0x00007ffe64d00000 - 0x00007ffe64d0c000 	C:\Program Files\Eclipse Adoptium\jdk-17.0.4.8-hotspot\bin\vcruntime140_1.dll
0x00007ffe63000000 - 0x00007ffe63091000 	C:\Program Files\Eclipse Adoptium\jdk-17.0.4.8-hotspot\bin\msvcp140.dll
0x00007ffe44ad0000 - 0x00007ffe45716000 	C:\Program Files\Eclipse Adoptium\jdk-17.0.4.8-hotspot\bin\server\jvm.dll
0x00007ffe68660000 - 0x00007ffe6870e000 	C:\Windows\System32\ADVAPI32.dll
0x00007ffe683a0000 - 0x00007ffe6843c000 	C:\Windows\System32\sechost.dll
0x00007ffe68940000 - 0x00007ffe68a65000 	C:\Windows\System32\RPCRT4.dll
0x00007ffe68390000 - 0x00007ffe68398000 	C:\Windows\System32\PSAPI.DLL
0x00007ffe53640000 - 0x00007ffe53649000 	C:\Windows\SYSTEM32\WSOCK32.dll
0x00007ffe58dd0000 - 0x00007ffe58df7000 	C:\Windows\SYSTEM32\WINMM.dll
0x00007ffe69aa0000 - 0x00007ffe69b0b000 	C:\Windows\System32\WS2_32.dll
0x00007ffe61050000 - 0x00007ffe6105a000 	C:\Windows\SYSTEM32\VERSION.dll
0x00007ffe661d0000 - 0x00007ffe661e2000 	C:\Windows\SYSTEM32\kernel.appcore.dll
0x00007ffe631f0000 - 0x00007ffe631fa000 	C:\Program Files\Eclipse Adoptium\jdk-17.0.4.8-hotspot\bin\jimage.dll
0x00007ffe656a0000 - 0x00007ffe65884000 	C:\Windows\SYSTEM32\DBGHELP.DLL
0x00007ffe4eb50000 - 0x00007ffe4eb85000 	C:\Windows\SYSTEM32\dbgcore.DLL
0x00007ffe67ae0000 - 0x00007ffe67b62000 	C:\Windows\System32\bcryptPrimitives.dll
0x00007ffe62fb0000 - 0x00007ffe62fbe000 	C:\Program Files\Eclipse Adoptium\jdk-17.0.4.8-hotspot\bin\instrument.dll
0x00007ffe62fc0000 - 0x00007ffe62fe5000 	C:\Program Files\Eclipse Adoptium\jdk-17.0.4.8-hotspot\bin\java.dll
0x00007ffe5aa40000 - 0x00007ffe5ab16000 	C:\Program Files\Eclipse Adoptium\jdk-17.0.4.8-hotspot\bin\jsvml.dll
0x00007ffe69150000 - 0x00007ffe69894000 	C:\Windows\System32\SHELL32.dll
0x00007ffe65890000 - 0x00007ffe66022000 	C:\Windows\SYSTEM32\windows.storage.dll
0x00007ffe69d20000 - 0x00007ffe6a075000 	C:\Windows\System32\combase.dll
0x00007ffe67240000 - 0x00007ffe67270000 	C:\Windows\SYSTEM32\Wldp.dll
0x00007ffe68830000 - 0x00007ffe688dd000 	C:\Windows\System32\SHCORE.dll
0x00007ffe69b10000 - 0x00007ffe69b65000 	C:\Windows\System32\shlwapi.dll
0x00007ffe678e0000 - 0x00007ffe678ff000 	C:\Windows\SYSTEM32\profapi.dll
0x00007ffe5c680000 - 0x00007ffe5c698000 	C:\Program Files\Eclipse Adoptium\jdk-17.0.4.8-hotspot\bin\zip.dll
0x00007ffe62770000 - 0x00007ffe62789000 	C:\Program Files\Eclipse Adoptium\jdk-17.0.4.8-hotspot\bin\net.dll
0x00007ffe60680000 - 0x00007ffe6078c000 	C:\Windows\SYSTEM32\WINHTTP.dll
0x00007ffe67020000 - 0x00007ffe6708a000 	C:\Windows\system32\mswsock.dll
0x00007ffe619e0000 - 0x00007ffe619f5000 	C:\Program Files\Eclipse Adoptium\jdk-17.0.4.8-hotspot\bin\nio.dll
0x00007ffe5a710000 - 0x00007ffe5a72a000 	C:\Program Files\JetBrains\IntelliJ IDEA 2022.2\bin\breakgen64.dll
0x00007ffe448e0000 - 0x00007ffe44955000 	C:\Users\justi\AppData\Local\Temp\lwjgljusti\3.3.1-build-7\lwjgl.dll
0x00007ffe44870000 - 0x00007ffe448d1000 	C:\Users\justi\AppData\Local\Temp\lwjgljusti\3.3.1-build-7\glfw.dll
0x00007ffe447f0000 - 0x00007ffe44835000 	C:\Windows\SYSTEM32\dinput8.dll
0x00007ffe5c660000 - 0x00007ffe5c671000 	C:\Windows\SYSTEM32\xinput1_4.dll
0x00007ffe68030000 - 0x00007ffe6807e000 	C:\Windows\System32\cfgmgr32.dll
0x00007ffe67670000 - 0x00007ffe6769c000 	C:\Windows\SYSTEM32\DEVOBJ.dll
0x00007ffe65110000 - 0x00007ffe6513f000 	C:\Windows\SYSTEM32\dwmapi.dll
0x00007ffe5be70000 - 0x00007ffe5bfc2000 	C:\Windows\SYSTEM32\inputhost.dll
0x00007ffe68450000 - 0x00007ffe6851d000 	C:\Windows\System32\OLEAUT32.dll
0x00007ffe64b60000 - 0x00007ffe64c52000 	C:\Windows\SYSTEM32\CoreMessaging.dll
0x00007ffe630c0000 - 0x00007ffe631b6000 	C:\Windows\SYSTEM32\PROPSYS.dll
0x00007ffe64570000 - 0x00007ffe646c4000 	C:\Windows\SYSTEM32\wintypes.dll
0x00007ffe647d0000 - 0x00007ffe64b2e000 	C:\Windows\SYSTEM32\CoreUIComponents.dll
0x00007ffe66aa0000 - 0x00007ffe66ad3000 	C:\Windows\SYSTEM32\ntmarta.dll
0x00007ffe64f10000 - 0x00007ffe64fae000 	C:\Windows\system32\uxtheme.dll
0x00007ffe52990000 - 0x00007ffe52ac1000 	C:\ProgramData\A-Volute\A-Volute.28054DF1F58B4\Modules\ScheduledModules\x64\AudioDevProps2.dll
0x00007ffe68520000 - 0x00007ffe6864a000 	C:\Windows\System32\ole32.dll
0x00007ffe2f400000 - 0x00007ffe2f4ae000 	C:\ProgramData\A-Volute\A-Volute.28054DF1F58B4\Modules\ScheduledModules\x64\NahimicOSD.dll
0x00007ffe35b60000 - 0x00007ffe35b80000 	C:\ProgramData\A-Volute\A-Volute.28054DF1F58B4\Modules\ScheduledModules\x64\ProductInfo.dll
0x00007ffe6a080000 - 0x00007ffe6a195000 	C:\Windows\System32\MSCTF.dll
0x00007ffe0d480000 - 0x00007ffe0d5a5000 	C:\Windows\SYSTEM32\opengl32.dll
0x00007ffe0d450000 - 0x00007ffe0d47c000 	C:\Windows\SYSTEM32\GLU32.dll
0x00007ffe6a1c0000 - 0x00007ffe6a26f000 	C:\Windows\System32\clbcatq.dll
0x00007ffde60d0000 - 0x00007ffde928a000 	C:\Windows\System32\DriverStore\FileRepository\nv_dispig.inf_amd64_70cfb45e19c20af4\nvoglv64.dll
0x00007ffe68ce0000 - 0x00007ffe69148000 	C:\Windows\System32\SETUPAPI.dll
0x00007ffe61a20000 - 0x00007ffe61a34000 	C:\Windows\SYSTEM32\WTSAPI32.dll
0x00007ffe671b0000 - 0x00007ffe671bc000 	C:\Windows\SYSTEM32\CRYPTBASE.DLL
0x00000292bdfa0000 - 0x00000292bdfc7000 	C:\Windows\System32\bcrypt.dll
0x00007ffe67630000 - 0x00007ffe67642000 	C:\Windows\SYSTEM32\msasn1.dll
0x00007ffe61010000 - 0x00007ffe61041000 	C:\Windows\SYSTEM32\cryptnet.dll
0x00007ffe68190000 - 0x00007ffe682e6000 	C:\Windows\System32\CRYPT32.dll
0x00007ffe60d40000 - 0x00007ffe60e88000 	C:\Windows\SYSTEM32\drvstore.dll
0x00007ffe67a70000 - 0x00007ffe67ad9000 	C:\Windows\System32\WINTRUST.dll
0x00007ffe627d0000 - 0x00007ffe6280b000 	C:\Windows\SYSTEM32\dxcore.dll
0x00007ffe67810000 - 0x00007ffe6785b000 	C:\Windows\SYSTEM32\powrprof.dll
0x00007ffe677f0000 - 0x00007ffe67802000 	C:\Windows\SYSTEM32\UMPDC.dll
0x00007ffe676d0000 - 0x00007ffe67734000 	C:\Windows\SYSTEM32\WINSTA.dll
0x00007ffe5d6d0000 - 0x00007ffe5d89e000 	C:\Windows\SYSTEM32\d3d9.dll
0x00007ffe6a1a0000 - 0x00007ffe6a1bd000 	C:\Windows\System32\imagehlp.dll
0x00007ffe675a0000 - 0x00007ffe675b8000 	C:\Windows\SYSTEM32\CRYPTSP.dll
0x00007ffe66960000 - 0x00007ffe66994000 	C:\Windows\system32\rsaenh.dll
0x00007ffe5c070000 - 0x00007ffe5c169000 	C:\Windows\SYSTEM32\textinputframework.dll
0x00007ffe446c0000 - 0x00007ffe4471d000 	C:\Users\justi\AppData\Local\Temp\lwjgljusti\3.3.1-build-7\lwjgl_opengl.dll
0x00007ffe430a0000 - 0x00007ffe4322e000 	C:\Program Files\Eclipse Adoptium\jdk-17.0.4.8-hotspot\bin\awt.dll
0x00007ffe64d40000 - 0x00007ffe64dd1000 	C:\Windows\SYSTEM32\apphelp.dll
0x00007ffe678a0000 - 0x00007ffe678ce000 	C:\Windows\SYSTEM32\USERENV.dll
0x00007ffe66d30000 - 0x00007ffe66d6b000 	C:\Windows\SYSTEM32\IPHLPAPI.DLL
0x00007ffe68440000 - 0x00007ffe68448000 	C:\Windows\System32\NSI.dll
0x00007ffe61190000 - 0x00007ffe611a7000 	C:\Windows\SYSTEM32\dhcpcsvc6.DLL
0x00007ffe61170000 - 0x00007ffe6118d000 	C:\Windows\SYSTEM32\dhcpcsvc.DLL
0x00007ffe66d70000 - 0x00007ffe66e3a000 	C:\Windows\SYSTEM32\DNSAPI.dll
0x00007ffe513f0000 - 0x00007ffe5141d000 	C:\Program Files\Eclipse Adoptium\jdk-17.0.4.8-hotspot\bin\javajpeg.dll
0x00007ffe44670000 - 0x00007ffe446b1000 	C:\Program Files\Eclipse Adoptium\jdk-17.0.4.8-hotspot\bin\lcms.dll

dbghelp: loaded successfully - version: 4.0.5 - missing functions: none
symbol engine: initialized successfully - sym options: 0x614 - pdb path: .;C:\Program Files\Eclipse Adoptium\jdk-17.0.4.8-hotspot\bin;C:\Windows\SYSTEM32;C:\Windows\WinSxS\amd64_microsoft.windows.common-controls_6595b64144ccf1df_6.0.19041.1110_none_60b5254171f9507e;C:\Program Files\Eclipse Adoptium\jdk-17.0.4.8-hotspot\bin\server;C:\Program Files\JetBrains\IntelliJ IDEA 2022.2\bin;C:\Users\justi\AppData\Local\Temp\lwjgljusti\3.3.1-build-7;C:\ProgramData\A-Volute\A-Volute.28054DF1F58B4\Modules\ScheduledModules\x64;C:\Windows\System32\DriverStore\FileRepository\nv_dispig.inf_amd64_70cfb45e19c20af4

VM Arguments:
jvm_args: -javaagent:C:\Program Files\JetBrains\IntelliJ IDEA 2022.2\lib\idea_rt.jar=65036:C:\Program Files\JetBrains\IntelliJ IDEA 2022.2\bin -Dfile.encoding=UTF-8 
java_command: projekt.Projekt
java_class_path (initial): C:\Users\justi\Documents\PROJECTS\Uni\Computergrafik\classes\production\Computergrafik;C:\Users\justi\Documents\PROJECTS\Uni\Computergrafik\lib\lwjgl.jar;C:\Users\justi\Documents\PROJECTS\Uni\Computergrafik\lib\lwjgl-glfw.jar;C:\Users\justi\Documents\PROJECTS\Uni\Computergrafik\lib\lwjgl-opengl.jar;C:\Users\justi\Documents\PROJECTS\Uni\Computergrafik\lib\lwjgl-javadoc.jar;C:\Users\justi\Documents\PROJECTS\Uni\Computergrafik\lib\lwjgl-sources.jar;C:\Users\justi\Documents\PROJECTS\Uni\Computergrafik\lib\lwjgl-glfw-javadoc.jar;C:\Users\justi\Documents\PROJECTS\Uni\Computergrafik\lib\lwjgl-glfw-sources.jar;C:\Users\justi\Documents\PROJECTS\Uni\Computergrafik\lib\lwjgl-natives-linux.jar;C:\Users\justi\Documents\PROJECTS\Uni\Computergrafik\lib\lwjgl-natives-macos.jar;C:\Users\justi\Documents\PROJECTS\Uni\Computergrafik\lib\lwjgl-opengl-javadoc.jar;C:\Users\justi\Documents\PROJECTS\Uni\Computergrafik\lib\lwjgl-opengl-sources.jar;C:\Users\justi\Documents\PROJECTS\Uni\Computergrafik\lib\lwjgl-natives-windows.jar;C:\Users\justi\Documents\PROJECTS\Uni\Computergrafik\lib\lwjgl-glfw-natives-linux.jar;C:\Users\justi\Documents\PROJECTS\Uni\Computergrafik\lib\lwjgl-glfw-natives-macos.jar;C:\Users\justi\Documents\PROJECTS\Uni\Computergrafik\lib\lwjgl-natives-linux-arm32.jar;C:\Users\justi\Documents\PROJECTS\Uni\Computergrafik\lib\lwjgl-natives-linux-arm64.jar;C:\Users\justi\Documents\PROJECTS\Uni\Computergrafik\lib\lwjgl-natives-macos-arm64.jar;C:\Users\justi\Documents\PROJECTS\Uni\Computergrafik\lib\lwjgl-natives-windows-x86.jar;C:\Users\justi\Documents\PROJECTS\Uni\Computergrafik\lib\lwjgl-glfw-natives-windows.jar;C:\Users\justi\Documents\PROJECTS\Uni\Computergrafik\lib\lwjgl-opengl-natives-linux.jar;C:\Users\justi\Documents\PROJECTS\Uni\Computergrafik\lib\lwjgl-opengl-natives-macos.jar;C:\Users\justi\Documents\PROJECTS\Uni\Computergrafik\lib\lwjgl-natives-windows-arm64.jar;C:\Users\justi\Documents\PROJECTS\Uni\Computergrafik\lib\lwjgl-opengl-natives-w
Launcher Type: SUN_STANDARD

[Global flags]
     intx CICompilerCount                          = 15                                        {product} {ergonomic}
     uint ConcGCThreads                            = 6                                         {product} {ergonomic}
     uint G1ConcRefinementThreads                  = 23                                        {product} {ergonomic}
   size_t G1HeapRegionSize                         = 4194304                                   {product} {ergonomic}
    uintx GCDrainStackTargetSize                   = 64                                        {product} {ergonomic}
   size_t InitialHeapSize                          = 536870912                                 {product} {ergonomic}
   size_t MarkStackSize                            = 4194304                                   {product} {ergonomic}
   size_t MaxHeapSize                              = 8560574464                                {product} {ergonomic}
   size_t MaxNewSize                               = 5133828096                                {product} {ergonomic}
   size_t MinHeapDeltaBytes                        = 4194304                                   {product} {ergonomic}
   size_t MinHeapSize                              = 8388608                                   {product} {ergonomic}
    uintx NonNMethodCodeHeapSize                   = 8192380                                {pd product} {ergonomic}
    uintx NonProfiledCodeHeapSize                  = 121732930                              {pd product} {ergonomic}
    uintx ProfiledCodeHeapSize                     = 121732930                              {pd product} {ergonomic}
    uintx ReservedCodeCacheSize                    = 251658240                              {pd product} {ergonomic}
     bool SegmentedCodeCache                       = true                                      {product} {ergonomic}
   size_t SoftMaxHeapSize                          = 8560574464                             {manageable} {ergonomic}
     bool UseCompressedClassPointers               = true                           {product lp64_product} {ergonomic}
     bool UseCompressedOops                        = true                           {product lp64_product} {ergonomic}
     bool UseG1GC                                  = true                                      {product} {ergonomic}
     bool UseLargePagesIndividualAllocation        = false                                  {pd product} {ergonomic}

Logging:
Log output configuration:
 #0: stdout all=warning uptime,level,tags
 #1: stderr all=off uptime,level,tags

Environment Variables:
PATH=C:\Program Files (x86)\Razer Chroma SDK\bin;C:\Program Files\Razer Chroma SDK\bin;C:\Python310\Scripts\;C:\Python310\;C:\Program Files\Eclipse Adoptium\jdk-17.0.4.8-hotspot\bin;C:\Program Files (x86)\Razer\ChromaBroadcast\bin;C:\Program Files\Razer\ChromaBroadcast\bin;C:\Program Files (x86)\Common Files\Intel\Shared Libraries\redist\intel64\compiler;C:\Windows\system32;C:\Windows;C:\Windows\System32\Wbem;C:\Windows\System32\WindowsPowerShell\v1.0\;C:\Windows\System32\OpenSSH\;C:\Program Files\dotnet\;C:\Program Files (x86)\NVIDIA Corporation\PhysX\Common;C:\Windows\system32\config\systemprofile\AppData\Local\Microsoft\WindowsApps;C:\Program Files\Git\cmd;C:\Program Files\nodejs\;C:\ProgramData\chocolatey\bin;C:\Program Files\MySQL\MySQL Server 8.0\bin;;C:\Program Files\Docker\Docker\resources\bin;C:\Program Files\MySQL\MySQL Shell 8.0\bin\;C:\Users\justi\AppData\Local\Microsoft\WindowsApps;C:\Users\justi\AppData\Local\Programs\Microsoft VS Code\bin;C:\Users\justi\AppData\Roaming\npm;C:\Users\justi\AppData\Local\JetBrains\Toolbox\scripts;
USERNAME=justi
OS=Windows_NT
PROCESSOR_IDENTIFIER=AMD64 Family 25 Model 33 Stepping 2, AuthenticAMD
TMP=C:\Users\justi\AppData\Local\Temp
TEMP=C:\Users\justi\AppData\Local\Temp



---------------  S Y S T E M  ---------------

OS:
 Windows 10 , 64 bit Build 19041 (10.0.19041.2364)
OS uptime: 0 days 22:26 hours
Hyper-V role detected

CPU: total 32 (initial active 32) (32 cores per cpu, 2 threads per core) family 25 model 33 stepping 2 microcode 0x0, cx8, cmov, fxsr, ht, mmx, 3dnowpref, sse, sse2, sse3, ssse3, sse4a, sse4.1, sse4.2, popcnt, lzcnt, tsc, tscinvbit, avx, avx2, aes, erms, clmul, bmi1, bmi2, adx, sha, fma, vzeroupper, clflush, clflushopt, hv

Memory: 4k page, system-wide physical 32653M (16410M free)
TotalPageFile size 37517M (AvailPageFile size 14106M)
current process WorkingSet (physical memory assigned to process): 114M, peak: 114M
current process commit charge ("private bytes"): 705M, peak: 705M

vm_info: OpenJDK 64-Bit Server VM (17.0.4+8) for windows-amd64 JRE (17.0.4+8), built on Jul 19 2022 16:05:16 by "temurin" with MS VC++ 16.7 (VS2019)

END.
