#
# A fatal error has been detected by the Java Runtime Environment:
#
#  EXCEPTION_ACCESS_VIOLATION (0xc0000005) at pc=0x00007fffdd1e91b9, pid=27356, tid=29880
#
# JRE version: Java(TM) SE Runtime Environment (17.0+35) (build 17+35-LTS-2724)
# Java VM: Java HotSpot(TM) 64-Bit Server VM (17+35-LTS-2724, mixed mode, sharing, tiered, compressed oops, compressed class ptrs, g1 gc, windows-amd64)
# Problematic frame:
# C  [nvoglv64.dll+0xcb91b9]
#
# No core dump will be written. Minidumps are not enabled by default on client versions of Windows
#
# If you would like to submit a bug report, please visit:
#   https://bugreport.java.com/bugreport/crash.jsp
# The crash happened outside the Java Virtual Machine in native code.
# See problematic frame for where to report the bug.
#

---------------  S U M M A R Y ------------

Command Line: -javaagent:C:\Users\Justin\AppData\Local\JetBrains\Toolbox\apps\IDEA-U\ch-0\223.8214.52\lib\idea_rt.jar=63736:C:\Users\Justin\AppData\Local\JetBrains\Toolbox\apps\IDEA-U\ch-0\223.8214.52\bin -Dfile.encoding=UTF-8 projekt.Projekt

Host: Intel(R) Core(TM) i7-8750H CPU @ 2.20GHz, 12 cores, 31G,  Windows 10 , 64 bit Build 19041 (10.0.19041.2364)
Time: Sun Jan 15 16:40:49 2023 W. Europe Standard Time elapsed time: 0.980578 seconds (0d 0h 0m 0s)

---------------  T H R E A D  ---------------

Current thread (0x0000017bfe9f3e30):  JavaThread "main" [_thread_in_native, id=29880, stack(0x0000007988d00000,0x0000007988e00000)]

Stack: [0x0000007988d00000,0x0000007988e00000],  sp=0x0000007988dfeca0,  free space=1019k
Native frames: (J=compiled Java code, j=interpreted, Vv=VM code, C=native code)
C  [nvoglv64.dll+0xcb91b9]

Java frames: (J=compiled Java code, j=interpreted, Vv=VM code)
j  org.lwjgl.opengl.GL11C.nglDrawElements(IIIJ)V+0
j  org.lwjgl.opengl.GL11C.glDrawElements(IIIJ)V+4
j  org.lwjgl.opengl.GL11.glDrawElements(IIIJ)V+4
j  projekt.Projekt.render()V+57
j  lenz.opengl.AbstractOpenGLBase.start(Ljava/lang/String;II)V+61
j  projekt.Projekt.main([Ljava/lang/String;)V+15
v  ~StubRoutines::call_stub

siginfo: EXCEPTION_ACCESS_VIOLATION (0xc0000005), reading address 0x000000000000002c


Register to memory mapping:

RIP=0x00007fffdd1e91b9 nvoglv64.dll
RAX=0x00000053e6d84090 is an unknown value
RBX=0x0000000000000001 is an unknown value
RCX=0x0 is NULL
RDX=0x00000347047285a0 is an unknown value
RSP=0x0000007988dfeca0 is pointing into the stack for thread: 0x0000017bfe9f3e30
RBP=0x000000000000000c is an unknown value
RSI=0x000000000000000c is an unknown value
RDI=0x0000000000001405 is an unknown value
R8 =0x0000000000000024 is an unknown value
R9 =0x0 is NULL
R10=0x000000000000000e is an unknown value
R11=0x000002f24cb605e1 is an unknown value
R12=0x0000000000000004 is an unknown value
R13=0x0000017bad5bd080 points into unknown readable memory: 0x0000000000000000 | 00 00 00 00 00 00 00 00
R14=0x0 is NULL
R15=0x0000017bad5c0908 points into unknown readable memory: 0x0000000300000004 | 04 00 00 00 03 00 00 00


Registers:
RAX=0x00000053e6d84090, RBX=0x0000000000000001, RCX=0x0000000000000000, RDX=0x00000347047285a0
RSP=0x0000007988dfeca0, RBP=0x000000000000000c, RSI=0x000000000000000c, RDI=0x0000000000001405
R8 =0x0000000000000024, R9 =0x0000000000000000, R10=0x000000000000000e, R11=0x000002f24cb605e1
R12=0x0000000000000004, R13=0x0000017bad5bd080, R14=0x0000000000000000, R15=0x0000017bad5c0908
RIP=0x00007fffdd1e91b9, EFLAGS=0x0000000000010246

Top of Stack: (sp=0x0000007988dfeca0)
0x0000007988dfeca0:   0000000000000001 0000017bfe9f3e00
0x0000007988dfecb0:   0000000000000000 00000000000000b8
0x0000007988dfecc0:   0000000000000000 0000000000000000
0x0000007988dfecd0:   0000000000000000 0000000000000000
0x0000007988dfece0:   0000000000000000 0000000000000000
0x0000007988dfecf0:   0000017bad5c0908 0000017babf68aa0
0x0000007988dfed00:   0000017b0000000e 000000000017555d
0x0000007988dfed10:   0000017bab992b28 0000000000000000
0x0000007988dfed20:   0000007988dfeec8 0000000000001405
0x0000007988dfed30:   0000000000000004 0000017bad5bd080
0x0000007988dfed40:   000000000000000c 0000007988dfee88
0x0000007988dfed50:   0000000000000000 00007fffdce47ba6
0x0000007988dfed60:   0000000000000110 0000017b00000004
0x0000007988dfed70:   0000007900000000 00007fff00000000
0x0000007988dfed80:   0000000000000030 0000017b00001405
0x0000007988dfed90:   0000000000000000 0000017b00000000 

Instructions: (pc=0x00007fffdd1e91b9)
0x00007fffdd1e90b9:   57 48 83 ec 78 4c 8b b9 f8 02 00 00 4c 8b e9 48
0x00007fffdd1e90c9:   63 ac 24 e0 00 00 00 44 8b c2 8b bc 24 e8 00 00
0x00007fffdd1e90d9:   00 8b d5 4c 8b b4 24 f0 00 00 00 8b cf 45 8b 57
0x00007fffdd1e90e9:   14 41 8b 47 18 41 f7 d2 45 23 57 0c 41 0b c2 d1
0x00007fffdd1e90f9:   e9 83 e1 03 4c 89 7c 24 50 d3 e2 f7 d0 41 23 47
0x00007fffdd1e9109:   10 41 80 7f 1e 00 89 94 24 e0 00 00 00 0f 85 64
0x00007fffdd1e9119:   08 00 00 41 80 bd 4c ec 55 00 00 0f 85 56 08 00
0x00007fffdd1e9129:   00 85 ed 0f 8e 4e 08 00 00 41 83 f8 0e 0f 87 44
0x00007fffdd1e9139:   08 00 00 41 3b 95 68 ee 55 00 0f 8f 37 08 00 00
0x00007fffdd1e9149:   41 83 7f 08 00 0f 85 2c 08 00 00 41 80 7f 1d 00
0x00007fffdd1e9159:   0f 85 21 08 00 00 41 80 7f 1c 00 0f 85 16 08 00
0x00007fffdd1e9169:   00 41 80 bd 55 38 55 00 00 0f 85 08 08 00 00 41
0x00007fffdd1e9179:   80 bd 5c 38 55 00 00 0f 85 fa 07 00 00 a9 00 00
0x00007fffdd1e9189:   03 00 0f 85 ef 07 00 00 44 0b d0 45 85 57 20 0f
0x00007fffdd1e9199:   85 e2 07 00 00 bb 01 00 00 00 49 8d 8d c0 ef 55
0x00007fffdd1e91a9:   00 8b d3 e8 1f 46 e7 ff 81 ff 05 14 00 00 75 18
0x00007fffdd1e91b9:   41 8b 44 ae fc 4c 8d 65 ff 41 8b 0e 8b f8 3b c8
0x00007fffdd1e91c9:   0f 47 f9 0f 42 c1 eb 5b 81 ff 03 14 00 00 75 24
0x00007fffdd1e91d9:   41 0f b7 4c 6e fe 4c 8d 65 ff 41 0f b7 16 0f b7
0x00007fffdd1e91e9:   c1 66 3b d1 66 0f 47 c2 66 0f 42 ca 0f b7 f8 0f
0x00007fffdd1e91f9:   b7 c1 eb 2f 81 ff 01 14 00 00 0f 85 77 07 00 00
0x00007fffdd1e9209:   42 0f b6 54 35 ff 4c 8d 65 ff 45 0f b6 06 8b ca
0x00007fffdd1e9219:   44 3a c2 41 0f 47 c8 0f b6 f9 8b ca 41 0f 42 c8
0x00007fffdd1e9229:   0f b6 c1 49 8b cf 8d 75 ff 2b f8 e8 47 0b 00 00
0x00007fffdd1e9239:   45 8b 57 78 41 8b c2 0f af c7 44 89 94 24 c0 00
0x00007fffdd1e9249:   00 00 41 3b 85 6c ee 55 00 0f 8f 21 07 00 00 8b
0x00007fffdd1e9259:   84 24 e8 00 00 00 0f 29 74 24 60 3d 05 14 00 00
0x00007fffdd1e9269:   0f 85 f6 00 00 00 45 8b 3e 41 8b ff 49 8d 56 04
0x00007fffdd1e9279:   3b eb 0f 8e 70 03 00 00 83 fe 08 0f 82 b1 00 00
0x00007fffdd1e9289:   00 83 3d 5f 33 07 02 02 0f 8c a4 00 00 00 81 e6
0x00007fffdd1e9299:   07 00 00 80 7d 07 ff ce 83 ce f8 ff c6 66 41 0f
0x00007fffdd1e92a9:   6e cf 8b c5 66 0f 70 c9 00 2b c6 66 0f 6f d9 66 


Stack slot to memory mapping:
stack at sp + 0 slots: 0x0000000000000001 is an unknown value
stack at sp + 1 slots: 0x0000017bfe9f3e00 points into unknown readable memory: 0x0000000100000000 | 00 00 00 00 01 00 00 00
stack at sp + 2 slots: 0x0 is NULL
stack at sp + 3 slots: 0x00000000000000b8 is an unknown value
stack at sp + 4 slots: 0x0 is NULL
stack at sp + 5 slots: 0x0 is NULL
stack at sp + 6 slots: 0x0 is NULL
stack at sp + 7 slots: 0x0 is NULL


---------------  P R O C E S S  ---------------

Threads class SMR info:
_java_thread_list=0x0000017bb2807540, length=14, elements={
0x0000017bfe9f3e30, 0x0000017bab16f180, 0x0000017bab16fff0, 0x0000017bab17eba0,
0x0000017bab182570, 0x0000017bab182f20, 0x0000017bab1838d0, 0x0000017bab1853e0,
0x0000017bab1862a0, 0x0000017bab18aa10, 0x0000017babd06730, 0x0000017babf69540,
0x0000017babf69a10, 0x0000017bb2663160
}

Java Threads: ( => current thread )
=>0x0000017bfe9f3e30 JavaThread "main" [_thread_in_native, id=29880, stack(0x0000007988d00000,0x0000007988e00000)]
  0x0000017bab16f180 JavaThread "Reference Handler" daemon [_thread_blocked, id=7476, stack(0x0000007989400000,0x0000007989500000)]
  0x0000017bab16fff0 JavaThread "Finalizer" daemon [_thread_blocked, id=26916, stack(0x0000007989500000,0x0000007989600000)]
  0x0000017bab17eba0 JavaThread "Signal Dispatcher" daemon [_thread_blocked, id=19496, stack(0x0000007989600000,0x0000007989700000)]
  0x0000017bab182570 JavaThread "Attach Listener" daemon [_thread_blocked, id=11096, stack(0x0000007989700000,0x0000007989800000)]
  0x0000017bab182f20 JavaThread "Service Thread" daemon [_thread_blocked, id=25448, stack(0x0000007989800000,0x0000007989900000)]
  0x0000017bab1838d0 JavaThread "Monitor Deflation Thread" daemon [_thread_blocked, id=27396, stack(0x0000007989900000,0x0000007989a00000)]
  0x0000017bab1853e0 JavaThread "C2 CompilerThread0" daemon [_thread_blocked, id=32820, stack(0x0000007989a00000,0x0000007989b00000)]
  0x0000017bab1862a0 JavaThread "C1 CompilerThread0" daemon [_thread_blocked, id=29784, stack(0x0000007989b00000,0x0000007989c00000)]
  0x0000017bab18aa10 JavaThread "Sweeper thread" daemon [_thread_blocked, id=33216, stack(0x0000007989c00000,0x0000007989d00000)]
  0x0000017babd06730 JavaThread "Common-Cleaner" daemon [_thread_blocked, id=27908, stack(0x0000007989d00000,0x0000007989e00000)]
  0x0000017babf69540 JavaThread "Monitor Ctrl-Break" daemon [_thread_in_native, id=16708, stack(0x0000007989e00000,0x0000007989f00000)]
  0x0000017babf69a10 JavaThread "Notification Thread" daemon [_thread_blocked, id=10552, stack(0x0000007989f00000,0x000000798a000000)]
  0x0000017bb2663160 JavaThread "Java2D Disposer" daemon [_thread_blocked, id=33524, stack(0x000000798a900000,0x000000798aa00000)]

Other Threads:
  0x0000017bab1676a0 VMThread "VM Thread" [stack: 0x0000007989300000,0x0000007989400000] [id=26968]
  0x0000017bfea82cd0 WatcherThread [stack: 0x000000798a000000,0x000000798a100000] [id=1664]
  0x0000017bfea69ae0 GCTaskThread "GC Thread#0" [stack: 0x0000007988e00000,0x0000007988f00000] [id=26188]
  0x0000017bb29b69a0 GCTaskThread "GC Thread#1" [stack: 0x000000798aa00000,0x000000798ab00000] [id=25492]
  0x0000017bb29b6c50 GCTaskThread "GC Thread#2" [stack: 0x000000798ab00000,0x000000798ac00000] [id=34672]
  0x0000017bb29a1030 GCTaskThread "GC Thread#3" [stack: 0x000000798ac00000,0x000000798ad00000] [id=21760]
  0x0000017bb29a12e0 GCTaskThread "GC Thread#4" [stack: 0x000000798ad00000,0x000000798ae00000] [id=21740]
  0x0000017bb29a1590 GCTaskThread "GC Thread#5" [stack: 0x000000798ae00000,0x000000798af00000] [id=32908]
  0x0000017bb29a1840 GCTaskThread "GC Thread#6" [stack: 0x000000798af00000,0x000000798b000000] [id=33380]
  0x0000017bb29a1af0 GCTaskThread "GC Thread#7" [stack: 0x000000798b000000,0x000000798b100000] [id=23216]
  0x0000017bb299dd50 GCTaskThread "GC Thread#8" [stack: 0x000000798b100000,0x000000798b200000] [id=25624]
  0x0000017bb299e000 GCTaskThread "GC Thread#9" [stack: 0x000000798b200000,0x000000798b300000] [id=26688]
  0x0000017bfea7b830 ConcurrentGCThread "G1 Main Marker" [stack: 0x0000007988f00000,0x0000007989000000] [id=13252]
  0x0000017bfea7c240 ConcurrentGCThread "G1 Conc#0" [stack: 0x0000007989000000,0x0000007989100000] [id=17804]
  0x0000017bab0230f0 ConcurrentGCThread "G1 Refine#0" [stack: 0x0000007989100000,0x0000007989200000] [id=32564]
  0x0000017bab023b10 ConcurrentGCThread "G1 Service" [stack: 0x0000007989200000,0x0000007989300000] [id=32444]

Threads with active compile tasks:

VM state: not at safepoint (normal execution)

VM Mutex/Monitor currently owned by a thread: None

Heap address: 0x0000000604000000, size: 8128 MB, Compressed Oops mode: Zero based, Oop shift amount: 3

CDS archive(s) mapped at: [0x0000000800000000-0x0000000800bc0000-0x0000000800bc0000), size 12320768, SharedBaseAddress: 0x0000000800000000, ArchiveRelocationMode: 0.
Compressed class space mapped at: 0x0000000800c00000-0x0000000840c00000, reserved size: 1073741824
Narrow klass base: 0x0000000800000000, Narrow klass shift: 0, Narrow klass range: 0x100000000

GC Precious Log:
 CPUs: 12 total, 12 available
 Memory: 32502M
 Large Page Support: Disabled
 NUMA Support: Disabled
 Compressed Oops: Enabled (Zero based)
 Heap Region Size: 4M
 Heap Min Capacity: 8M
 Heap Initial Capacity: 508M
 Heap Max Capacity: 8128M
 Pre-touch: Disabled
 Parallel Workers: 10
 Concurrent Workers: 3
 Concurrent Refinement Workers: 10
 Periodic GC: Disabled

Heap:
 garbage-first heap   total 520192K, used 3046K [0x0000000604000000, 0x0000000800000000)
  region size 4096K, 2 young (8192K), 1 survivors (4096K)
 Metaspace       used 6206K, committed 6400K, reserved 1056768K
  class space    used 454K, committed 512K, reserved 1048576K

Heap Regions: E=young(eden), S=young(survivor), O=old, HS=humongous(starts), HC=humongous(continues), CS=collection set, F=free, OA=open archive, CA=closed archive, TAMS=top-at-mark-start (previous, next)
|   0|0x0000000604000000, 0x0000000604000000, 0x0000000604400000|  0%| F|  |TAMS 0x0000000604000000, 0x0000000604000000| Untracked 
|   1|0x0000000604400000, 0x0000000604400000, 0x0000000604800000|  0%| F|  |TAMS 0x0000000604400000, 0x0000000604400000| Untracked 
|   2|0x0000000604800000, 0x0000000604800000, 0x0000000604c00000|  0%| F|  |TAMS 0x0000000604800000, 0x0000000604800000| Untracked 
|   3|0x0000000604c00000, 0x0000000604c00000, 0x0000000605000000|  0%| F|  |TAMS 0x0000000604c00000, 0x0000000604c00000| Untracked 
|   4|0x0000000605000000, 0x0000000605000000, 0x0000000605400000|  0%| F|  |TAMS 0x0000000605000000, 0x0000000605000000| Untracked 
|   5|0x0000000605400000, 0x0000000605400000, 0x0000000605800000|  0%| F|  |TAMS 0x0000000605400000, 0x0000000605400000| Untracked 
|   6|0x0000000605800000, 0x0000000605800000, 0x0000000605c00000|  0%| F|  |TAMS 0x0000000605800000, 0x0000000605800000| Untracked 
|   7|0x0000000605c00000, 0x0000000605c00000, 0x0000000606000000|  0%| F|  |TAMS 0x0000000605c00000, 0x0000000605c00000| Untracked 
|   8|0x0000000606000000, 0x0000000606000000, 0x0000000606400000|  0%| F|  |TAMS 0x0000000606000000, 0x0000000606000000| Untracked 
|   9|0x0000000606400000, 0x0000000606400000, 0x0000000606800000|  0%| F|  |TAMS 0x0000000606400000, 0x0000000606400000| Untracked 
|  10|0x0000000606800000, 0x0000000606800000, 0x0000000606c00000|  0%| F|  |TAMS 0x0000000606800000, 0x0000000606800000| Untracked 
|  11|0x0000000606c00000, 0x0000000606c00000, 0x0000000607000000|  0%| F|  |TAMS 0x0000000606c00000, 0x0000000606c00000| Untracked 
|  12|0x0000000607000000, 0x0000000607000000, 0x0000000607400000|  0%| F|  |TAMS 0x0000000607000000, 0x0000000607000000| Untracked 
|  13|0x0000000607400000, 0x0000000607400000, 0x0000000607800000|  0%| F|  |TAMS 0x0000000607400000, 0x0000000607400000| Untracked 
|  14|0x0000000607800000, 0x0000000607800000, 0x0000000607c00000|  0%| F|  |TAMS 0x0000000607800000, 0x0000000607800000| Untracked 
|  15|0x0000000607c00000, 0x0000000607c00000, 0x0000000608000000|  0%| F|  |TAMS 0x0000000607c00000, 0x0000000607c00000| Untracked 
|  16|0x0000000608000000, 0x0000000608000000, 0x0000000608400000|  0%| F|  |TAMS 0x0000000608000000, 0x0000000608000000| Untracked 
|  17|0x0000000608400000, 0x0000000608400000, 0x0000000608800000|  0%| F|  |TAMS 0x0000000608400000, 0x0000000608400000| Untracked 
|  18|0x0000000608800000, 0x0000000608800000, 0x0000000608c00000|  0%| F|  |TAMS 0x0000000608800000, 0x0000000608800000| Untracked 
|  19|0x0000000608c00000, 0x0000000608c00000, 0x0000000609000000|  0%| F|  |TAMS 0x0000000608c00000, 0x0000000608c00000| Untracked 
|  20|0x0000000609000000, 0x0000000609000000, 0x0000000609400000|  0%| F|  |TAMS 0x0000000609000000, 0x0000000609000000| Untracked 
|  21|0x0000000609400000, 0x0000000609400000, 0x0000000609800000|  0%| F|  |TAMS 0x0000000609400000, 0x0000000609400000| Untracked 
|  22|0x0000000609800000, 0x0000000609800000, 0x0000000609c00000|  0%| F|  |TAMS 0x0000000609800000, 0x0000000609800000| Untracked 
|  23|0x0000000609c00000, 0x0000000609c00000, 0x000000060a000000|  0%| F|  |TAMS 0x0000000609c00000, 0x0000000609c00000| Untracked 
|  24|0x000000060a000000, 0x000000060a000000, 0x000000060a400000|  0%| F|  |TAMS 0x000000060a000000, 0x000000060a000000| Untracked 
|  25|0x000000060a400000, 0x000000060a400000, 0x000000060a800000|  0%| F|  |TAMS 0x000000060a400000, 0x000000060a400000| Untracked 
|  26|0x000000060a800000, 0x000000060a800000, 0x000000060ac00000|  0%| F|  |TAMS 0x000000060a800000, 0x000000060a800000| Untracked 
|  27|0x000000060ac00000, 0x000000060ac00000, 0x000000060b000000|  0%| F|  |TAMS 0x000000060ac00000, 0x000000060ac00000| Untracked 
|  28|0x000000060b000000, 0x000000060b000000, 0x000000060b400000|  0%| F|  |TAMS 0x000000060b000000, 0x000000060b000000| Untracked 
|  29|0x000000060b400000, 0x000000060b400000, 0x000000060b800000|  0%| F|  |TAMS 0x000000060b400000, 0x000000060b400000| Untracked 
|  30|0x000000060b800000, 0x000000060b800000, 0x000000060bc00000|  0%| F|  |TAMS 0x000000060b800000, 0x000000060b800000| Untracked 
|  31|0x000000060bc00000, 0x000000060bc00000, 0x000000060c000000|  0%| F|  |TAMS 0x000000060bc00000, 0x000000060bc00000| Untracked 
|  32|0x000000060c000000, 0x000000060c000000, 0x000000060c400000|  0%| F|  |TAMS 0x000000060c000000, 0x000000060c000000| Untracked 
|  33|0x000000060c400000, 0x000000060c400000, 0x000000060c800000|  0%| F|  |TAMS 0x000000060c400000, 0x000000060c400000| Untracked 
|  34|0x000000060c800000, 0x000000060c800000, 0x000000060cc00000|  0%| F|  |TAMS 0x000000060c800000, 0x000000060c800000| Untracked 
|  35|0x000000060cc00000, 0x000000060cc00000, 0x000000060d000000|  0%| F|  |TAMS 0x000000060cc00000, 0x000000060cc00000| Untracked 
|  36|0x000000060d000000, 0x000000060d000000, 0x000000060d400000|  0%| F|  |TAMS 0x000000060d000000, 0x000000060d000000| Untracked 
|  37|0x000000060d400000, 0x000000060d400000, 0x000000060d800000|  0%| F|  |TAMS 0x000000060d400000, 0x000000060d400000| Untracked 
|  38|0x000000060d800000, 0x000000060d800000, 0x000000060dc00000|  0%| F|  |TAMS 0x000000060d800000, 0x000000060d800000| Untracked 
|  39|0x000000060dc00000, 0x000000060dc00000, 0x000000060e000000|  0%| F|  |TAMS 0x000000060dc00000, 0x000000060dc00000| Untracked 
|  40|0x000000060e000000, 0x000000060e000000, 0x000000060e400000|  0%| F|  |TAMS 0x000000060e000000, 0x000000060e000000| Untracked 
|  41|0x000000060e400000, 0x000000060e400000, 0x000000060e800000|  0%| F|  |TAMS 0x000000060e400000, 0x000000060e400000| Untracked 
|  42|0x000000060e800000, 0x000000060e800000, 0x000000060ec00000|  0%| F|  |TAMS 0x000000060e800000, 0x000000060e800000| Untracked 
|  43|0x000000060ec00000, 0x000000060ec00000, 0x000000060f000000|  0%| F|  |TAMS 0x000000060ec00000, 0x000000060ec00000| Untracked 
|  44|0x000000060f000000, 0x000000060f000000, 0x000000060f400000|  0%| F|  |TAMS 0x000000060f000000, 0x000000060f000000| Untracked 
|  45|0x000000060f400000, 0x000000060f400000, 0x000000060f800000|  0%| F|  |TAMS 0x000000060f400000, 0x000000060f400000| Untracked 
|  46|0x000000060f800000, 0x000000060f800000, 0x000000060fc00000|  0%| F|  |TAMS 0x000000060f800000, 0x000000060f800000| Untracked 
|  47|0x000000060fc00000, 0x000000060fc00000, 0x0000000610000000|  0%| F|  |TAMS 0x000000060fc00000, 0x000000060fc00000| Untracked 
|  48|0x0000000610000000, 0x0000000610000000, 0x0000000610400000|  0%| F|  |TAMS 0x0000000610000000, 0x0000000610000000| Untracked 
|  49|0x0000000610400000, 0x0000000610400000, 0x0000000610800000|  0%| F|  |TAMS 0x0000000610400000, 0x0000000610400000| Untracked 
|  50|0x0000000610800000, 0x0000000610800000, 0x0000000610c00000|  0%| F|  |TAMS 0x0000000610800000, 0x0000000610800000| Untracked 
|  51|0x0000000610c00000, 0x0000000610c00000, 0x0000000611000000|  0%| F|  |TAMS 0x0000000610c00000, 0x0000000610c00000| Untracked 
|  52|0x0000000611000000, 0x0000000611000000, 0x0000000611400000|  0%| F|  |TAMS 0x0000000611000000, 0x0000000611000000| Untracked 
|  53|0x0000000611400000, 0x0000000611400000, 0x0000000611800000|  0%| F|  |TAMS 0x0000000611400000, 0x0000000611400000| Untracked 
|  54|0x0000000611800000, 0x0000000611800000, 0x0000000611c00000|  0%| F|  |TAMS 0x0000000611800000, 0x0000000611800000| Untracked 
|  55|0x0000000611c00000, 0x0000000611c00000, 0x0000000612000000|  0%| F|  |TAMS 0x0000000611c00000, 0x0000000611c00000| Untracked 
|  56|0x0000000612000000, 0x0000000612000000, 0x0000000612400000|  0%| F|  |TAMS 0x0000000612000000, 0x0000000612000000| Untracked 
|  57|0x0000000612400000, 0x0000000612400000, 0x0000000612800000|  0%| F|  |TAMS 0x0000000612400000, 0x0000000612400000| Untracked 
|  58|0x0000000612800000, 0x0000000612800000, 0x0000000612c00000|  0%| F|  |TAMS 0x0000000612800000, 0x0000000612800000| Untracked 
|  59|0x0000000612c00000, 0x0000000612c00000, 0x0000000613000000|  0%| F|  |TAMS 0x0000000612c00000, 0x0000000612c00000| Untracked 
|  60|0x0000000613000000, 0x0000000613000000, 0x0000000613400000|  0%| F|  |TAMS 0x0000000613000000, 0x0000000613000000| Untracked 
|  61|0x0000000613400000, 0x0000000613400000, 0x0000000613800000|  0%| F|  |TAMS 0x0000000613400000, 0x0000000613400000| Untracked 
|  62|0x0000000613800000, 0x0000000613800000, 0x0000000613c00000|  0%| F|  |TAMS 0x0000000613800000, 0x0000000613800000| Untracked 
|  63|0x0000000613c00000, 0x0000000613c00000, 0x0000000614000000|  0%| F|  |TAMS 0x0000000613c00000, 0x0000000613c00000| Untracked 
|  64|0x0000000614000000, 0x0000000614000000, 0x0000000614400000|  0%| F|  |TAMS 0x0000000614000000, 0x0000000614000000| Untracked 
|  65|0x0000000614400000, 0x0000000614400000, 0x0000000614800000|  0%| F|  |TAMS 0x0000000614400000, 0x0000000614400000| Untracked 
|  66|0x0000000614800000, 0x0000000614800000, 0x0000000614c00000|  0%| F|  |TAMS 0x0000000614800000, 0x0000000614800000| Untracked 
|  67|0x0000000614c00000, 0x0000000614c00000, 0x0000000615000000|  0%| F|  |TAMS 0x0000000614c00000, 0x0000000614c00000| Untracked 
|  68|0x0000000615000000, 0x0000000615000000, 0x0000000615400000|  0%| F|  |TAMS 0x0000000615000000, 0x0000000615000000| Untracked 
|  69|0x0000000615400000, 0x0000000615400000, 0x0000000615800000|  0%| F|  |TAMS 0x0000000615400000, 0x0000000615400000| Untracked 
|  70|0x0000000615800000, 0x0000000615800000, 0x0000000615c00000|  0%| F|  |TAMS 0x0000000615800000, 0x0000000615800000| Untracked 
|  71|0x0000000615c00000, 0x0000000615c00000, 0x0000000616000000|  0%| F|  |TAMS 0x0000000615c00000, 0x0000000615c00000| Untracked 
|  72|0x0000000616000000, 0x0000000616000000, 0x0000000616400000|  0%| F|  |TAMS 0x0000000616000000, 0x0000000616000000| Untracked 
|  73|0x0000000616400000, 0x0000000616400000, 0x0000000616800000|  0%| F|  |TAMS 0x0000000616400000, 0x0000000616400000| Untracked 
|  74|0x0000000616800000, 0x0000000616800000, 0x0000000616c00000|  0%| F|  |TAMS 0x0000000616800000, 0x0000000616800000| Untracked 
|  75|0x0000000616c00000, 0x0000000616c00000, 0x0000000617000000|  0%| F|  |TAMS 0x0000000616c00000, 0x0000000616c00000| Untracked 
|  76|0x0000000617000000, 0x0000000617000000, 0x0000000617400000|  0%| F|  |TAMS 0x0000000617000000, 0x0000000617000000| Untracked 
|  77|0x0000000617400000, 0x0000000617400000, 0x0000000617800000|  0%| F|  |TAMS 0x0000000617400000, 0x0000000617400000| Untracked 
|  78|0x0000000617800000, 0x0000000617800000, 0x0000000617c00000|  0%| F|  |TAMS 0x0000000617800000, 0x0000000617800000| Untracked 
|  79|0x0000000617c00000, 0x0000000617c00000, 0x0000000618000000|  0%| F|  |TAMS 0x0000000617c00000, 0x0000000617c00000| Untracked 
|  80|0x0000000618000000, 0x0000000618000000, 0x0000000618400000|  0%| F|  |TAMS 0x0000000618000000, 0x0000000618000000| Untracked 
|  81|0x0000000618400000, 0x0000000618400000, 0x0000000618800000|  0%| F|  |TAMS 0x0000000618400000, 0x0000000618400000| Untracked 
|  82|0x0000000618800000, 0x0000000618800000, 0x0000000618c00000|  0%| F|  |TAMS 0x0000000618800000, 0x0000000618800000| Untracked 
|  83|0x0000000618c00000, 0x0000000618c00000, 0x0000000619000000|  0%| F|  |TAMS 0x0000000618c00000, 0x0000000618c00000| Untracked 
|  84|0x0000000619000000, 0x0000000619000000, 0x0000000619400000|  0%| F|  |TAMS 0x0000000619000000, 0x0000000619000000| Untracked 
|  85|0x0000000619400000, 0x0000000619400000, 0x0000000619800000|  0%| F|  |TAMS 0x0000000619400000, 0x0000000619400000| Untracked 
|  86|0x0000000619800000, 0x0000000619800000, 0x0000000619c00000|  0%| F|  |TAMS 0x0000000619800000, 0x0000000619800000| Untracked 
|  87|0x0000000619c00000, 0x0000000619c00000, 0x000000061a000000|  0%| F|  |TAMS 0x0000000619c00000, 0x0000000619c00000| Untracked 
|  88|0x000000061a000000, 0x000000061a000000, 0x000000061a400000|  0%| F|  |TAMS 0x000000061a000000, 0x000000061a000000| Untracked 
|  89|0x000000061a400000, 0x000000061a400000, 0x000000061a800000|  0%| F|  |TAMS 0x000000061a400000, 0x000000061a400000| Untracked 
|  90|0x000000061a800000, 0x000000061a800000, 0x000000061ac00000|  0%| F|  |TAMS 0x000000061a800000, 0x000000061a800000| Untracked 
|  91|0x000000061ac00000, 0x000000061ac00000, 0x000000061b000000|  0%| F|  |TAMS 0x000000061ac00000, 0x000000061ac00000| Untracked 
|  92|0x000000061b000000, 0x000000061b000000, 0x000000061b400000|  0%| F|  |TAMS 0x000000061b000000, 0x000000061b000000| Untracked 
|  93|0x000000061b400000, 0x000000061b400000, 0x000000061b800000|  0%| F|  |TAMS 0x000000061b400000, 0x000000061b400000| Untracked 
|  94|0x000000061b800000, 0x000000061b800000, 0x000000061bc00000|  0%| F|  |TAMS 0x000000061b800000, 0x000000061b800000| Untracked 
|  95|0x000000061bc00000, 0x000000061bc00000, 0x000000061c000000|  0%| F|  |TAMS 0x000000061bc00000, 0x000000061bc00000| Untracked 
|  96|0x000000061c000000, 0x000000061c000000, 0x000000061c400000|  0%| F|  |TAMS 0x000000061c000000, 0x000000061c000000| Untracked 
|  97|0x000000061c400000, 0x000000061c400000, 0x000000061c800000|  0%| F|  |TAMS 0x000000061c400000, 0x000000061c400000| Untracked 
|  98|0x000000061c800000, 0x000000061c800000, 0x000000061cc00000|  0%| F|  |TAMS 0x000000061c800000, 0x000000061c800000| Untracked 
|  99|0x000000061cc00000, 0x000000061cc00000, 0x000000061d000000|  0%| F|  |TAMS 0x000000061cc00000, 0x000000061cc00000| Untracked 
| 100|0x000000061d000000, 0x000000061d000000, 0x000000061d400000|  0%| F|  |TAMS 0x000000061d000000, 0x000000061d000000| Untracked 
| 101|0x000000061d400000, 0x000000061d400000, 0x000000061d800000|  0%| F|  |TAMS 0x000000061d400000, 0x000000061d400000| Untracked 
| 102|0x000000061d800000, 0x000000061d800000, 0x000000061dc00000|  0%| F|  |TAMS 0x000000061d800000, 0x000000061d800000| Untracked 
| 103|0x000000061dc00000, 0x000000061dc00000, 0x000000061e000000|  0%| F|  |TAMS 0x000000061dc00000, 0x000000061dc00000| Untracked 
| 104|0x000000061e000000, 0x000000061e000000, 0x000000061e400000|  0%| F|  |TAMS 0x000000061e000000, 0x000000061e000000| Untracked 
| 105|0x000000061e400000, 0x000000061e400000, 0x000000061e800000|  0%| F|  |TAMS 0x000000061e400000, 0x000000061e400000| Untracked 
| 106|0x000000061e800000, 0x000000061e800000, 0x000000061ec00000|  0%| F|  |TAMS 0x000000061e800000, 0x000000061e800000| Untracked 
| 107|0x000000061ec00000, 0x000000061ec00000, 0x000000061f000000|  0%| F|  |TAMS 0x000000061ec00000, 0x000000061ec00000| Untracked 
| 108|0x000000061f000000, 0x000000061f000000, 0x000000061f400000|  0%| F|  |TAMS 0x000000061f000000, 0x000000061f000000| Untracked 
| 109|0x000000061f400000, 0x000000061f400000, 0x000000061f800000|  0%| F|  |TAMS 0x000000061f400000, 0x000000061f400000| Untracked 
| 110|0x000000061f800000, 0x000000061f800000, 0x000000061fc00000|  0%| F|  |TAMS 0x000000061f800000, 0x000000061f800000| Untracked 
| 111|0x000000061fc00000, 0x000000061fc00000, 0x0000000620000000|  0%| F|  |TAMS 0x000000061fc00000, 0x000000061fc00000| Untracked 
| 112|0x0000000620000000, 0x0000000620000000, 0x0000000620400000|  0%| F|  |TAMS 0x0000000620000000, 0x0000000620000000| Untracked 
| 113|0x0000000620400000, 0x0000000620400000, 0x0000000620800000|  0%| F|  |TAMS 0x0000000620400000, 0x0000000620400000| Untracked 
| 114|0x0000000620800000, 0x0000000620800000, 0x0000000620c00000|  0%| F|  |TAMS 0x0000000620800000, 0x0000000620800000| Untracked 
| 115|0x0000000620c00000, 0x0000000620c00000, 0x0000000621000000|  0%| F|  |TAMS 0x0000000620c00000, 0x0000000620c00000| Untracked 
| 116|0x0000000621000000, 0x0000000621000000, 0x0000000621400000|  0%| F|  |TAMS 0x0000000621000000, 0x0000000621000000| Untracked 
| 117|0x0000000621400000, 0x0000000621400000, 0x0000000621800000|  0%| F|  |TAMS 0x0000000621400000, 0x0000000621400000| Untracked 
| 118|0x0000000621800000, 0x0000000621800000, 0x0000000621c00000|  0%| F|  |TAMS 0x0000000621800000, 0x0000000621800000| Untracked 
| 119|0x0000000621c00000, 0x0000000621c00000, 0x0000000622000000|  0%| F|  |TAMS 0x0000000621c00000, 0x0000000621c00000| Untracked 
| 120|0x0000000622000000, 0x00000006222f98d0, 0x0000000622400000| 74%| S|CS|TAMS 0x0000000622000000, 0x0000000622000000| Complete 
| 121|0x0000000622400000, 0x0000000622400000, 0x0000000622800000|  0%| F|  |TAMS 0x0000000622400000, 0x0000000622400000| Untracked 
| 122|0x0000000622800000, 0x0000000622800000, 0x0000000622c00000|  0%| F|  |TAMS 0x0000000622800000, 0x0000000622800000| Untracked 
| 123|0x0000000622c00000, 0x0000000622c00000, 0x0000000623000000|  0%| F|  |TAMS 0x0000000622c00000, 0x0000000622c00000| Untracked 
| 124|0x0000000623000000, 0x0000000623000000, 0x0000000623400000|  0%| F|  |TAMS 0x0000000623000000, 0x0000000623000000| Untracked 
| 125|0x0000000623400000, 0x0000000623400000, 0x0000000623800000|  0%| F|  |TAMS 0x0000000623400000, 0x0000000623400000| Untracked 
| 126|0x0000000623800000, 0x00000006238f8658, 0x0000000623c00000| 24%| E|  |TAMS 0x0000000623800000, 0x0000000623800000| Complete 

Card table byte_map: [0x0000017b96730000,0x0000017b97710000] _byte_map_base: 0x0000017b93710000

Marking Bits (Prev, Next): (CMBitMap*) 0x0000017bfea6a0f0, (CMBitMap*) 0x0000017bfea6a130
 Prev Bits: [0x0000017b986f0000, 0x0000017ba05f0000)
 Next Bits: [0x0000017ba05f0000, 0x0000017ba84f0000)

Polling page: 0x0000017bfc840000

Metaspace:

Usage:
  Non-class:      5.62 MB used.
      Class:    454.40 KB used.
       Both:      6.06 MB used.

Virtual space:
  Non-class space:        8.00 MB reserved,       5.75 MB ( 72%) committed,  1 nodes.
      Class space:        1.00 GB reserved,     512.00 KB ( <1%) committed,  1 nodes.
             Both:        1.01 GB reserved,       6.25 MB ( <1%) committed. 

Chunk freelists:
   Non-Class:  1.79 MB
       Class:  3.51 MB
        Both:  5.30 MB

MaxMetaspaceSize: unlimited
CompressedClassSpaceSize: 1.00 GB
Initial GC threshold: 21.00 MB
Current GC threshold: 21.00 MB
CDS: on
MetaspaceReclaimPolicy: balanced
 - commit_granule_bytes: 65536.
 - commit_granule_words: 8192.
 - virtual_space_node_default_size: 1048576.
 - enlarge_chunks_in_place: 1.
 - new_chunks_are_fully_committed: 0.
 - uncommit_free_chunks: 1.
 - use_allocation_guard: 0.
 - handle_deallocations: 1.


Internal statistics:

num_allocs_failed_limit: 0.
num_arena_births: 134.
num_arena_deaths: 0.
num_vsnodes_births: 2.
num_vsnodes_deaths: 0.
num_space_committed: 98.
num_space_uncommitted: 0.
num_chunks_returned_to_freelist: 0.
num_chunks_taken_from_freelist: 251.
num_chunk_merges: 0.
num_chunk_splits: 159.
num_chunks_enlarged: 92.
num_purges: 0.
num_inconsistent_stats: 0.

CodeHeap 'non-profiled nmethods': size=120000Kb used=312Kb max_used=312Kb free=119687Kb
 bounds [0x0000017b8f200000, 0x0000017b8f470000, 0x0000017b96730000]
CodeHeap 'profiled nmethods': size=120000Kb used=1562Kb max_used=1562Kb free=118437Kb
 bounds [0x0000017b87cd0000, 0x0000017b87f40000, 0x0000017b8f200000]
CodeHeap 'non-nmethods': size=5760Kb used=1583Kb max_used=1601Kb free=4176Kb
 bounds [0x0000017b87730000, 0x0000017b879a0000, 0x0000017b87cd0000]
 total_blobs=1973 nmethods=965 adapters=921
 compilation: enabled
              stopped_count=0, restarted_count=0
 full_count=0

Compilation events (20 events):
Event: 0.947 Thread 0x0000017bab1862a0  933       3       java.util.ArrayList$Itr::checkForComodification (23 bytes)
Event: 0.947 Thread 0x0000017bab1862a0 nmethod 933 0x0000017b87e3c990 code [0x0000017b87e3cb40, 0x0000017b87e3cd08]
Event: 0.947 Thread 0x0000017bab1862a0  930       3       java.lang.Character::digit (6 bytes)
Event: 0.948 Thread 0x0000017bab1862a0 nmethod 930 0x0000017b87e3ce10 code [0x0000017b87e3cfc0, 0x0000017b87e3d218]
Event: 0.948 Thread 0x0000017bab1862a0  929       1       java.lang.Float::floatValue (5 bytes)
Event: 0.948 Thread 0x0000017bab1862a0 nmethod 929 0x0000017b8f24a610 code [0x0000017b8f24a7a0, 0x0000017b8f24a878]
Event: 0.948 Thread 0x0000017bab1862a0  934       1       java.util.zip.ZipEntry::getSize (5 bytes)
Event: 0.948 Thread 0x0000017bab1862a0 nmethod 934 0x0000017b8f24a910 code [0x0000017b8f24aaa0, 0x0000017b8f24ab78]
Event: 0.949 Thread 0x0000017bab1862a0  935       3       sun.net.www.ParseUtil::encodePath (41 bytes)
Event: 0.950 Thread 0x0000017bb25dd830 nmethod 920% 0x0000017b8f24ac10 code [0x0000017b8f24ae00, 0x0000017b8f24bbc8]
Event: 0.950 Thread 0x0000017bab1862a0 nmethod 935 0x0000017b87e3d310 code [0x0000017b87e3d4e0, 0x0000017b87e3d748]
Event: 0.951 Thread 0x0000017bab1862a0  937       3       java.util.concurrent.ConcurrentHashMap$BaseIterator::<init> (21 bytes)
Event: 0.951 Thread 0x0000017bab1862a0 nmethod 937 0x0000017b87e3d810 code [0x0000017b87e3d9c0, 0x0000017b87e3dbb8]
Event: 0.951 Thread 0x0000017bab1862a0  938       3       java.util.concurrent.ConcurrentHashMap$Traverser::<init> (36 bytes)
Event: 0.951 Thread 0x0000017bab1862a0 nmethod 938 0x0000017b87e3dc90 code [0x0000017b87e3de20, 0x0000017b87e3e038]
Event: 0.951 Thread 0x0000017bab1862a0  939       3       java.util.concurrent.ConcurrentHashMap::values (25 bytes)
Event: 0.951 Thread 0x0000017bab1862a0 nmethod 939 0x0000017b87e3e110 code [0x0000017b87e3e2c0, 0x0000017b87e3e678]
Event: 0.953 Thread 0x0000017bab1862a0  940       3       java.lang.String::trim (35 bytes)
Event: 0.953 Thread 0x0000017bab1862a0 nmethod 940 0x0000017b87e3e790 code [0x0000017b87e3e960, 0x0000017b87e3ec58]
Event: 0.953 Thread 0x0000017bab1862a0  942   !   3       jdk.internal.math.FloatingDecimal::readJavaFormatString (826 bytes)

GC Heap History (0 events):
No events

Deoptimization events (20 events):
Event: 0.891 Thread 0x0000017bfe9f3e30 DEOPT PACKING pc=0x0000017b87e25720 sp=0x0000007988dfdea0
Event: 0.891 Thread 0x0000017bfe9f3e30 DEOPT UNPACKING pc=0x0000017b87782b43 sp=0x0000007988dfd378 mode 0
Event: 0.891 Thread 0x0000017bfe9f3e30 DEOPT PACKING pc=0x0000017b87e25720 sp=0x0000007988dfdea0
Event: 0.891 Thread 0x0000017bfe9f3e30 DEOPT UNPACKING pc=0x0000017b87782b43 sp=0x0000007988dfd378 mode 0
Event: 0.892 Thread 0x0000017bfe9f3e30 DEOPT PACKING pc=0x0000017b87e25720 sp=0x0000007988dfdea0
Event: 0.892 Thread 0x0000017bfe9f3e30 DEOPT UNPACKING pc=0x0000017b87782b43 sp=0x0000007988dfd378 mode 0
Event: 0.892 Thread 0x0000017bfe9f3e30 DEOPT PACKING pc=0x0000017b87e25720 sp=0x0000007988dfdea0
Event: 0.892 Thread 0x0000017bfe9f3e30 DEOPT UNPACKING pc=0x0000017b87782b43 sp=0x0000007988dfd378 mode 0
Event: 0.892 Thread 0x0000017bfe9f3e30 DEOPT PACKING pc=0x0000017b87e25720 sp=0x0000007988dfdea0
Event: 0.892 Thread 0x0000017bfe9f3e30 DEOPT UNPACKING pc=0x0000017b87782b43 sp=0x0000007988dfd378 mode 0
Event: 0.892 Thread 0x0000017bfe9f3e30 DEOPT PACKING pc=0x0000017b87e25720 sp=0x0000007988dfdea0
Event: 0.892 Thread 0x0000017bfe9f3e30 DEOPT UNPACKING pc=0x0000017b87782b43 sp=0x0000007988dfd378 mode 0
Event: 0.892 Thread 0x0000017bfe9f3e30 DEOPT PACKING pc=0x0000017b87e25720 sp=0x0000007988dfdea0
Event: 0.892 Thread 0x0000017bfe9f3e30 DEOPT UNPACKING pc=0x0000017b87782b43 sp=0x0000007988dfd378 mode 0
Event: 0.893 Thread 0x0000017bfe9f3e30 DEOPT PACKING pc=0x0000017b87e25720 sp=0x0000007988dfdea0
Event: 0.893 Thread 0x0000017bfe9f3e30 DEOPT UNPACKING pc=0x0000017b87782b43 sp=0x0000007988dfd378 mode 0
Event: 0.893 Thread 0x0000017bfe9f3e30 DEOPT PACKING pc=0x0000017b87e25720 sp=0x0000007988dfdea0
Event: 0.893 Thread 0x0000017bfe9f3e30 DEOPT UNPACKING pc=0x0000017b87782b43 sp=0x0000007988dfd378 mode 0
Event: 0.893 Thread 0x0000017bfe9f3e30 DEOPT PACKING pc=0x0000017b87e25720 sp=0x0000007988dfdea0
Event: 0.893 Thread 0x0000017bfe9f3e30 DEOPT UNPACKING pc=0x0000017b87782b43 sp=0x0000007988dfd378 mode 0

Classes unloaded (0 events):
No events

Classes redefined (0 events):
No events

Internal exceptions (20 events):
Event: 0.163 Thread 0x0000017bfe9f3e30 Exception <a 'java/lang/NoSuchMethodError'{0x00000006234dcfd8}: 'int java.lang.invoke.DirectMethodHandle$Holder.invokeSpecial(java.lang.Object, java.lang.Object, java.lang.Object)'> (0x00000006234dcfd8) 
thrown [t:\workspace\open\src\hotspot\share\interpreter\linkResolver.cpp, line 766]
Event: 0.186 Thread 0x0000017bfe9f3e30 Exception <a 'sun/nio/fs/WindowsException'{0x0000000623539648}> (0x0000000623539648) 
thrown [t:\workspace\open\src\hotspot\share\prims\jni.cpp, line 516]
Event: 0.186 Thread 0x0000017bfe9f3e30 Exception <a 'sun/nio/fs/WindowsException'{0x0000000623539ba8}> (0x0000000623539ba8) 
thrown [t:\workspace\open\src\hotspot\share\prims\jni.cpp, line 516]
Event: 0.194 Thread 0x0000017bfe9f3e30 Exception <a 'java/lang/NoSuchMethodError'{0x0000000623562fa8}: 'int java.lang.invoke.DirectMethodHandle$Holder.invokeStaticInit(java.lang.Object, java.lang.Object, int, long)'> (0x0000000623562fa8) 
thrown [t:\workspace\open\src\hotspot\share\interpreter\linkResolver.cpp, line 766]
Event: 0.195 Thread 0x0000017bfe9f3e30 Exception <a 'java/lang/NoSuchMethodError'{0x0000000623568870}: 'java.lang.Object java.lang.invoke.DirectMethodHandle$Holder.newInvokeSpecial(java.lang.Object, java.lang.Object, int)'> (0x0000000623568870) 
thrown [t:\workspace\open\src\hotspot\share\interpreter\linkResolver.cpp, line 766]
Event: 0.196 Thread 0x0000017bfe9f3e30 Exception <a 'java/lang/NoSuchMethodError'{0x0000000623577a40}: 'int java.lang.invoke.DirectMethodHandle$Holder.invokeStaticInit(java.lang.Object, java.lang.Object, long, long)'> (0x0000000623577a40) 
thrown [t:\workspace\open\src\hotspot\share\interpreter\linkResolver.cpp, line 766]
Event: 0.197 Thread 0x0000017bfe9f3e30 Exception <a 'java/lang/NoSuchMethodError'{0x000000062357db50}: 'java.lang.Object java.lang.invoke.DirectMethodHandle$Holder.newInvokeSpecial(java.lang.Object, java.lang.Object, long)'> (0x000000062357db50) 
thrown [t:\workspace\open\src\hotspot\share\interpreter\linkResolver.cpp, line 766]
Event: 0.197 Thread 0x0000017bfe9f3e30 Exception <a 'java/lang/NoSuchMethodError'{0x0000000623581b98}: 'java.lang.Object java.lang.invoke.Invokers$Holder.linkToTargetMethod(java.lang.Object, long, java.lang.Object)'> (0x0000000623581b98) 
thrown [t:\workspace\open\src\hotspot\share\interpreter\linkResolver.cpp, line 766]
Event: 0.198 Thread 0x0000017bfe9f3e30 Exception <a 'java/lang/NoSuchMethodError'{0x00000006235892b0}: 'int java.lang.invoke.DirectMethodHandle$Holder.invokeStaticInit(java.lang.Object, java.lang.Object, java.lang.Object, long)'> (0x00000006235892b0) 
thrown [t:\workspace\open\src\hotspot\share\interpreter\linkResolver.cpp, line 766]
Event: 0.216 Thread 0x0000017bfe9f3e30 Exception <a 'sun/nio/fs/WindowsException'{0x000000062362ea20}> (0x000000062362ea20) 
thrown [t:\workspace\open\src\hotspot\share\prims\jni.cpp, line 516]
Event: 0.216 Thread 0x0000017bfe9f3e30 Exception <a 'sun/nio/fs/WindowsException'{0x000000062362ed98}> (0x000000062362ed98) 
thrown [t:\workspace\open\src\hotspot\share\prims\jni.cpp, line 516]
Event: 0.663 Thread 0x0000017bfe9f3e30 Exception <a 'sun/nio/fs/WindowsException'{0x00000006236ad368}> (0x00000006236ad368) 
thrown [t:\workspace\open\src\hotspot\share\prims\jni.cpp, line 516]
Event: 0.663 Thread 0x0000017bfe9f3e30 Exception <a 'sun/nio/fs/WindowsException'{0x00000006236ad718}> (0x00000006236ad718) 
thrown [t:\workspace\open\src\hotspot\share\prims\jni.cpp, line 516]
Event: 0.666 Thread 0x0000017bfe9f3e30 Exception <a 'sun/nio/fs/WindowsException'{0x00000006236b6490}> (0x00000006236b6490) 
thrown [t:\workspace\open\src\hotspot\share\prims\jni.cpp, line 516]
Event: 0.666 Thread 0x0000017bfe9f3e30 Exception <a 'sun/nio/fs/WindowsException'{0x00000006236b6780}> (0x00000006236b6780) 
thrown [t:\workspace\open\src\hotspot\share\prims\jni.cpp, line 516]
Event: 0.773 Thread 0x0000017bfe9f3e30 Exception <a 'java/lang/ClassNotFoundException'{0x0000000623198af8}: sun/awt/resources/spi/awtProvider> (0x0000000623198af8) 
thrown [t:\workspace\open\src\hotspot\share\classfile\systemDictionary.cpp, line 256]
Event: 0.787 Thread 0x0000017bfe9f3e30 Exception <a 'java/io/FileNotFoundException'{0x00000006231e5e60}> (0x00000006231e5e60) 
thrown [t:\workspace\open\src\hotspot\share\prims\jni.cpp, line 516]
Event: 0.792 Thread 0x0000017bfe9f3e30 Exception <a 'java/io/FileNotFoundException'{0x0000000623213178}> (0x0000000623213178) 
thrown [t:\workspace\open\src\hotspot\share\prims\jni.cpp, line 516]
Event: 0.814 Thread 0x0000017bfe9f3e30 Exception <a 'java/lang/NoSuchMethodError'{0x00000006232884d0}: 'java.lang.Object java.lang.invoke.DirectMethodHandle$Holder.invokeStaticInit(java.lang.Object, int, int, int, int)'> (0x00000006232884d0) 
thrown [t:\workspace\open\src\hotspot\share\interpreter\linkResolver.cpp, line 766]
Event: 0.845 Thread 0x0000017bfe9f3e30 Exception <a 'java/lang/NoSuchMethodError'{0x000000062331d5f8}: 'java.lang.Object java.lang.invoke.DirectMethodHandle$Holder.invokeStaticInit(java.lang.Object, java.lang.Object, int, int, int, int)'> (0x000000062331d5f8) 
thrown [t:\workspace\open\src\hotspot\share\interpreter\linkResolver.cpp, line 766]

VM Operations (4 events):
Event: 0.062 Executing VM operation: HandshakeAllThreads
Event: 0.062 Executing VM operation: HandshakeAllThreads done
Event: 0.769 Executing VM operation: HandshakeAllThreads
Event: 0.769 Executing VM operation: HandshakeAllThreads done

Events (20 events):
Event: 0.868 loading class java/awt/image/BufferedImage$1 done
Event: 0.868 loading class sun/awt/image/IntegerComponentRaster
Event: 0.869 loading class sun/awt/image/IntegerComponentRaster done
Event: 0.869 loading class java/awt/image/IndexColorModel
Event: 0.869 loading class java/awt/image/IndexColorModel done
Event: 0.869 loading class sun/awt/image/ShortComponentRaster
Event: 0.869 loading class sun/awt/image/ShortComponentRaster done
Event: 0.869 loading class java/awt/image/ColorConvertOp
Event: 0.869 loading class java/awt/image/BufferedImageOp
Event: 0.869 loading class java/awt/image/BufferedImageOp done
Event: 0.869 loading class java/awt/image/RasterOp
Event: 0.869 loading class java/awt/image/RasterOp done
Event: 0.869 loading class java/awt/image/ColorConvertOp done
Event: 0.869 loading class sun/java2d/cmm/lcms/LCMSImageLayout$BandOrder
Event: 0.869 loading class sun/java2d/cmm/lcms/LCMSImageLayout$BandOrder done
Event: 0.869 loading class sun/java2d/cmm/lcms/LCMSImageLayout$1
Event: 0.869 loading class sun/java2d/cmm/lcms/LCMSImageLayout$1 done
Event: 0.927 Thread 0x0000017bb25dd830 Thread added: 0x0000017bb25dd830
Event: 0.943 loading class java/io/FileReader
Event: 0.943 loading class java/io/FileReader done


Dynamic libraries:
0x00007ff73f270000 - 0x00007ff73f280000 	C:\Program Files\Java\jdk-17\bin\java.exe
0x00007ff8556b0000 - 0x00007ff8558a8000 	C:\WINDOWS\SYSTEM32\ntdll.dll
0x00007ff8544a0000 - 0x00007ff85455f000 	C:\WINDOWS\System32\KERNEL32.DLL
0x00007ff853220000 - 0x00007ff8534f2000 	C:\WINDOWS\System32\KERNELBASE.dll
0x00007ff853080000 - 0x00007ff853180000 	C:\WINDOWS\System32\ucrtbase.dll
0x00007ff84a430000 - 0x00007ff84a448000 	C:\Program Files\Java\jdk-17\bin\jli.dll
0x00007ff849540000 - 0x00007ff84955a000 	C:\Program Files\Java\jdk-17\bin\VCRUNTIME140.dll
0x00007ff854e50000 - 0x00007ff854efe000 	C:\WINDOWS\System32\ADVAPI32.dll
0x00007ff853a80000 - 0x00007ff853b1e000 	C:\WINDOWS\System32\msvcrt.dll
0x00007ff854400000 - 0x00007ff85449c000 	C:\WINDOWS\System32\sechost.dll
0x00007ff854000000 - 0x00007ff854125000 	C:\WINDOWS\System32\RPCRT4.dll
0x00007ff855480000 - 0x00007ff855621000 	C:\WINDOWS\System32\USER32.dll
0x00007ff8535b0000 - 0x00007ff8535d2000 	C:\WINDOWS\System32\win32u.dll
0x00007ff83b330000 - 0x00007ff83b5ca000 	C:\WINDOWS\WinSxS\amd64_microsoft.windows.common-controls_6595b64144ccf1df_6.0.19041.1110_none_60b5254171f9507e\COMCTL32.dll
0x00007ff853750000 - 0x00007ff85377b000 	C:\WINDOWS\System32\GDI32.dll
0x00007ff8535e0000 - 0x00007ff8536ef000 	C:\WINDOWS\System32\gdi32full.dll
0x00007ff853180000 - 0x00007ff85321d000 	C:\WINDOWS\System32\msvcp_win.dll
0x00007ff849770000 - 0x00007ff84977a000 	C:\WINDOWS\SYSTEM32\VERSION.dll
0x00007ff855630000 - 0x00007ff855662000 	C:\WINDOWS\System32\IMM32.DLL
0x00007ff84a480000 - 0x00007ff84a48c000 	C:\Program Files\Java\jdk-17\bin\vcruntime140_1.dll
0x00007ff8484d0000 - 0x00007ff84855d000 	C:\Program Files\Java\jdk-17\bin\msvcp140.dll
0x00007ffff7720000 - 0x00007ffff82de000 	C:\Program Files\Java\jdk-17\bin\server\jvm.dll
0x00007ff853a60000 - 0x00007ff853a68000 	C:\WINDOWS\System32\PSAPI.DLL
0x00007ff841010000 - 0x00007ff841019000 	C:\WINDOWS\SYSTEM32\WSOCK32.dll
0x00007ff84ad30000 - 0x00007ff84ad57000 	C:\WINDOWS\SYSTEM32\WINMM.dll
0x00007ff8538b0000 - 0x00007ff85391b000 	C:\WINDOWS\System32\WS2_32.dll
0x00007ff8515b0000 - 0x00007ff8515c2000 	C:\WINDOWS\SYSTEM32\kernel.appcore.dll
0x00007ff84a380000 - 0x00007ff84a38a000 	C:\Program Files\Java\jdk-17\bin\jimage.dll
0x00007ff8512e0000 - 0x00007ff8514c4000 	C:\WINDOWS\SYSTEM32\DBGHELP.DLL
0x00007ff847190000 - 0x00007ff8471c5000 	C:\WINDOWS\SYSTEM32\dbgcore.DLL
0x00007ff852df0000 - 0x00007ff852e72000 	C:\WINDOWS\System32\bcryptPrimitives.dll
0x00007ff848c70000 - 0x00007ff848c7e000 	C:\Program Files\Java\jdk-17\bin\instrument.dll
0x00007ff849510000 - 0x00007ff849535000 	C:\Program Files\Java\jdk-17\bin\java.dll
0x00007ff826380000 - 0x00007ff826456000 	C:\Program Files\Java\jdk-17\bin\svml.dll
0x00007ff8546f0000 - 0x00007ff854e34000 	C:\WINDOWS\System32\SHELL32.dll
0x00007ff850a70000 - 0x00007ff851202000 	C:\WINDOWS\SYSTEM32\windows.storage.dll
0x00007ff853ca0000 - 0x00007ff853ff5000 	C:\WINDOWS\System32\combase.dll
0x00007ff852800000 - 0x00007ff852830000 	C:\WINDOWS\SYSTEM32\Wldp.dll
0x00007ff854640000 - 0x00007ff8546ed000 	C:\WINDOWS\System32\SHCORE.dll
0x00007ff855420000 - 0x00007ff855475000 	C:\WINDOWS\System32\shlwapi.dll
0x00007ff852ce0000 - 0x00007ff852cff000 	C:\WINDOWS\SYSTEM32\profapi.dll
0x00007ff846590000 - 0x00007ff8465a8000 	C:\Program Files\Java\jdk-17\bin\zip.dll
0x00007ff848c30000 - 0x00007ff848c49000 	C:\Program Files\Java\jdk-17\bin\net.dll
0x00007ff84aa30000 - 0x00007ff84ab3c000 	C:\WINDOWS\SYSTEM32\WINHTTP.dll
0x00007ff852560000 - 0x00007ff8525ca000 	C:\WINDOWS\system32\mswsock.dll
0x00007ff847790000 - 0x00007ff8477a5000 	C:\Program Files\Java\jdk-17\bin\nio.dll
0x00007ff8464f0000 - 0x00007ff84650a000 	C:\Users\Justin\AppData\Local\JetBrains\Toolbox\apps\IDEA-U\ch-0\223.8214.52\bin\breakgen64.dll
0x00007ff824b90000 - 0x00007ff824c05000 	C:\Users\Justin\AppData\Local\Temp\lwjglJustin\3.3.1-build-7\lwjgl.dll
0x00007ff818310000 - 0x00007ff818371000 	C:\Users\Justin\AppData\Local\Temp\lwjglJustin\3.3.1-build-7\glfw.dll
0x00007ff826d70000 - 0x00007ff826db5000 	C:\WINDOWS\SYSTEM32\dinput8.dll
0x00007ff8464c0000 - 0x00007ff8464d1000 	C:\WINDOWS\SYSTEM32\xinput1_4.dll
0x00007ff852da0000 - 0x00007ff852dee000 	C:\WINDOWS\System32\cfgmgr32.dll
0x00007ff852b50000 - 0x00007ff852b7c000 	C:\WINDOWS\SYSTEM32\DEVOBJ.dll
0x00007ff850480000 - 0x00007ff8504af000 	C:\WINDOWS\SYSTEM32\dwmapi.dll
0x00007ff833740000 - 0x00007ff833892000 	C:\WINDOWS\SYSTEM32\inputhost.dll
0x00007ff853b20000 - 0x00007ff853bed000 	C:\WINDOWS\System32\OLEAUT32.dll
0x00007ff84b100000 - 0x00007ff84b254000 	C:\WINDOWS\SYSTEM32\wintypes.dll
0x00007ff84c8d0000 - 0x00007ff84c9c2000 	C:\WINDOWS\SYSTEM32\CoreMessaging.dll
0x00007ff850280000 - 0x00007ff850376000 	C:\WINDOWS\SYSTEM32\PROPSYS.dll
0x00007ff84c0f0000 - 0x00007ff84c44e000 	C:\WINDOWS\SYSTEM32\CoreUIComponents.dll
0x00007ff851f00000 - 0x00007ff851f33000 	C:\WINDOWS\SYSTEM32\ntmarta.dll
0x00007ff84cc10000 - 0x00007ff84ccae000 	C:\WINDOWS\system32\uxtheme.dll
0x00007ff8542e0000 - 0x00007ff8543f5000 	C:\WINDOWS\System32\MSCTF.dll
0x00007ff82dbb0000 - 0x00007ff82dcd5000 	C:\WINDOWS\SYSTEM32\opengl32.dll
0x00007ff843b90000 - 0x00007ff843bbc000 	C:\WINDOWS\SYSTEM32\GLU32.dll
0x00007ff855370000 - 0x00007ff85541f000 	C:\WINDOWS\System32\clbcatq.dll
0x00007fffdc530000 - 0x00007fffdf558000 	C:\WINDOWS\System32\DriverStore\FileRepository\nvdm.inf_amd64_f2dee36836562113\nvoglv64.dll
0x00007ff854f00000 - 0x00007ff855368000 	C:\WINDOWS\System32\SETUPAPI.dll
0x00007ff852e80000 - 0x00007ff852ea7000 	C:\WINDOWS\System32\bcrypt.dll
0x00007ff853780000 - 0x00007ff8538aa000 	C:\WINDOWS\System32\ole32.dll
0x00007ff849750000 - 0x00007ff849764000 	C:\WINDOWS\SYSTEM32\WTSAPI32.dll
0x00007ff852770000 - 0x00007ff85277c000 	C:\WINDOWS\SYSTEM32\CRYPTBASE.DLL
0x00007ff852990000 - 0x00007ff8529a2000 	C:\WINDOWS\SYSTEM32\msasn1.dll
0x00007ff8477b0000 - 0x00007ff8477e1000 	C:\WINDOWS\SYSTEM32\cryptnet.dll
0x00007ff852eb0000 - 0x00007ff853006000 	C:\WINDOWS\System32\CRYPT32.dll
0x00007ff847630000 - 0x00007ff847778000 	C:\WINDOWS\SYSTEM32\drvstore.dll
0x00007ff853010000 - 0x00007ff853079000 	C:\WINDOWS\System32\WINTRUST.dll
0x00007ff82d910000 - 0x00007ff82d94b000 	C:\WINDOWS\SYSTEM32\dxcore.dll
0x00007ff852360000 - 0x00007ff8523ab000 	C:\WINDOWS\SYSTEM32\powrprof.dll
0x00007ff8521e0000 - 0x00007ff8521f2000 	C:\WINDOWS\SYSTEM32\UMPDC.dll
0x00007ff851b00000 - 0x00007ff851b64000 	C:\WINDOWS\SYSTEM32\WINSTA.dll
0x00007ff851660000 - 0x00007ff851753000 	C:\WINDOWS\system32\dxgi.dll
0x00007ff84b6c0000 - 0x00007ff84b923000 	C:\WINDOWS\system32\d3d11.dll
0x00007ff81a410000 - 0x00007ff81a4c0000 	C:\WINDOWS\System32\DriverStore\FileRepository\nvdm.inf_amd64_f2dee36836562113\nvldumdx.dll
0x00007ff853c80000 - 0x00007ff853c9d000 	C:\WINDOWS\System32\imagehlp.dll
0x00007ff852750000 - 0x00007ff852768000 	C:\WINDOWS\SYSTEM32\CRYPTSP.dll
0x00007ff851de0000 - 0x00007ff851e14000 	C:\WINDOWS\system32\rsaenh.dll
0x00007fffe7550000 - 0x00007fffe9e99000 	C:\WINDOWS\System32\DriverStore\FileRepository\nvdm.inf_amd64_f2dee36836562113\nvwgf2umx.dll
0x00007ff843e30000 - 0x00007ff844598000 	C:\WINDOWS\SYSTEM32\nvapi64.dll
0x00007ff834ad0000 - 0x00007ff834bc9000 	C:\WINDOWS\SYSTEM32\textinputframework.dll
0x00007ff8495f0000 - 0x00007ff849656000 	C:\WINDOWS\system32\Oleacc.dll
0x00007ff8182b0000 - 0x00007ff81830d000 	C:\Users\Justin\AppData\Local\Temp\lwjglJustin\3.3.1-build-7\lwjgl_opengl.dll
0x00007ff80ea80000 - 0x00007ff80ec0f000 	C:\Program Files\Java\jdk-17\bin\awt.dll
0x00007ff84ca00000 - 0x00007ff84ca91000 	C:\WINDOWS\SYSTEM32\apphelp.dll
0x00007ff852c60000 - 0x00007ff852c8e000 	C:\WINDOWS\SYSTEM32\USERENV.dll
0x00007ff852200000 - 0x00007ff85223b000 	C:\WINDOWS\SYSTEM32\IPHLPAPI.DLL
0x00007ff853a70000 - 0x00007ff853a78000 	C:\WINDOWS\System32\NSI.dll
0x00007ff849490000 - 0x00007ff8494a7000 	C:\WINDOWS\SYSTEM32\dhcpcsvc6.DLL
0x00007ff8493c0000 - 0x00007ff8493dd000 	C:\WINDOWS\SYSTEM32\dhcpcsvc.DLL
0x00007ff852240000 - 0x00007ff85230a000 	C:\WINDOWS\SYSTEM32\DNSAPI.dll
0x00007ff833350000 - 0x00007ff83337d000 	C:\Program Files\Java\jdk-17\bin\javajpeg.dll
0x00007ff8196f0000 - 0x00007ff819731000 	C:\Program Files\Java\jdk-17\bin\lcms.dll

dbghelp: loaded successfully - version: 4.0.5 - missing functions: none
symbol engine: initialized successfully - sym options: 0x614 - pdb path: .;C:\Program Files\Java\jdk-17\bin;C:\WINDOWS\SYSTEM32;C:\WINDOWS\WinSxS\amd64_microsoft.windows.common-controls_6595b64144ccf1df_6.0.19041.1110_none_60b5254171f9507e;C:\Program Files\Java\jdk-17\bin\server;C:\Users\Justin\AppData\Local\JetBrains\Toolbox\apps\IDEA-U\ch-0\223.8214.52\bin;C:\Users\Justin\AppData\Local\Temp\lwjglJustin\3.3.1-build-7;C:\WINDOWS\System32\DriverStore\FileRepository\nvdm.inf_amd64_f2dee36836562113

VM Arguments:
jvm_args: -javaagent:C:\Users\Justin\AppData\Local\JetBrains\Toolbox\apps\IDEA-U\ch-0\223.8214.52\lib\idea_rt.jar=63736:C:\Users\Justin\AppData\Local\JetBrains\Toolbox\apps\IDEA-U\ch-0\223.8214.52\bin -Dfile.encoding=UTF-8 
java_command: projekt.Projekt
java_class_path (initial): C:\Users\Justin\Documents\PROJECTS\Uni\Computergrafik\classes\production\Computergrafik;C:\Users\Justin\Documents\PROJECTS\Uni\Computergrafik\lib\lwjgl.jar;C:\Users\Justin\Documents\PROJECTS\Uni\Computergrafik\lib\lwjgl-glfw.jar;C:\Users\Justin\Documents\PROJECTS\Uni\Computergrafik\lib\lwjgl-opengl.jar;C:\Users\Justin\Documents\PROJECTS\Uni\Computergrafik\lib\lwjgl-javadoc.jar;C:\Users\Justin\Documents\PROJECTS\Uni\Computergrafik\lib\lwjgl-sources.jar;C:\Users\Justin\Documents\PROJECTS\Uni\Computergrafik\lib\lwjgl-glfw-javadoc.jar;C:\Users\Justin\Documents\PROJECTS\Uni\Computergrafik\lib\lwjgl-glfw-sources.jar;C:\Users\Justin\Documents\PROJECTS\Uni\Computergrafik\lib\lwjgl-natives-linux.jar;C:\Users\Justin\Documents\PROJECTS\Uni\Computergrafik\lib\lwjgl-natives-macos.jar;C:\Users\Justin\Documents\PROJECTS\Uni\Computergrafik\lib\lwjgl-opengl-javadoc.jar;C:\Users\Justin\Documents\PROJECTS\Uni\Computergrafik\lib\lwjgl-opengl-sources.jar;C:\Users\Justin\Documents\PROJECTS\Uni\Computergrafik\lib\lwjgl-natives-windows.jar;C:\Users\Justin\Documents\PROJECTS\Uni\Computergrafik\lib\lwjgl-glfw-natives-linux.jar;C:\Users\Justin\Documents\PROJECTS\Uni\Computergrafik\lib\lwjgl-glfw-natives-macos.jar;C:\Users\Justin\Documents\PROJECTS\Uni\Computergrafik\lib\lwjgl-natives-linux-arm32.jar;C:\Users\Justin\Documents\PROJECTS\Uni\Computergrafik\lib\lwjgl-natives-linux-arm64.jar;C:\Users\Justin\Documents\PROJECTS\Uni\Computergrafik\lib\lwjgl-natives-macos-arm64.jar;C:\Users\Justin\Documents\PROJECTS\Uni\Computergrafik\lib\lwjgl-natives-windows-x86.jar;C:\Users\Justin\Documents\PROJECTS\Uni\Computergrafik\lib\lwjgl-glfw-natives-windows.jar;C:\Users\Justin\Documents\PROJECTS\Uni\Computergrafik\lib\lwjgl-opengl-natives-linux.jar;C:\Users\Justin\Documents\PROJECTS\Uni\Computergrafik\lib\lwjgl-opengl-natives-macos.jar;C:\Users\Justin\Documents\PROJECTS\Uni\Computergrafik\lib\lwjgl-natives-windows-arm64.jar;C:\Users\Justin\Documents\PROJECTS\Uni\Computergrafik\li
Launcher Type: SUN_STANDARD

[Global flags]
     intx CICompilerCount                          = 4                                         {product} {ergonomic}
     uint ConcGCThreads                            = 3                                         {product} {ergonomic}
     uint G1ConcRefinementThreads                  = 10                                        {product} {ergonomic}
   size_t G1HeapRegionSize                         = 4194304                                   {product} {ergonomic}
    uintx GCDrainStackTargetSize                   = 64                                        {product} {ergonomic}
   size_t InitialHeapSize                          = 532676608                                 {product} {ergonomic}
   size_t MarkStackSize                            = 4194304                                   {product} {ergonomic}
   size_t MaxHeapSize                              = 8522825728                                {product} {ergonomic}
   size_t MaxNewSize                               = 5112856576                                {product} {ergonomic}
   size_t MinHeapDeltaBytes                        = 4194304                                   {product} {ergonomic}
   size_t MinHeapSize                              = 8388608                                   {product} {ergonomic}
    uintx NonNMethodCodeHeapSize                   = 5839372                                {pd product} {ergonomic}
    uintx NonProfiledCodeHeapSize                  = 122909434                              {pd product} {ergonomic}
    uintx ProfiledCodeHeapSize                     = 122909434                              {pd product} {ergonomic}
    uintx ReservedCodeCacheSize                    = 251658240                              {pd product} {ergonomic}
     bool SegmentedCodeCache                       = true                                      {product} {ergonomic}
   size_t SoftMaxHeapSize                          = 8522825728                             {manageable} {ergonomic}
     bool UseCompressedClassPointers               = true                           {product lp64_product} {ergonomic}
     bool UseCompressedOops                        = true                           {product lp64_product} {ergonomic}
     bool UseG1GC                                  = true                                      {product} {ergonomic}
     bool UseLargePagesIndividualAllocation        = false                                  {pd product} {ergonomic}

Logging:
Log output configuration:
 #0: stdout all=warning uptime,level,tags
 #1: stderr all=off uptime,level,tags

Environment Variables:
PATH=C:\Python310\Scripts\;C:\Python310\;C:\Program Files (x86)\Common Files\Intel\Shared Libraries\redist\intel64_win\compiler;C:\Program Files\Common Files\Oracle\Java\javapath;C:\Program Files (x86)\Common Files\Intel\Shared Files\cpp\bin\Intel64;C:\Program Files (x86)\Common Files\Intel\Shared Libraries\redist\intel64\compiler;C:\Program Files (x86)\Razer Chroma SDK\bin;C:\Program Files\Razer Chroma SDK\bin;C:\Windows\system32;C:\Windows;C:\Windows\System32\Wbem;C:\Windows\System32\WindowsPowerShell\v1.0\;C:\Windows\System32\OpenSSH\;C:\Windows\system32\config\systemprofile\AppData\Local\Microsoft\WindowsApps;C:\WINDOWS\system32;C:\WINDOWS;C:\WINDOWS\System32\Wbem;C:\WINDOWS\System32\WindowsPowerShell\v1.0\;C:\WINDOWS\System32\OpenSSH\;C:\Program Files (x86)\NVIDIA Corporation\PhysX\Common;C:\Program Files (x86)\Intel\Intel(R) Management Engine Components\DAL;C:\Program Files\Intel\Intel(R) Management Engine Components\DAL;C:\WINDOWS\system32;C:\WINDOWS;C:\WINDOWS\System32\Wbem;C:\WINDOWS\System32\WindowsPowerShell\v1.0\;C:\WINDOWS\System32\OpenSSH\;C:\Program Files\dotnet\;C:\Program Files\Git\cmd;C:\Program Files\nodejs\;C:\ProgramData\chocolatey\bin;C:\Program Files\MySQL\MySQL Server 8.0\bin;;C:\Program Files\Docker\Docker\resources\bin;C:\Users\Justin\AppData\Local\Microsoft\WindowsApps;C:\Users\Justin\AppData\Local\Programs\Microsoft VS Code\bin;C:\Users\Justin\AppData\Roaming\npm;C:\Users\Justin\AppData\Local\JetBrains\Toolbox\scripts;
USERNAME=Justin
OS=Windows_NT
PROCESSOR_IDENTIFIER=Intel64 Family 6 Model 158 Stepping 10, GenuineIntel



---------------  S Y S T E M  ---------------

OS:
 Windows 10 , 64 bit Build 19041 (10.0.19041.2364)
OS uptime: 4 days 4:05 hours
Hyper-V role detected

CPU: total 12 (initial active 12) (6 cores per cpu, 2 threads per core) family 6 model 158 stepping 10 microcode 0xf0, cx8, cmov, fxsr, ht, mmx, 3dnowpref, sse, sse2, sse3, ssse3, sse4.1, sse4.2, popcnt, lzcnt, tsc, tscinvbit, avx, avx2, aes, erms, clmul, bmi1, bmi2, adx, fma, vzeroupper, clflush, clflushopt, hv

Memory: 4k page, system-wide physical 32502M (18959M free)
TotalPageFile size 37366M (AvailPageFile size 20038M)
current process WorkingSet (physical memory assigned to process): 122M, peak: 122M
current process commit charge ("private bytes"): 684M, peak: 684M

vm_info: Java HotSpot(TM) 64-Bit Server VM (17+35-LTS-2724) for windows-amd64 JRE (17+35-LTS-2724), built on Aug  5 2021 23:28:28 by "mach5one" with MS VC++ 16.8 (VS2019)

END.
